2025-02-12 15:49:37,284 Could not connect to Redis instance: Connection closed by server. Retrying in 2 seconds...
2025-02-12 19:53:20,839 Could not connect to Redis instance: Connection closed by server. Retrying in 2 seconds...
/home/johnatas/nexforce/env/lib/python3.10/site-packages/pypdf/_crypt_providers/_cryptography.py:32: CryptographyDeprecationWarning: ARC4 has been moved to cryptography.hazmat.decrepit.ciphers.algorithms.ARC4 and will be removed from this module in 48.0.0.
  from cryptography.hazmat.primitives.ciphers.algorithms import AES, ARC4
/home/johnatas/nexforce/env/lib/python3.10/site-packages/pypdf/_crypt_providers/_cryptography.py:32: CryptographyDeprecationWarning: ARC4 has been moved to cryptography.hazmat.decrepit.ciphers.algorithms.ARC4 and will be removed from this module in 48.0.0.
  from cryptography.hazmat.primitives.ciphers.algorithms import AES, ARC4
/home/johnatas/nexforce/env/lib/python3.10/site-packages/pypdf/_crypt_providers/_cryptography.py:32: CryptographyDeprecationWarning: ARC4 has been moved to cryptography.hazmat.decrepit.ciphers.algorithms.ARC4 and will be removed from this module in 48.0.0.
  from cryptography.hazmat.primitives.ciphers.algorithms import AES, ARC4
/home/johnatas/nexforce/env/lib/python3.10/site-packages/pypdf/_crypt_providers/_cryptography.py:32: CryptographyDeprecationWarning: ARC4 has been moved to cryptography.hazmat.decrepit.ciphers.algorithms.ARC4 and will be removed from this module in 48.0.0.
  from cryptography.hazmat.primitives.ciphers.algorithms import AES, ARC4
StartedJobRegistry cleanup: Moving job scheduling_system.localhost||aef4feab-89e9-465f-a34c-b4a0e457e4a7 to FailedJobRegistry (due to AbandonedJobError)
/home/johnatas/nexforce/env/lib/python3.10/site-packages/pypdf/_crypt_providers/_cryptography.py:32: CryptographyDeprecationWarning: ARC4 has been moved to cryptography.hazmat.decrepit.ciphers.algorithms.ARC4 and will be removed from this module in 48.0.0.
  from cryptography.hazmat.primitives.ciphers.algorithms import AES, ARC4
/home/johnatas/nexforce/env/lib/python3.10/site-packages/pypdf/_crypt_providers/_cryptography.py:32: CryptographyDeprecationWarning: ARC4 has been moved to cryptography.hazmat.decrepit.ciphers.algorithms.ARC4 and will be removed from this module in 48.0.0.
  from cryptography.hazmat.primitives.ciphers.algorithms import AES, ARC4
/home/johnatas/nexforce/env/lib/python3.10/site-packages/pypdf/_crypt_providers/_cryptography.py:32: CryptographyDeprecationWarning: ARC4 has been moved to cryptography.hazmat.decrepit.ciphers.algorithms.ARC4 and will be removed from this module in 48.0.0.
  from cryptography.hazmat.primitives.ciphers.algorithms import AES, ARC4
/home/johnatas/nexforce/env/lib/python3.10/site-packages/pypdf/_crypt_providers/_cryptography.py:32: CryptographyDeprecationWarning: ARC4 has been moved to cryptography.hazmat.decrepit.ciphers.algorithms.ARC4 and will be removed from this module in 48.0.0.
  from cryptography.hazmat.primitives.ciphers.algorithms import AES, ARC4
/home/johnatas/nexforce/env/lib/python3.10/site-packages/pypdf/_crypt_providers/_cryptography.py:32: CryptographyDeprecationWarning: ARC4 has been moved to cryptography.hazmat.decrepit.ciphers.algorithms.ARC4 and will be removed from this module in 48.0.0.
  from cryptography.hazmat.primitives.ciphers.algorithms import AES, ARC4
/home/johnatas/nexforce/env/lib/python3.10/site-packages/pypdf/_crypt_providers/_cryptography.py:32: CryptographyDeprecationWarning: ARC4 has been moved to cryptography.hazmat.decrepit.ciphers.algorithms.ARC4 and will be removed from this module in 48.0.0.
  from cryptography.hazmat.primitives.ciphers.algorithms import AES, ARC4
/home/johnatas/nexforce/env/lib/python3.10/site-packages/pypdf/_crypt_providers/_cryptography.py:32: CryptographyDeprecationWarning: ARC4 has been moved to cryptography.hazmat.decrepit.ciphers.algorithms.ARC4 and will be removed from this module in 48.0.0.
  from cryptography.hazmat.primitives.ciphers.algorithms import AES, ARC4
/home/johnatas/nexforce/env/lib/python3.10/site-packages/pypdf/_crypt_providers/_cryptography.py:32: CryptographyDeprecationWarning: ARC4 has been moved to cryptography.hazmat.decrepit.ciphers.algorithms.ARC4 and will be removed from this module in 48.0.0.
  from cryptography.hazmat.primitives.ciphers.algorithms import AES, ARC4
/home/johnatas/nexforce/env/lib/python3.10/site-packages/pypdf/_crypt_providers/_cryptography.py:32: CryptographyDeprecationWarning: ARC4 has been moved to cryptography.hazmat.decrepit.ciphers.algorithms.ARC4 and will be removed from this module in 48.0.0.
  from cryptography.hazmat.primitives.ciphers.algorithms import AES, ARC4
/home/johnatas/nexforce/env/lib/python3.10/site-packages/pypdf/_crypt_providers/_cryptography.py:32: CryptographyDeprecationWarning: ARC4 has been moved to cryptography.hazmat.decrepit.ciphers.algorithms.ARC4 and will be removed from this module in 48.0.0.
  from cryptography.hazmat.primitives.ciphers.algorithms import AES, ARC4
/home/johnatas/nexforce/env/lib/python3.10/site-packages/pypdf/_crypt_providers/_cryptography.py:32: CryptographyDeprecationWarning: ARC4 has been moved to cryptography.hazmat.decrepit.ciphers.algorithms.ARC4 and will be removed from this module in 48.0.0.
  from cryptography.hazmat.primitives.ciphers.algorithms import AES, ARC4
/home/johnatas/nexforce/env/lib/python3.10/site-packages/pypdf/_crypt_providers/_cryptography.py:32: CryptographyDeprecationWarning: ARC4 has been moved to cryptography.hazmat.decrepit.ciphers.algorithms.ARC4 and will be removed from this module in 48.0.0.
  from cryptography.hazmat.primitives.ciphers.algorithms import AES, ARC4
/home/johnatas/nexforce/env/lib/python3.10/site-packages/pypdf/_crypt_providers/_cryptography.py:32: CryptographyDeprecationWarning: ARC4 has been moved to cryptography.hazmat.decrepit.ciphers.algorithms.ARC4 and will be removed from this module in 48.0.0.
  from cryptography.hazmat.primitives.ciphers.algorithms import AES, ARC4
/home/johnatas/nexforce/env/lib/python3.10/site-packages/pypdf/_crypt_providers/_cryptography.py:32: CryptographyDeprecationWarning: ARC4 has been moved to cryptography.hazmat.decrepit.ciphers.algorithms.ARC4 and will be removed from this module in 48.0.0.
  from cryptography.hazmat.primitives.ciphers.algorithms import AES, ARC4
/home/johnatas/nexforce/env/lib/python3.10/site-packages/pypdf/_crypt_providers/_cryptography.py:32: CryptographyDeprecationWarning: ARC4 has been moved to cryptography.hazmat.decrepit.ciphers.algorithms.ARC4 and will be removed from this module in 48.0.0.
  from cryptography.hazmat.primitives.ciphers.algorithms import AES, ARC4
/home/johnatas/nexforce/env/lib/python3.10/site-packages/pypdf/_crypt_providers/_cryptography.py:32: CryptographyDeprecationWarning: ARC4 has been moved to cryptography.hazmat.decrepit.ciphers.algorithms.ARC4 and will be removed from this module in 48.0.0.
  from cryptography.hazmat.primitives.ciphers.algorithms import AES, ARC4
/home/johnatas/nexforce/env/lib/python3.10/site-packages/pypdf/_crypt_providers/_cryptography.py:32: CryptographyDeprecationWarning: ARC4 has been moved to cryptography.hazmat.decrepit.ciphers.algorithms.ARC4 and will be removed from this module in 48.0.0.
  from cryptography.hazmat.primitives.ciphers.algorithms import AES, ARC4
/home/johnatas/nexforce/env/lib/python3.10/site-packages/pypdf/_crypt_providers/_cryptography.py:32: CryptographyDeprecationWarning: ARC4 has been moved to cryptography.hazmat.decrepit.ciphers.algorithms.ARC4 and will be removed from this module in 48.0.0.
  from cryptography.hazmat.primitives.ciphers.algorithms import AES, ARC4
/home/johnatas/nexforce/env/lib/python3.10/site-packages/pypdf/_crypt_providers/_cryptography.py:32: CryptographyDeprecationWarning: ARC4 has been moved to cryptography.hazmat.decrepit.ciphers.algorithms.ARC4 and will be removed from this module in 48.0.0.
  from cryptography.hazmat.primitives.ciphers.algorithms import AES, ARC4
/home/johnatas/nexforce/env/lib/python3.10/site-packages/pypdf/_crypt_providers/_cryptography.py:32: CryptographyDeprecationWarning: ARC4 has been moved to cryptography.hazmat.decrepit.ciphers.algorithms.ARC4 and will be removed from this module in 48.0.0.
  from cryptography.hazmat.primitives.ciphers.algorithms import AES, ARC4
/home/johnatas/nexforce/env/lib/python3.10/site-packages/pypdf/_crypt_providers/_cryptography.py:32: CryptographyDeprecationWarning: ARC4 has been moved to cryptography.hazmat.decrepit.ciphers.algorithms.ARC4 and will be removed from this module in 48.0.0.
  from cryptography.hazmat.primitives.ciphers.algorithms import AES, ARC4
/home/johnatas/nexforce/env/lib/python3.10/site-packages/pypdf/_crypt_providers/_cryptography.py:32: CryptographyDeprecationWarning: ARC4 has been moved to cryptography.hazmat.decrepit.ciphers.algorithms.ARC4 and will be removed from this module in 48.0.0.
  from cryptography.hazmat.primitives.ciphers.algorithms import AES, ARC4
/home/johnatas/nexforce/env/lib/python3.10/site-packages/pypdf/_crypt_providers/_cryptography.py:32: CryptographyDeprecationWarning: ARC4 has been moved to cryptography.hazmat.decrepit.ciphers.algorithms.ARC4 and will be removed from this module in 48.0.0.
  from cryptography.hazmat.primitives.ciphers.algorithms import AES, ARC4
/home/johnatas/nexforce/env/lib/python3.10/site-packages/pypdf/_crypt_providers/_cryptography.py:32: CryptographyDeprecationWarning: ARC4 has been moved to cryptography.hazmat.decrepit.ciphers.algorithms.ARC4 and will be removed from this module in 48.0.0.
  from cryptography.hazmat.primitives.ciphers.algorithms import AES, ARC4
/home/johnatas/nexforce/env/lib/python3.10/site-packages/pypdf/_crypt_providers/_cryptography.py:32: CryptographyDeprecationWarning: ARC4 has been moved to cryptography.hazmat.decrepit.ciphers.algorithms.ARC4 and will be removed from this module in 48.0.0.
  from cryptography.hazmat.primitives.ciphers.algorithms import AES, ARC4
2025-02-13 02:34:19,073 [Job scheduling_system.localhost||88c8becb-bb15-4285-a345-96a24802b8ad]: exception raised while executing (frappe.utils.background_jobs.execute_job)
Traceback (most recent call last):
  File "/home/johnatas/nexforce/env/lib/python3.10/site-packages/rq/worker.py", line 1633, in perform_job
    return_value = job.perform()
  File "/home/johnatas/nexforce/env/lib/python3.10/site-packages/rq/job.py", line 1331, in perform
    self._result = self._execute()
  File "/home/johnatas/nexforce/env/lib/python3.10/site-packages/rq/job.py", line 1365, in _execute
    result = self.func(*self.args, **self.kwargs)
  File "/home/johnatas/nexforce/apps/frappe/frappe/utils/background_jobs.py", line 244, in execute_job
    retval = method(**kwargs)
  File "/home/johnatas/nexforce/apps/frappe/frappe/email/doctype/email_account/email_account.py", line 572, in _disable_broken_incoming_account
    assign_to.add(
  File "/home/johnatas/nexforce/apps/frappe/frappe/utils/typing_validations.py", line 32, in wrapper
    return func(*args, **kwargs)
  File "/home/johnatas/nexforce/apps/frappe/frappe/desk/form/assign_to.py", line 79, in add
    d = frappe.get_doc(
  File "/home/johnatas/nexforce/apps/frappe/frappe/model/document.py", line 123, in wrapper
    return func(self, *args, **kwargs)
  File "/home/johnatas/nexforce/apps/frappe/frappe/model/document.py", line 400, in insert
    self._validate()
  File "/home/johnatas/nexforce/apps/frappe/frappe/model/document.py", line 710, in _validate
    self._validate_length()
  File "/home/johnatas/nexforce/apps/frappe/frappe/model/base_document.py", line 1010, in _validate_length
    for fieldname, value in self.get_valid_dict(ignore_virtual=True).items():
  File "/home/johnatas/nexforce/apps/frappe/frappe/model/base_document.py", line 440, in get_valid_dict
    value = value.__value__()
TypeError: 'NoneType' object is not callable

2025-02-13 02:34:19,497 [Job scheduling_system.localhost||4f026f1a-aba8-4621-b8c6-6501be02af16]: exception raised while executing (frappe.utils.background_jobs.execute_job)
Traceback (most recent call last):
  File "/home/johnatas/nexforce/env/lib/python3.10/site-packages/rq/worker.py", line 1633, in perform_job
    return_value = job.perform()
  File "/home/johnatas/nexforce/env/lib/python3.10/site-packages/rq/job.py", line 1331, in perform
    self._result = self._execute()
  File "/home/johnatas/nexforce/env/lib/python3.10/site-packages/rq/job.py", line 1365, in _execute
    result = self.func(*self.args, **self.kwargs)
  File "/home/johnatas/nexforce/apps/frappe/frappe/utils/background_jobs.py", line 244, in execute_job
    retval = method(**kwargs)
  File "/home/johnatas/nexforce/apps/frappe/frappe/email/doctype/email_account/email_account.py", line 572, in _disable_broken_incoming_account
    assign_to.add(
  File "/home/johnatas/nexforce/apps/frappe/frappe/utils/typing_validations.py", line 32, in wrapper
    return func(*args, **kwargs)
  File "/home/johnatas/nexforce/apps/frappe/frappe/desk/form/assign_to.py", line 79, in add
    d = frappe.get_doc(
  File "/home/johnatas/nexforce/apps/frappe/frappe/model/document.py", line 123, in wrapper
    return func(self, *args, **kwargs)
  File "/home/johnatas/nexforce/apps/frappe/frappe/model/document.py", line 400, in insert
    self._validate()
  File "/home/johnatas/nexforce/apps/frappe/frappe/model/document.py", line 710, in _validate
    self._validate_length()
  File "/home/johnatas/nexforce/apps/frappe/frappe/model/base_document.py", line 1010, in _validate_length
    for fieldname, value in self.get_valid_dict(ignore_virtual=True).items():
  File "/home/johnatas/nexforce/apps/frappe/frappe/model/base_document.py", line 440, in get_valid_dict
    value = value.__value__()
TypeError: 'NoneType' object is not callable

/home/johnatas/nexforce/env/lib/python3.10/site-packages/pypdf/_crypt_providers/_cryptography.py:32: CryptographyDeprecationWarning: ARC4 has been moved to cryptography.hazmat.decrepit.ciphers.algorithms.ARC4 and will be removed from this module in 48.0.0.
  from cryptography.hazmat.primitives.ciphers.algorithms import AES, ARC4
/home/johnatas/nexforce/env/lib/python3.10/site-packages/pypdf/_crypt_providers/_cryptography.py:32: CryptographyDeprecationWarning: ARC4 has been moved to cryptography.hazmat.decrepit.ciphers.algorithms.ARC4 and will be removed from this module in 48.0.0.
  from cryptography.hazmat.primitives.ciphers.algorithms import AES, ARC4
2025-02-13 12:23:26,252 [Job scheduling_system.localhost||811beb71-f173-464f-a4a0-a2fc880e36b5]: exception raised while executing (frappe.utils.background_jobs.execute_job)
Traceback (most recent call last):
  File "/home/johnatas/nexforce/env/lib/python3.10/site-packages/rq/worker.py", line 1633, in perform_job
    return_value = job.perform()
  File "/home/johnatas/nexforce/env/lib/python3.10/site-packages/rq/job.py", line 1331, in perform
    self._result = self._execute()
  File "/home/johnatas/nexforce/env/lib/python3.10/site-packages/rq/job.py", line 1365, in _execute
    result = self.func(*self.args, **self.kwargs)
  File "/home/johnatas/nexforce/apps/frappe/frappe/utils/background_jobs.py", line 244, in execute_job
    retval = method(**kwargs)
  File "/home/johnatas/nexforce/apps/frappe/frappe/email/doctype/email_account/email_account.py", line 572, in _disable_broken_incoming_account
    assign_to.add(
  File "/home/johnatas/nexforce/apps/frappe/frappe/utils/typing_validations.py", line 32, in wrapper
    return func(*args, **kwargs)
  File "/home/johnatas/nexforce/apps/frappe/frappe/desk/form/assign_to.py", line 79, in add
    d = frappe.get_doc(
  File "/home/johnatas/nexforce/apps/frappe/frappe/model/document.py", line 123, in wrapper
    return func(self, *args, **kwargs)
  File "/home/johnatas/nexforce/apps/frappe/frappe/model/document.py", line 400, in insert
    self._validate()
  File "/home/johnatas/nexforce/apps/frappe/frappe/model/document.py", line 710, in _validate
    self._validate_length()
  File "/home/johnatas/nexforce/apps/frappe/frappe/model/base_document.py", line 1010, in _validate_length
    for fieldname, value in self.get_valid_dict(ignore_virtual=True).items():
  File "/home/johnatas/nexforce/apps/frappe/frappe/model/base_document.py", line 440, in get_valid_dict
    value = value.__value__()
TypeError: 'NoneType' object is not callable

2025-02-13 12:23:26,884 [Job scheduling_system.localhost||4db48488-033a-4793-9760-a755716993d7]: exception raised while executing (frappe.utils.background_jobs.execute_job)
Traceback (most recent call last):
  File "/home/johnatas/nexforce/env/lib/python3.10/site-packages/rq/worker.py", line 1633, in perform_job
    return_value = job.perform()
  File "/home/johnatas/nexforce/env/lib/python3.10/site-packages/rq/job.py", line 1331, in perform
    self._result = self._execute()
  File "/home/johnatas/nexforce/env/lib/python3.10/site-packages/rq/job.py", line 1365, in _execute
    result = self.func(*self.args, **self.kwargs)
  File "/home/johnatas/nexforce/apps/frappe/frappe/utils/background_jobs.py", line 244, in execute_job
    retval = method(**kwargs)
  File "/home/johnatas/nexforce/apps/frappe/frappe/email/doctype/email_account/email_account.py", line 572, in _disable_broken_incoming_account
    assign_to.add(
  File "/home/johnatas/nexforce/apps/frappe/frappe/utils/typing_validations.py", line 32, in wrapper
    return func(*args, **kwargs)
  File "/home/johnatas/nexforce/apps/frappe/frappe/desk/form/assign_to.py", line 79, in add
    d = frappe.get_doc(
  File "/home/johnatas/nexforce/apps/frappe/frappe/model/document.py", line 123, in wrapper
    return func(self, *args, **kwargs)
  File "/home/johnatas/nexforce/apps/frappe/frappe/model/document.py", line 400, in insert
    self._validate()
  File "/home/johnatas/nexforce/apps/frappe/frappe/model/document.py", line 710, in _validate
    self._validate_length()
  File "/home/johnatas/nexforce/apps/frappe/frappe/model/base_document.py", line 1010, in _validate_length
    for fieldname, value in self.get_valid_dict(ignore_virtual=True).items():
  File "/home/johnatas/nexforce/apps/frappe/frappe/model/base_document.py", line 440, in get_valid_dict
    value = value.__value__()
TypeError: 'NoneType' object is not callable

/home/johnatas/nexforce/env/lib/python3.10/site-packages/pypdf/_crypt_providers/_cryptography.py:32: CryptographyDeprecationWarning: ARC4 has been moved to cryptography.hazmat.decrepit.ciphers.algorithms.ARC4 and will be removed from this module in 48.0.0.
  from cryptography.hazmat.primitives.ciphers.algorithms import AES, ARC4
2025-02-13 12:27:22,971 [Job scheduling_system.localhost||e47503d4-a0d1-4704-adc6-83856582527a]: exception raised while executing (frappe.utils.background_jobs.execute_job)
Traceback (most recent call last):
  File "/home/johnatas/nexforce/env/lib/python3.10/site-packages/rq/worker.py", line 1633, in perform_job
    return_value = job.perform()
  File "/home/johnatas/nexforce/env/lib/python3.10/site-packages/rq/job.py", line 1331, in perform
    self._result = self._execute()
  File "/home/johnatas/nexforce/env/lib/python3.10/site-packages/rq/job.py", line 1365, in _execute
    result = self.func(*self.args, **self.kwargs)
  File "/home/johnatas/nexforce/apps/frappe/frappe/utils/background_jobs.py", line 244, in execute_job
    retval = method(**kwargs)
  File "/home/johnatas/nexforce/apps/frappe/frappe/email/doctype/email_account/email_account.py", line 572, in _disable_broken_incoming_account
    assign_to.add(
  File "/home/johnatas/nexforce/apps/frappe/frappe/utils/typing_validations.py", line 32, in wrapper
    return func(*args, **kwargs)
  File "/home/johnatas/nexforce/apps/frappe/frappe/desk/form/assign_to.py", line 79, in add
    d = frappe.get_doc(
  File "/home/johnatas/nexforce/apps/frappe/frappe/model/document.py", line 123, in wrapper
    return func(self, *args, **kwargs)
  File "/home/johnatas/nexforce/apps/frappe/frappe/model/document.py", line 400, in insert
    self._validate()
  File "/home/johnatas/nexforce/apps/frappe/frappe/model/document.py", line 710, in _validate
    self._validate_length()
  File "/home/johnatas/nexforce/apps/frappe/frappe/model/base_document.py", line 1010, in _validate_length
    for fieldname, value in self.get_valid_dict(ignore_virtual=True).items():
  File "/home/johnatas/nexforce/apps/frappe/frappe/model/base_document.py", line 440, in get_valid_dict
    value = value.__value__()
TypeError: 'NoneType' object is not callable

2025-02-13 12:27:23,174 [Job scheduling_system.localhost||580fb486-f0d3-4a65-ae1b-33d1353ada30]: exception raised while executing (frappe.utils.background_jobs.execute_job)
Traceback (most recent call last):
  File "/home/johnatas/nexforce/env/lib/python3.10/site-packages/rq/worker.py", line 1633, in perform_job
    return_value = job.perform()
  File "/home/johnatas/nexforce/env/lib/python3.10/site-packages/rq/job.py", line 1331, in perform
    self._result = self._execute()
  File "/home/johnatas/nexforce/env/lib/python3.10/site-packages/rq/job.py", line 1365, in _execute
    result = self.func(*self.args, **self.kwargs)
  File "/home/johnatas/nexforce/apps/frappe/frappe/utils/background_jobs.py", line 244, in execute_job
    retval = method(**kwargs)
  File "/home/johnatas/nexforce/apps/frappe/frappe/email/doctype/email_account/email_account.py", line 572, in _disable_broken_incoming_account
    assign_to.add(
  File "/home/johnatas/nexforce/apps/frappe/frappe/utils/typing_validations.py", line 32, in wrapper
    return func(*args, **kwargs)
  File "/home/johnatas/nexforce/apps/frappe/frappe/desk/form/assign_to.py", line 79, in add
    d = frappe.get_doc(
  File "/home/johnatas/nexforce/apps/frappe/frappe/model/document.py", line 123, in wrapper
    return func(self, *args, **kwargs)
  File "/home/johnatas/nexforce/apps/frappe/frappe/model/document.py", line 400, in insert
    self._validate()
  File "/home/johnatas/nexforce/apps/frappe/frappe/model/document.py", line 710, in _validate
    self._validate_length()
  File "/home/johnatas/nexforce/apps/frappe/frappe/model/base_document.py", line 1010, in _validate_length
    for fieldname, value in self.get_valid_dict(ignore_virtual=True).items():
  File "/home/johnatas/nexforce/apps/frappe/frappe/model/base_document.py", line 440, in get_valid_dict
    value = value.__value__()
TypeError: 'NoneType' object is not callable

/home/johnatas/nexforce/env/lib/python3.10/site-packages/pypdf/_crypt_providers/_cryptography.py:32: CryptographyDeprecationWarning: ARC4 has been moved to cryptography.hazmat.decrepit.ciphers.algorithms.ARC4 and will be removed from this module in 48.0.0.
  from cryptography.hazmat.primitives.ciphers.algorithms import AES, ARC4
/home/johnatas/nexforce/env/lib/python3.10/site-packages/pypdf/_crypt_providers/_cryptography.py:32: CryptographyDeprecationWarning: ARC4 has been moved to cryptography.hazmat.decrepit.ciphers.algorithms.ARC4 and will be removed from this module in 48.0.0.
  from cryptography.hazmat.primitives.ciphers.algorithms import AES, ARC4
2025-02-13 12:34:15,538 [Job scheduling_system.localhost||d57a0439-2a86-4b65-bc9b-42c10ed9621d]: exception raised while executing (frappe.utils.background_jobs.execute_job)
Traceback (most recent call last):
  File "/home/johnatas/nexforce/env/lib/python3.10/site-packages/rq/worker.py", line 1633, in perform_job
    return_value = job.perform()
  File "/home/johnatas/nexforce/env/lib/python3.10/site-packages/rq/job.py", line 1331, in perform
    self._result = self._execute()
  File "/home/johnatas/nexforce/env/lib/python3.10/site-packages/rq/job.py", line 1365, in _execute
    result = self.func(*self.args, **self.kwargs)
  File "/home/johnatas/nexforce/apps/frappe/frappe/utils/background_jobs.py", line 244, in execute_job
    retval = method(**kwargs)
  File "/home/johnatas/nexforce/apps/frappe/frappe/email/doctype/email_account/email_account.py", line 572, in _disable_broken_incoming_account
    assign_to.add(
  File "/home/johnatas/nexforce/apps/frappe/frappe/utils/typing_validations.py", line 32, in wrapper
    return func(*args, **kwargs)
  File "/home/johnatas/nexforce/apps/frappe/frappe/desk/form/assign_to.py", line 79, in add
    d = frappe.get_doc(
  File "/home/johnatas/nexforce/apps/frappe/frappe/model/document.py", line 123, in wrapper
    return func(self, *args, **kwargs)
  File "/home/johnatas/nexforce/apps/frappe/frappe/model/document.py", line 400, in insert
    self._validate()
  File "/home/johnatas/nexforce/apps/frappe/frappe/model/document.py", line 710, in _validate
    self._validate_length()
  File "/home/johnatas/nexforce/apps/frappe/frappe/model/base_document.py", line 1010, in _validate_length
    for fieldname, value in self.get_valid_dict(ignore_virtual=True).items():
  File "/home/johnatas/nexforce/apps/frappe/frappe/model/base_document.py", line 440, in get_valid_dict
    value = value.__value__()
TypeError: 'NoneType' object is not callable

2025-02-13 12:34:15,728 [Job scheduling_system.localhost||4b60bde0-57f2-4a11-b07b-3c62a52f57ef]: exception raised while executing (frappe.utils.background_jobs.execute_job)
Traceback (most recent call last):
  File "/home/johnatas/nexforce/env/lib/python3.10/site-packages/rq/worker.py", line 1633, in perform_job
    return_value = job.perform()
  File "/home/johnatas/nexforce/env/lib/python3.10/site-packages/rq/job.py", line 1331, in perform
    self._result = self._execute()
  File "/home/johnatas/nexforce/env/lib/python3.10/site-packages/rq/job.py", line 1365, in _execute
    result = self.func(*self.args, **self.kwargs)
  File "/home/johnatas/nexforce/apps/frappe/frappe/utils/background_jobs.py", line 244, in execute_job
    retval = method(**kwargs)
  File "/home/johnatas/nexforce/apps/frappe/frappe/email/doctype/email_account/email_account.py", line 572, in _disable_broken_incoming_account
    assign_to.add(
  File "/home/johnatas/nexforce/apps/frappe/frappe/utils/typing_validations.py", line 32, in wrapper
    return func(*args, **kwargs)
  File "/home/johnatas/nexforce/apps/frappe/frappe/desk/form/assign_to.py", line 79, in add
    d = frappe.get_doc(
  File "/home/johnatas/nexforce/apps/frappe/frappe/model/document.py", line 123, in wrapper
    return func(self, *args, **kwargs)
  File "/home/johnatas/nexforce/apps/frappe/frappe/model/document.py", line 400, in insert
    self._validate()
  File "/home/johnatas/nexforce/apps/frappe/frappe/model/document.py", line 710, in _validate
    self._validate_length()
  File "/home/johnatas/nexforce/apps/frappe/frappe/model/base_document.py", line 1010, in _validate_length
    for fieldname, value in self.get_valid_dict(ignore_virtual=True).items():
  File "/home/johnatas/nexforce/apps/frappe/frappe/model/base_document.py", line 440, in get_valid_dict
    value = value.__value__()
TypeError: 'NoneType' object is not callable

/home/johnatas/nexforce/env/lib/python3.10/site-packages/pypdf/_crypt_providers/_cryptography.py:32: CryptographyDeprecationWarning: ARC4 has been moved to cryptography.hazmat.decrepit.ciphers.algorithms.ARC4 and will be removed from this module in 48.0.0.
  from cryptography.hazmat.primitives.ciphers.algorithms import AES, ARC4
/home/johnatas/nexforce/env/lib/python3.10/site-packages/pypdf/_crypt_providers/_cryptography.py:32: CryptographyDeprecationWarning: ARC4 has been moved to cryptography.hazmat.decrepit.ciphers.algorithms.ARC4 and will be removed from this module in 48.0.0.
  from cryptography.hazmat.primitives.ciphers.algorithms import AES, ARC4
2025-02-13 12:42:11,578 [Job scheduling_system.localhost||e15f8c68-ea8a-4a12-a961-a3095ee22f1a]: exception raised while executing (frappe.utils.background_jobs.execute_job)
Traceback (most recent call last):
  File "/home/johnatas/nexforce/env/lib/python3.10/site-packages/rq/worker.py", line 1633, in perform_job
    return_value = job.perform()
  File "/home/johnatas/nexforce/env/lib/python3.10/site-packages/rq/job.py", line 1331, in perform
    self._result = self._execute()
  File "/home/johnatas/nexforce/env/lib/python3.10/site-packages/rq/job.py", line 1365, in _execute
    result = self.func(*self.args, **self.kwargs)
  File "/home/johnatas/nexforce/apps/frappe/frappe/utils/background_jobs.py", line 244, in execute_job
    retval = method(**kwargs)
  File "/home/johnatas/nexforce/apps/frappe/frappe/email/doctype/email_account/email_account.py", line 572, in _disable_broken_incoming_account
    assign_to.add(
  File "/home/johnatas/nexforce/apps/frappe/frappe/utils/typing_validations.py", line 32, in wrapper
    return func(*args, **kwargs)
  File "/home/johnatas/nexforce/apps/frappe/frappe/desk/form/assign_to.py", line 79, in add
    d = frappe.get_doc(
  File "/home/johnatas/nexforce/apps/frappe/frappe/model/document.py", line 123, in wrapper
    return func(self, *args, **kwargs)
  File "/home/johnatas/nexforce/apps/frappe/frappe/model/document.py", line 400, in insert
    self._validate()
  File "/home/johnatas/nexforce/apps/frappe/frappe/model/document.py", line 710, in _validate
    self._validate_length()
  File "/home/johnatas/nexforce/apps/frappe/frappe/model/base_document.py", line 1010, in _validate_length
    for fieldname, value in self.get_valid_dict(ignore_virtual=True).items():
  File "/home/johnatas/nexforce/apps/frappe/frappe/model/base_document.py", line 440, in get_valid_dict
    value = value.__value__()
TypeError: 'NoneType' object is not callable

2025-02-13 12:42:11,788 [Job scheduling_system.localhost||b6f81e23-76ca-4080-9902-86dc642131c0]: exception raised while executing (frappe.utils.background_jobs.execute_job)
Traceback (most recent call last):
  File "/home/johnatas/nexforce/env/lib/python3.10/site-packages/rq/worker.py", line 1633, in perform_job
    return_value = job.perform()
  File "/home/johnatas/nexforce/env/lib/python3.10/site-packages/rq/job.py", line 1331, in perform
    self._result = self._execute()
  File "/home/johnatas/nexforce/env/lib/python3.10/site-packages/rq/job.py", line 1365, in _execute
    result = self.func(*self.args, **self.kwargs)
  File "/home/johnatas/nexforce/apps/frappe/frappe/utils/background_jobs.py", line 244, in execute_job
    retval = method(**kwargs)
  File "/home/johnatas/nexforce/apps/frappe/frappe/email/doctype/email_account/email_account.py", line 572, in _disable_broken_incoming_account
    assign_to.add(
  File "/home/johnatas/nexforce/apps/frappe/frappe/utils/typing_validations.py", line 32, in wrapper
    return func(*args, **kwargs)
  File "/home/johnatas/nexforce/apps/frappe/frappe/desk/form/assign_to.py", line 79, in add
    d = frappe.get_doc(
  File "/home/johnatas/nexforce/apps/frappe/frappe/model/document.py", line 123, in wrapper
    return func(self, *args, **kwargs)
  File "/home/johnatas/nexforce/apps/frappe/frappe/model/document.py", line 400, in insert
    self._validate()
  File "/home/johnatas/nexforce/apps/frappe/frappe/model/document.py", line 710, in _validate
    self._validate_length()
  File "/home/johnatas/nexforce/apps/frappe/frappe/model/base_document.py", line 1010, in _validate_length
    for fieldname, value in self.get_valid_dict(ignore_virtual=True).items():
  File "/home/johnatas/nexforce/apps/frappe/frappe/model/base_document.py", line 440, in get_valid_dict
    value = value.__value__()
TypeError: 'NoneType' object is not callable

/home/johnatas/nexforce/env/lib/python3.10/site-packages/pypdf/_crypt_providers/_cryptography.py:32: CryptographyDeprecationWarning: ARC4 has been moved to cryptography.hazmat.decrepit.ciphers.algorithms.ARC4 and will be removed from this module in 48.0.0.
  from cryptography.hazmat.primitives.ciphers.algorithms import AES, ARC4
/home/johnatas/nexforce/env/lib/python3.10/site-packages/pypdf/_crypt_providers/_cryptography.py:32: CryptographyDeprecationWarning: ARC4 has been moved to cryptography.hazmat.decrepit.ciphers.algorithms.ARC4 and will be removed from this module in 48.0.0.
  from cryptography.hazmat.primitives.ciphers.algorithms import AES, ARC4
/home/johnatas/nexforce/env/lib/python3.10/site-packages/pypdf/_crypt_providers/_cryptography.py:32: CryptographyDeprecationWarning: ARC4 has been moved to cryptography.hazmat.decrepit.ciphers.algorithms.ARC4 and will be removed from this module in 48.0.0.
  from cryptography.hazmat.primitives.ciphers.algorithms import AES, ARC4
2025-02-13 12:54:13,775 [Job scheduling_system.localhost||65aea10e-74b1-409b-8250-8a397bad89c0]: exception raised while executing (frappe.utils.background_jobs.execute_job)
Traceback (most recent call last):
  File "/home/johnatas/nexforce/env/lib/python3.10/site-packages/rq/worker.py", line 1633, in perform_job
    return_value = job.perform()
  File "/home/johnatas/nexforce/env/lib/python3.10/site-packages/rq/job.py", line 1331, in perform
    self._result = self._execute()
  File "/home/johnatas/nexforce/env/lib/python3.10/site-packages/rq/job.py", line 1365, in _execute
    result = self.func(*self.args, **self.kwargs)
  File "/home/johnatas/nexforce/apps/frappe/frappe/utils/background_jobs.py", line 244, in execute_job
    retval = method(**kwargs)
  File "/home/johnatas/nexforce/apps/frappe/frappe/email/doctype/email_account/email_account.py", line 572, in _disable_broken_incoming_account
    assign_to.add(
  File "/home/johnatas/nexforce/apps/frappe/frappe/utils/typing_validations.py", line 32, in wrapper
    return func(*args, **kwargs)
  File "/home/johnatas/nexforce/apps/frappe/frappe/desk/form/assign_to.py", line 79, in add
    d = frappe.get_doc(
  File "/home/johnatas/nexforce/apps/frappe/frappe/model/document.py", line 123, in wrapper
    return func(self, *args, **kwargs)
  File "/home/johnatas/nexforce/apps/frappe/frappe/model/document.py", line 400, in insert
    self._validate()
  File "/home/johnatas/nexforce/apps/frappe/frappe/model/document.py", line 710, in _validate
    self._validate_length()
  File "/home/johnatas/nexforce/apps/frappe/frappe/model/base_document.py", line 1010, in _validate_length
    for fieldname, value in self.get_valid_dict(ignore_virtual=True).items():
  File "/home/johnatas/nexforce/apps/frappe/frappe/model/base_document.py", line 440, in get_valid_dict
    value = value.__value__()
TypeError: 'NoneType' object is not callable

2025-02-13 12:54:13,971 [Job scheduling_system.localhost||1d167f6c-1ea5-4aca-90c6-325ed9f0e12c]: exception raised while executing (frappe.utils.background_jobs.execute_job)
Traceback (most recent call last):
  File "/home/johnatas/nexforce/env/lib/python3.10/site-packages/rq/worker.py", line 1633, in perform_job
    return_value = job.perform()
  File "/home/johnatas/nexforce/env/lib/python3.10/site-packages/rq/job.py", line 1331, in perform
    self._result = self._execute()
  File "/home/johnatas/nexforce/env/lib/python3.10/site-packages/rq/job.py", line 1365, in _execute
    result = self.func(*self.args, **self.kwargs)
  File "/home/johnatas/nexforce/apps/frappe/frappe/utils/background_jobs.py", line 244, in execute_job
    retval = method(**kwargs)
  File "/home/johnatas/nexforce/apps/frappe/frappe/email/doctype/email_account/email_account.py", line 572, in _disable_broken_incoming_account
    assign_to.add(
  File "/home/johnatas/nexforce/apps/frappe/frappe/utils/typing_validations.py", line 32, in wrapper
    return func(*args, **kwargs)
  File "/home/johnatas/nexforce/apps/frappe/frappe/desk/form/assign_to.py", line 79, in add
    d = frappe.get_doc(
  File "/home/johnatas/nexforce/apps/frappe/frappe/model/document.py", line 123, in wrapper
    return func(self, *args, **kwargs)
  File "/home/johnatas/nexforce/apps/frappe/frappe/model/document.py", line 400, in insert
    self._validate()
  File "/home/johnatas/nexforce/apps/frappe/frappe/model/document.py", line 710, in _validate
    self._validate_length()
  File "/home/johnatas/nexforce/apps/frappe/frappe/model/base_document.py", line 1010, in _validate_length
    for fieldname, value in self.get_valid_dict(ignore_virtual=True).items():
  File "/home/johnatas/nexforce/apps/frappe/frappe/model/base_document.py", line 440, in get_valid_dict
    value = value.__value__()
TypeError: 'NoneType' object is not callable

/home/johnatas/nexforce/env/lib/python3.10/site-packages/pypdf/_crypt_providers/_cryptography.py:32: CryptographyDeprecationWarning: ARC4 has been moved to cryptography.hazmat.decrepit.ciphers.algorithms.ARC4 and will be removed from this module in 48.0.0.
  from cryptography.hazmat.primitives.ciphers.algorithms import AES, ARC4
/home/johnatas/nexforce/env/lib/python3.10/site-packages/pypdf/_crypt_providers/_cryptography.py:32: CryptographyDeprecationWarning: ARC4 has been moved to cryptography.hazmat.decrepit.ciphers.algorithms.ARC4 and will be removed from this module in 48.0.0.
  from cryptography.hazmat.primitives.ciphers.algorithms import AES, ARC4
2025-02-13 13:02:15,438 [Job scheduling_system.localhost||f062b103-deff-447a-9d59-cd004c07d1a3]: exception raised while executing (frappe.utils.background_jobs.execute_job)
Traceback (most recent call last):
  File "/home/johnatas/nexforce/env/lib/python3.10/site-packages/rq/worker.py", line 1633, in perform_job
    return_value = job.perform()
  File "/home/johnatas/nexforce/env/lib/python3.10/site-packages/rq/job.py", line 1331, in perform
    self._result = self._execute()
  File "/home/johnatas/nexforce/env/lib/python3.10/site-packages/rq/job.py", line 1365, in _execute
    result = self.func(*self.args, **self.kwargs)
  File "/home/johnatas/nexforce/apps/frappe/frappe/utils/background_jobs.py", line 244, in execute_job
    retval = method(**kwargs)
  File "/home/johnatas/nexforce/apps/frappe/frappe/email/doctype/email_account/email_account.py", line 572, in _disable_broken_incoming_account
    assign_to.add(
  File "/home/johnatas/nexforce/apps/frappe/frappe/utils/typing_validations.py", line 32, in wrapper
    return func(*args, **kwargs)
  File "/home/johnatas/nexforce/apps/frappe/frappe/desk/form/assign_to.py", line 79, in add
    d = frappe.get_doc(
  File "/home/johnatas/nexforce/apps/frappe/frappe/model/document.py", line 123, in wrapper
    return func(self, *args, **kwargs)
  File "/home/johnatas/nexforce/apps/frappe/frappe/model/document.py", line 400, in insert
    self._validate()
  File "/home/johnatas/nexforce/apps/frappe/frappe/model/document.py", line 710, in _validate
    self._validate_length()
  File "/home/johnatas/nexforce/apps/frappe/frappe/model/base_document.py", line 1010, in _validate_length
    for fieldname, value in self.get_valid_dict(ignore_virtual=True).items():
  File "/home/johnatas/nexforce/apps/frappe/frappe/model/base_document.py", line 440, in get_valid_dict
    value = value.__value__()
TypeError: 'NoneType' object is not callable

2025-02-13 13:02:15,649 [Job scheduling_system.localhost||e174b115-eda3-4bbd-aab9-354279aa4ddf]: exception raised while executing (frappe.utils.background_jobs.execute_job)
Traceback (most recent call last):
  File "/home/johnatas/nexforce/env/lib/python3.10/site-packages/rq/worker.py", line 1633, in perform_job
    return_value = job.perform()
  File "/home/johnatas/nexforce/env/lib/python3.10/site-packages/rq/job.py", line 1331, in perform
    self._result = self._execute()
  File "/home/johnatas/nexforce/env/lib/python3.10/site-packages/rq/job.py", line 1365, in _execute
    result = self.func(*self.args, **self.kwargs)
  File "/home/johnatas/nexforce/apps/frappe/frappe/utils/background_jobs.py", line 244, in execute_job
    retval = method(**kwargs)
  File "/home/johnatas/nexforce/apps/frappe/frappe/email/doctype/email_account/email_account.py", line 572, in _disable_broken_incoming_account
    assign_to.add(
  File "/home/johnatas/nexforce/apps/frappe/frappe/utils/typing_validations.py", line 32, in wrapper
    return func(*args, **kwargs)
  File "/home/johnatas/nexforce/apps/frappe/frappe/desk/form/assign_to.py", line 79, in add
    d = frappe.get_doc(
  File "/home/johnatas/nexforce/apps/frappe/frappe/model/document.py", line 123, in wrapper
    return func(self, *args, **kwargs)
  File "/home/johnatas/nexforce/apps/frappe/frappe/model/document.py", line 400, in insert
    self._validate()
  File "/home/johnatas/nexforce/apps/frappe/frappe/model/document.py", line 710, in _validate
    self._validate_length()
  File "/home/johnatas/nexforce/apps/frappe/frappe/model/base_document.py", line 1010, in _validate_length
    for fieldname, value in self.get_valid_dict(ignore_virtual=True).items():
  File "/home/johnatas/nexforce/apps/frappe/frappe/model/base_document.py", line 440, in get_valid_dict
    value = value.__value__()
TypeError: 'NoneType' object is not callable

/home/johnatas/nexforce/env/lib/python3.10/site-packages/pypdf/_crypt_providers/_cryptography.py:32: CryptographyDeprecationWarning: ARC4 has been moved to cryptography.hazmat.decrepit.ciphers.algorithms.ARC4 and will be removed from this module in 48.0.0.
  from cryptography.hazmat.primitives.ciphers.algorithms import AES, ARC4
/home/johnatas/nexforce/env/lib/python3.10/site-packages/pypdf/_crypt_providers/_cryptography.py:32: CryptographyDeprecationWarning: ARC4 has been moved to cryptography.hazmat.decrepit.ciphers.algorithms.ARC4 and will be removed from this module in 48.0.0.
  from cryptography.hazmat.primitives.ciphers.algorithms import AES, ARC4
/home/johnatas/nexforce/env/lib/python3.10/site-packages/pypdf/_crypt_providers/_cryptography.py:32: CryptographyDeprecationWarning: ARC4 has been moved to cryptography.hazmat.decrepit.ciphers.algorithms.ARC4 and will be removed from this module in 48.0.0.
  from cryptography.hazmat.primitives.ciphers.algorithms import AES, ARC4
2025-02-13 13:14:11,971 [Job scheduling_system.localhost||641a40ee-0c8c-43cc-a095-d751e37d88ff]: exception raised while executing (frappe.utils.background_jobs.execute_job)
Traceback (most recent call last):
  File "/home/johnatas/nexforce/env/lib/python3.10/site-packages/rq/worker.py", line 1633, in perform_job
    return_value = job.perform()
  File "/home/johnatas/nexforce/env/lib/python3.10/site-packages/rq/job.py", line 1331, in perform
    self._result = self._execute()
  File "/home/johnatas/nexforce/env/lib/python3.10/site-packages/rq/job.py", line 1365, in _execute
    result = self.func(*self.args, **self.kwargs)
  File "/home/johnatas/nexforce/apps/frappe/frappe/utils/background_jobs.py", line 244, in execute_job
    retval = method(**kwargs)
  File "/home/johnatas/nexforce/apps/frappe/frappe/email/doctype/email_account/email_account.py", line 572, in _disable_broken_incoming_account
    assign_to.add(
  File "/home/johnatas/nexforce/apps/frappe/frappe/utils/typing_validations.py", line 32, in wrapper
    return func(*args, **kwargs)
  File "/home/johnatas/nexforce/apps/frappe/frappe/desk/form/assign_to.py", line 79, in add
    d = frappe.get_doc(
  File "/home/johnatas/nexforce/apps/frappe/frappe/model/document.py", line 123, in wrapper
    return func(self, *args, **kwargs)
  File "/home/johnatas/nexforce/apps/frappe/frappe/model/document.py", line 400, in insert
    self._validate()
  File "/home/johnatas/nexforce/apps/frappe/frappe/model/document.py", line 710, in _validate
    self._validate_length()
  File "/home/johnatas/nexforce/apps/frappe/frappe/model/base_document.py", line 1010, in _validate_length
    for fieldname, value in self.get_valid_dict(ignore_virtual=True).items():
  File "/home/johnatas/nexforce/apps/frappe/frappe/model/base_document.py", line 440, in get_valid_dict
    value = value.__value__()
TypeError: 'NoneType' object is not callable

2025-02-13 13:14:12,160 [Job scheduling_system.localhost||f3307c86-ee2a-45f9-96e7-3c38cc1c1815]: exception raised while executing (frappe.utils.background_jobs.execute_job)
Traceback (most recent call last):
  File "/home/johnatas/nexforce/env/lib/python3.10/site-packages/rq/worker.py", line 1633, in perform_job
    return_value = job.perform()
  File "/home/johnatas/nexforce/env/lib/python3.10/site-packages/rq/job.py", line 1331, in perform
    self._result = self._execute()
  File "/home/johnatas/nexforce/env/lib/python3.10/site-packages/rq/job.py", line 1365, in _execute
    result = self.func(*self.args, **self.kwargs)
  File "/home/johnatas/nexforce/apps/frappe/frappe/utils/background_jobs.py", line 244, in execute_job
    retval = method(**kwargs)
  File "/home/johnatas/nexforce/apps/frappe/frappe/email/doctype/email_account/email_account.py", line 572, in _disable_broken_incoming_account
    assign_to.add(
  File "/home/johnatas/nexforce/apps/frappe/frappe/utils/typing_validations.py", line 32, in wrapper
    return func(*args, **kwargs)
  File "/home/johnatas/nexforce/apps/frappe/frappe/desk/form/assign_to.py", line 79, in add
    d = frappe.get_doc(
  File "/home/johnatas/nexforce/apps/frappe/frappe/model/document.py", line 123, in wrapper
    return func(self, *args, **kwargs)
  File "/home/johnatas/nexforce/apps/frappe/frappe/model/document.py", line 400, in insert
    self._validate()
  File "/home/johnatas/nexforce/apps/frappe/frappe/model/document.py", line 710, in _validate
    self._validate_length()
  File "/home/johnatas/nexforce/apps/frappe/frappe/model/base_document.py", line 1010, in _validate_length
    for fieldname, value in self.get_valid_dict(ignore_virtual=True).items():
  File "/home/johnatas/nexforce/apps/frappe/frappe/model/base_document.py", line 440, in get_valid_dict
    value = value.__value__()
TypeError: 'NoneType' object is not callable

/home/johnatas/nexforce/env/lib/python3.10/site-packages/pypdf/_crypt_providers/_cryptography.py:32: CryptographyDeprecationWarning: ARC4 has been moved to cryptography.hazmat.decrepit.ciphers.algorithms.ARC4 and will be removed from this module in 48.0.0.
  from cryptography.hazmat.primitives.ciphers.algorithms import AES, ARC4
/home/johnatas/nexforce/env/lib/python3.10/site-packages/pypdf/_crypt_providers/_cryptography.py:32: CryptographyDeprecationWarning: ARC4 has been moved to cryptography.hazmat.decrepit.ciphers.algorithms.ARC4 and will be removed from this module in 48.0.0.
  from cryptography.hazmat.primitives.ciphers.algorithms import AES, ARC4
2025-02-13 13:22:13,199 [Job scheduling_system.localhost||5c1f7048-2c65-4d1e-af19-f79eeb237401]: exception raised while executing (frappe.utils.background_jobs.execute_job)
Traceback (most recent call last):
  File "/home/johnatas/nexforce/env/lib/python3.10/site-packages/rq/worker.py", line 1633, in perform_job
    return_value = job.perform()
  File "/home/johnatas/nexforce/env/lib/python3.10/site-packages/rq/job.py", line 1331, in perform
    self._result = self._execute()
  File "/home/johnatas/nexforce/env/lib/python3.10/site-packages/rq/job.py", line 1365, in _execute
    result = self.func(*self.args, **self.kwargs)
  File "/home/johnatas/nexforce/apps/frappe/frappe/utils/background_jobs.py", line 244, in execute_job
    retval = method(**kwargs)
  File "/home/johnatas/nexforce/apps/frappe/frappe/email/doctype/email_account/email_account.py", line 572, in _disable_broken_incoming_account
    assign_to.add(
  File "/home/johnatas/nexforce/apps/frappe/frappe/utils/typing_validations.py", line 32, in wrapper
    return func(*args, **kwargs)
  File "/home/johnatas/nexforce/apps/frappe/frappe/desk/form/assign_to.py", line 79, in add
    d = frappe.get_doc(
  File "/home/johnatas/nexforce/apps/frappe/frappe/model/document.py", line 123, in wrapper
    return func(self, *args, **kwargs)
  File "/home/johnatas/nexforce/apps/frappe/frappe/model/document.py", line 400, in insert
    self._validate()
  File "/home/johnatas/nexforce/apps/frappe/frappe/model/document.py", line 710, in _validate
    self._validate_length()
  File "/home/johnatas/nexforce/apps/frappe/frappe/model/base_document.py", line 1010, in _validate_length
    for fieldname, value in self.get_valid_dict(ignore_virtual=True).items():
  File "/home/johnatas/nexforce/apps/frappe/frappe/model/base_document.py", line 440, in get_valid_dict
    value = value.__value__()
TypeError: 'NoneType' object is not callable

2025-02-13 13:22:13,407 [Job scheduling_system.localhost||520af888-5679-49b2-940d-188836403048]: exception raised while executing (frappe.utils.background_jobs.execute_job)
Traceback (most recent call last):
  File "/home/johnatas/nexforce/env/lib/python3.10/site-packages/rq/worker.py", line 1633, in perform_job
    return_value = job.perform()
  File "/home/johnatas/nexforce/env/lib/python3.10/site-packages/rq/job.py", line 1331, in perform
    self._result = self._execute()
  File "/home/johnatas/nexforce/env/lib/python3.10/site-packages/rq/job.py", line 1365, in _execute
    result = self.func(*self.args, **self.kwargs)
  File "/home/johnatas/nexforce/apps/frappe/frappe/utils/background_jobs.py", line 244, in execute_job
    retval = method(**kwargs)
  File "/home/johnatas/nexforce/apps/frappe/frappe/email/doctype/email_account/email_account.py", line 572, in _disable_broken_incoming_account
    assign_to.add(
  File "/home/johnatas/nexforce/apps/frappe/frappe/utils/typing_validations.py", line 32, in wrapper
    return func(*args, **kwargs)
  File "/home/johnatas/nexforce/apps/frappe/frappe/desk/form/assign_to.py", line 79, in add
    d = frappe.get_doc(
  File "/home/johnatas/nexforce/apps/frappe/frappe/model/document.py", line 123, in wrapper
    return func(self, *args, **kwargs)
  File "/home/johnatas/nexforce/apps/frappe/frappe/model/document.py", line 400, in insert
    self._validate()
  File "/home/johnatas/nexforce/apps/frappe/frappe/model/document.py", line 710, in _validate
    self._validate_length()
  File "/home/johnatas/nexforce/apps/frappe/frappe/model/base_document.py", line 1010, in _validate_length
    for fieldname, value in self.get_valid_dict(ignore_virtual=True).items():
  File "/home/johnatas/nexforce/apps/frappe/frappe/model/base_document.py", line 440, in get_valid_dict
    value = value.__value__()
TypeError: 'NoneType' object is not callable

/home/johnatas/nexforce/env/lib/python3.10/site-packages/pypdf/_crypt_providers/_cryptography.py:32: CryptographyDeprecationWarning: ARC4 has been moved to cryptography.hazmat.decrepit.ciphers.algorithms.ARC4 and will be removed from this module in 48.0.0.
  from cryptography.hazmat.primitives.ciphers.algorithms import AES, ARC4
/home/johnatas/nexforce/env/lib/python3.10/site-packages/pypdf/_crypt_providers/_cryptography.py:32: CryptographyDeprecationWarning: ARC4 has been moved to cryptography.hazmat.decrepit.ciphers.algorithms.ARC4 and will be removed from this module in 48.0.0.
  from cryptography.hazmat.primitives.ciphers.algorithms import AES, ARC4
/home/johnatas/nexforce/env/lib/python3.10/site-packages/pypdf/_crypt_providers/_cryptography.py:32: CryptographyDeprecationWarning: ARC4 has been moved to cryptography.hazmat.decrepit.ciphers.algorithms.ARC4 and will be removed from this module in 48.0.0.
  from cryptography.hazmat.primitives.ciphers.algorithms import AES, ARC4
2025-02-13 13:34:15,709 [Job scheduling_system.localhost||39210908-b273-424f-b604-e94372bd4aee]: exception raised while executing (frappe.utils.background_jobs.execute_job)
Traceback (most recent call last):
  File "/home/johnatas/nexforce/env/lib/python3.10/site-packages/rq/worker.py", line 1633, in perform_job
    return_value = job.perform()
  File "/home/johnatas/nexforce/env/lib/python3.10/site-packages/rq/job.py", line 1331, in perform
    self._result = self._execute()
  File "/home/johnatas/nexforce/env/lib/python3.10/site-packages/rq/job.py", line 1365, in _execute
    result = self.func(*self.args, **self.kwargs)
  File "/home/johnatas/nexforce/apps/frappe/frappe/utils/background_jobs.py", line 244, in execute_job
    retval = method(**kwargs)
  File "/home/johnatas/nexforce/apps/frappe/frappe/email/doctype/email_account/email_account.py", line 572, in _disable_broken_incoming_account
    assign_to.add(
  File "/home/johnatas/nexforce/apps/frappe/frappe/utils/typing_validations.py", line 32, in wrapper
    return func(*args, **kwargs)
  File "/home/johnatas/nexforce/apps/frappe/frappe/desk/form/assign_to.py", line 79, in add
    d = frappe.get_doc(
  File "/home/johnatas/nexforce/apps/frappe/frappe/model/document.py", line 123, in wrapper
    return func(self, *args, **kwargs)
  File "/home/johnatas/nexforce/apps/frappe/frappe/model/document.py", line 400, in insert
    self._validate()
  File "/home/johnatas/nexforce/apps/frappe/frappe/model/document.py", line 710, in _validate
    self._validate_length()
  File "/home/johnatas/nexforce/apps/frappe/frappe/model/base_document.py", line 1010, in _validate_length
    for fieldname, value in self.get_valid_dict(ignore_virtual=True).items():
  File "/home/johnatas/nexforce/apps/frappe/frappe/model/base_document.py", line 440, in get_valid_dict
    value = value.__value__()
TypeError: 'NoneType' object is not callable

2025-02-13 13:34:15,913 [Job scheduling_system.localhost||c87a7019-4dc6-4d8e-a0e3-3a50636a0686]: exception raised while executing (frappe.utils.background_jobs.execute_job)
Traceback (most recent call last):
  File "/home/johnatas/nexforce/env/lib/python3.10/site-packages/rq/worker.py", line 1633, in perform_job
    return_value = job.perform()
  File "/home/johnatas/nexforce/env/lib/python3.10/site-packages/rq/job.py", line 1331, in perform
    self._result = self._execute()
  File "/home/johnatas/nexforce/env/lib/python3.10/site-packages/rq/job.py", line 1365, in _execute
    result = self.func(*self.args, **self.kwargs)
  File "/home/johnatas/nexforce/apps/frappe/frappe/utils/background_jobs.py", line 244, in execute_job
    retval = method(**kwargs)
  File "/home/johnatas/nexforce/apps/frappe/frappe/email/doctype/email_account/email_account.py", line 572, in _disable_broken_incoming_account
    assign_to.add(
  File "/home/johnatas/nexforce/apps/frappe/frappe/utils/typing_validations.py", line 32, in wrapper
    return func(*args, **kwargs)
  File "/home/johnatas/nexforce/apps/frappe/frappe/desk/form/assign_to.py", line 79, in add
    d = frappe.get_doc(
  File "/home/johnatas/nexforce/apps/frappe/frappe/model/document.py", line 123, in wrapper
    return func(self, *args, **kwargs)
  File "/home/johnatas/nexforce/apps/frappe/frappe/model/document.py", line 400, in insert
    self._validate()
  File "/home/johnatas/nexforce/apps/frappe/frappe/model/document.py", line 710, in _validate
    self._validate_length()
  File "/home/johnatas/nexforce/apps/frappe/frappe/model/base_document.py", line 1010, in _validate_length
    for fieldname, value in self.get_valid_dict(ignore_virtual=True).items():
  File "/home/johnatas/nexforce/apps/frappe/frappe/model/base_document.py", line 440, in get_valid_dict
    value = value.__value__()
TypeError: 'NoneType' object is not callable

/home/johnatas/nexforce/env/lib/python3.10/site-packages/pypdf/_crypt_providers/_cryptography.py:32: CryptographyDeprecationWarning: ARC4 has been moved to cryptography.hazmat.decrepit.ciphers.algorithms.ARC4 and will be removed from this module in 48.0.0.
  from cryptography.hazmat.primitives.ciphers.algorithms import AES, ARC4
/home/johnatas/nexforce/env/lib/python3.10/site-packages/pypdf/_crypt_providers/_cryptography.py:32: CryptographyDeprecationWarning: ARC4 has been moved to cryptography.hazmat.decrepit.ciphers.algorithms.ARC4 and will be removed from this module in 48.0.0.
  from cryptography.hazmat.primitives.ciphers.algorithms import AES, ARC4
2025-02-13 13:42:16,038 [Job scheduling_system.localhost||97cc8b84-404c-462e-aff3-70342c33ffc6]: exception raised while executing (frappe.utils.background_jobs.execute_job)
Traceback (most recent call last):
  File "/home/johnatas/nexforce/env/lib/python3.10/site-packages/rq/worker.py", line 1633, in perform_job
    return_value = job.perform()
  File "/home/johnatas/nexforce/env/lib/python3.10/site-packages/rq/job.py", line 1331, in perform
    self._result = self._execute()
  File "/home/johnatas/nexforce/env/lib/python3.10/site-packages/rq/job.py", line 1365, in _execute
    result = self.func(*self.args, **self.kwargs)
  File "/home/johnatas/nexforce/apps/frappe/frappe/utils/background_jobs.py", line 244, in execute_job
    retval = method(**kwargs)
  File "/home/johnatas/nexforce/apps/frappe/frappe/email/doctype/email_account/email_account.py", line 572, in _disable_broken_incoming_account
    assign_to.add(
  File "/home/johnatas/nexforce/apps/frappe/frappe/utils/typing_validations.py", line 32, in wrapper
    return func(*args, **kwargs)
  File "/home/johnatas/nexforce/apps/frappe/frappe/desk/form/assign_to.py", line 79, in add
    d = frappe.get_doc(
  File "/home/johnatas/nexforce/apps/frappe/frappe/model/document.py", line 123, in wrapper
    return func(self, *args, **kwargs)
  File "/home/johnatas/nexforce/apps/frappe/frappe/model/document.py", line 400, in insert
    self._validate()
  File "/home/johnatas/nexforce/apps/frappe/frappe/model/document.py", line 710, in _validate
    self._validate_length()
  File "/home/johnatas/nexforce/apps/frappe/frappe/model/base_document.py", line 1010, in _validate_length
    for fieldname, value in self.get_valid_dict(ignore_virtual=True).items():
  File "/home/johnatas/nexforce/apps/frappe/frappe/model/base_document.py", line 440, in get_valid_dict
    value = value.__value__()
TypeError: 'NoneType' object is not callable

2025-02-13 13:42:16,220 [Job scheduling_system.localhost||20f890f1-b2d5-4ecc-9cec-fd25e4ce0683]: exception raised while executing (frappe.utils.background_jobs.execute_job)
Traceback (most recent call last):
  File "/home/johnatas/nexforce/env/lib/python3.10/site-packages/rq/worker.py", line 1633, in perform_job
    return_value = job.perform()
  File "/home/johnatas/nexforce/env/lib/python3.10/site-packages/rq/job.py", line 1331, in perform
    self._result = self._execute()
  File "/home/johnatas/nexforce/env/lib/python3.10/site-packages/rq/job.py", line 1365, in _execute
    result = self.func(*self.args, **self.kwargs)
  File "/home/johnatas/nexforce/apps/frappe/frappe/utils/background_jobs.py", line 244, in execute_job
    retval = method(**kwargs)
  File "/home/johnatas/nexforce/apps/frappe/frappe/email/doctype/email_account/email_account.py", line 572, in _disable_broken_incoming_account
    assign_to.add(
  File "/home/johnatas/nexforce/apps/frappe/frappe/utils/typing_validations.py", line 32, in wrapper
    return func(*args, **kwargs)
  File "/home/johnatas/nexforce/apps/frappe/frappe/desk/form/assign_to.py", line 79, in add
    d = frappe.get_doc(
  File "/home/johnatas/nexforce/apps/frappe/frappe/model/document.py", line 123, in wrapper
    return func(self, *args, **kwargs)
  File "/home/johnatas/nexforce/apps/frappe/frappe/model/document.py", line 400, in insert
    self._validate()
  File "/home/johnatas/nexforce/apps/frappe/frappe/model/document.py", line 710, in _validate
    self._validate_length()
  File "/home/johnatas/nexforce/apps/frappe/frappe/model/base_document.py", line 1010, in _validate_length
    for fieldname, value in self.get_valid_dict(ignore_virtual=True).items():
  File "/home/johnatas/nexforce/apps/frappe/frappe/model/base_document.py", line 440, in get_valid_dict
    value = value.__value__()
TypeError: 'NoneType' object is not callable

/home/johnatas/nexforce/env/lib/python3.10/site-packages/pypdf/_crypt_providers/_cryptography.py:32: CryptographyDeprecationWarning: ARC4 has been moved to cryptography.hazmat.decrepit.ciphers.algorithms.ARC4 and will be removed from this module in 48.0.0.
  from cryptography.hazmat.primitives.ciphers.algorithms import AES, ARC4
/home/johnatas/nexforce/env/lib/python3.10/site-packages/pypdf/_crypt_providers/_cryptography.py:32: CryptographyDeprecationWarning: ARC4 has been moved to cryptography.hazmat.decrepit.ciphers.algorithms.ARC4 and will be removed from this module in 48.0.0.
  from cryptography.hazmat.primitives.ciphers.algorithms import AES, ARC4
/home/johnatas/nexforce/env/lib/python3.10/site-packages/pypdf/_crypt_providers/_cryptography.py:32: CryptographyDeprecationWarning: ARC4 has been moved to cryptography.hazmat.decrepit.ciphers.algorithms.ARC4 and will be removed from this module in 48.0.0.
  from cryptography.hazmat.primitives.ciphers.algorithms import AES, ARC4
2025-02-13 13:54:13,144 [Job scheduling_system.localhost||0c63d8c7-93f7-4389-a228-84c88984476f]: exception raised while executing (frappe.utils.background_jobs.execute_job)
Traceback (most recent call last):
  File "/home/johnatas/nexforce/env/lib/python3.10/site-packages/rq/worker.py", line 1633, in perform_job
    return_value = job.perform()
  File "/home/johnatas/nexforce/env/lib/python3.10/site-packages/rq/job.py", line 1331, in perform
    self._result = self._execute()
  File "/home/johnatas/nexforce/env/lib/python3.10/site-packages/rq/job.py", line 1365, in _execute
    result = self.func(*self.args, **self.kwargs)
  File "/home/johnatas/nexforce/apps/frappe/frappe/utils/background_jobs.py", line 244, in execute_job
    retval = method(**kwargs)
  File "/home/johnatas/nexforce/apps/frappe/frappe/email/doctype/email_account/email_account.py", line 572, in _disable_broken_incoming_account
    assign_to.add(
  File "/home/johnatas/nexforce/apps/frappe/frappe/utils/typing_validations.py", line 32, in wrapper
    return func(*args, **kwargs)
  File "/home/johnatas/nexforce/apps/frappe/frappe/desk/form/assign_to.py", line 79, in add
    d = frappe.get_doc(
  File "/home/johnatas/nexforce/apps/frappe/frappe/model/document.py", line 123, in wrapper
    return func(self, *args, **kwargs)
  File "/home/johnatas/nexforce/apps/frappe/frappe/model/document.py", line 400, in insert
    self._validate()
  File "/home/johnatas/nexforce/apps/frappe/frappe/model/document.py", line 710, in _validate
    self._validate_length()
  File "/home/johnatas/nexforce/apps/frappe/frappe/model/base_document.py", line 1010, in _validate_length
    for fieldname, value in self.get_valid_dict(ignore_virtual=True).items():
  File "/home/johnatas/nexforce/apps/frappe/frappe/model/base_document.py", line 440, in get_valid_dict
    value = value.__value__()
TypeError: 'NoneType' object is not callable

2025-02-13 13:54:13,335 [Job scheduling_system.localhost||bb635fa2-48e0-4602-ae81-725f242d2116]: exception raised while executing (frappe.utils.background_jobs.execute_job)
Traceback (most recent call last):
  File "/home/johnatas/nexforce/env/lib/python3.10/site-packages/rq/worker.py", line 1633, in perform_job
    return_value = job.perform()
  File "/home/johnatas/nexforce/env/lib/python3.10/site-packages/rq/job.py", line 1331, in perform
    self._result = self._execute()
  File "/home/johnatas/nexforce/env/lib/python3.10/site-packages/rq/job.py", line 1365, in _execute
    result = self.func(*self.args, **self.kwargs)
  File "/home/johnatas/nexforce/apps/frappe/frappe/utils/background_jobs.py", line 244, in execute_job
    retval = method(**kwargs)
  File "/home/johnatas/nexforce/apps/frappe/frappe/email/doctype/email_account/email_account.py", line 572, in _disable_broken_incoming_account
    assign_to.add(
  File "/home/johnatas/nexforce/apps/frappe/frappe/utils/typing_validations.py", line 32, in wrapper
    return func(*args, **kwargs)
  File "/home/johnatas/nexforce/apps/frappe/frappe/desk/form/assign_to.py", line 79, in add
    d = frappe.get_doc(
  File "/home/johnatas/nexforce/apps/frappe/frappe/model/document.py", line 123, in wrapper
    return func(self, *args, **kwargs)
  File "/home/johnatas/nexforce/apps/frappe/frappe/model/document.py", line 400, in insert
    self._validate()
  File "/home/johnatas/nexforce/apps/frappe/frappe/model/document.py", line 710, in _validate
    self._validate_length()
  File "/home/johnatas/nexforce/apps/frappe/frappe/model/base_document.py", line 1010, in _validate_length
    for fieldname, value in self.get_valid_dict(ignore_virtual=True).items():
  File "/home/johnatas/nexforce/apps/frappe/frappe/model/base_document.py", line 440, in get_valid_dict
    value = value.__value__()
TypeError: 'NoneType' object is not callable

/home/johnatas/nexforce/env/lib/python3.10/site-packages/pypdf/_crypt_providers/_cryptography.py:32: CryptographyDeprecationWarning: ARC4 has been moved to cryptography.hazmat.decrepit.ciphers.algorithms.ARC4 and will be removed from this module in 48.0.0.
  from cryptography.hazmat.primitives.ciphers.algorithms import AES, ARC4
/home/johnatas/nexforce/env/lib/python3.10/site-packages/pypdf/_crypt_providers/_cryptography.py:32: CryptographyDeprecationWarning: ARC4 has been moved to cryptography.hazmat.decrepit.ciphers.algorithms.ARC4 and will be removed from this module in 48.0.0.
  from cryptography.hazmat.primitives.ciphers.algorithms import AES, ARC4
2025-02-13 14:02:15,862 [Job scheduling_system.localhost||e385fee4-47cd-4534-b28a-3fcae306282c]: exception raised while executing (frappe.utils.background_jobs.execute_job)
Traceback (most recent call last):
  File "/home/johnatas/nexforce/env/lib/python3.10/site-packages/rq/worker.py", line 1633, in perform_job
    return_value = job.perform()
  File "/home/johnatas/nexforce/env/lib/python3.10/site-packages/rq/job.py", line 1331, in perform
    self._result = self._execute()
  File "/home/johnatas/nexforce/env/lib/python3.10/site-packages/rq/job.py", line 1365, in _execute
    result = self.func(*self.args, **self.kwargs)
  File "/home/johnatas/nexforce/apps/frappe/frappe/utils/background_jobs.py", line 244, in execute_job
    retval = method(**kwargs)
  File "/home/johnatas/nexforce/apps/frappe/frappe/email/doctype/email_account/email_account.py", line 572, in _disable_broken_incoming_account
    assign_to.add(
  File "/home/johnatas/nexforce/apps/frappe/frappe/utils/typing_validations.py", line 32, in wrapper
    return func(*args, **kwargs)
  File "/home/johnatas/nexforce/apps/frappe/frappe/desk/form/assign_to.py", line 79, in add
    d = frappe.get_doc(
  File "/home/johnatas/nexforce/apps/frappe/frappe/model/document.py", line 123, in wrapper
    return func(self, *args, **kwargs)
  File "/home/johnatas/nexforce/apps/frappe/frappe/model/document.py", line 400, in insert
    self._validate()
  File "/home/johnatas/nexforce/apps/frappe/frappe/model/document.py", line 710, in _validate
    self._validate_length()
  File "/home/johnatas/nexforce/apps/frappe/frappe/model/base_document.py", line 1010, in _validate_length
    for fieldname, value in self.get_valid_dict(ignore_virtual=True).items():
  File "/home/johnatas/nexforce/apps/frappe/frappe/model/base_document.py", line 440, in get_valid_dict
    value = value.__value__()
TypeError: 'NoneType' object is not callable

2025-02-13 14:02:16,049 [Job scheduling_system.localhost||521603a0-0f33-417b-80e7-907276f349e8]: exception raised while executing (frappe.utils.background_jobs.execute_job)
Traceback (most recent call last):
  File "/home/johnatas/nexforce/env/lib/python3.10/site-packages/rq/worker.py", line 1633, in perform_job
    return_value = job.perform()
  File "/home/johnatas/nexforce/env/lib/python3.10/site-packages/rq/job.py", line 1331, in perform
    self._result = self._execute()
  File "/home/johnatas/nexforce/env/lib/python3.10/site-packages/rq/job.py", line 1365, in _execute
    result = self.func(*self.args, **self.kwargs)
  File "/home/johnatas/nexforce/apps/frappe/frappe/utils/background_jobs.py", line 244, in execute_job
    retval = method(**kwargs)
  File "/home/johnatas/nexforce/apps/frappe/frappe/email/doctype/email_account/email_account.py", line 572, in _disable_broken_incoming_account
    assign_to.add(
  File "/home/johnatas/nexforce/apps/frappe/frappe/utils/typing_validations.py", line 32, in wrapper
    return func(*args, **kwargs)
  File "/home/johnatas/nexforce/apps/frappe/frappe/desk/form/assign_to.py", line 79, in add
    d = frappe.get_doc(
  File "/home/johnatas/nexforce/apps/frappe/frappe/model/document.py", line 123, in wrapper
    return func(self, *args, **kwargs)
  File "/home/johnatas/nexforce/apps/frappe/frappe/model/document.py", line 400, in insert
    self._validate()
  File "/home/johnatas/nexforce/apps/frappe/frappe/model/document.py", line 710, in _validate
    self._validate_length()
  File "/home/johnatas/nexforce/apps/frappe/frappe/model/base_document.py", line 1010, in _validate_length
    for fieldname, value in self.get_valid_dict(ignore_virtual=True).items():
  File "/home/johnatas/nexforce/apps/frappe/frappe/model/base_document.py", line 440, in get_valid_dict
    value = value.__value__()
TypeError: 'NoneType' object is not callable

/home/johnatas/nexforce/env/lib/python3.10/site-packages/pypdf/_crypt_providers/_cryptography.py:32: CryptographyDeprecationWarning: ARC4 has been moved to cryptography.hazmat.decrepit.ciphers.algorithms.ARC4 and will be removed from this module in 48.0.0.
  from cryptography.hazmat.primitives.ciphers.algorithms import AES, ARC4
/home/johnatas/nexforce/env/lib/python3.10/site-packages/pypdf/_crypt_providers/_cryptography.py:32: CryptographyDeprecationWarning: ARC4 has been moved to cryptography.hazmat.decrepit.ciphers.algorithms.ARC4 and will be removed from this module in 48.0.0.
  from cryptography.hazmat.primitives.ciphers.algorithms import AES, ARC4
/home/johnatas/nexforce/env/lib/python3.10/site-packages/pypdf/_crypt_providers/_cryptography.py:32: CryptographyDeprecationWarning: ARC4 has been moved to cryptography.hazmat.decrepit.ciphers.algorithms.ARC4 and will be removed from this module in 48.0.0.
  from cryptography.hazmat.primitives.ciphers.algorithms import AES, ARC4
2025-02-13 14:14:16,325 [Job scheduling_system.localhost||2522f235-82ec-4bf7-8165-970b5b3530cc]: exception raised while executing (frappe.utils.background_jobs.execute_job)
Traceback (most recent call last):
  File "/home/johnatas/nexforce/env/lib/python3.10/site-packages/rq/worker.py", line 1633, in perform_job
    return_value = job.perform()
  File "/home/johnatas/nexforce/env/lib/python3.10/site-packages/rq/job.py", line 1331, in perform
    self._result = self._execute()
  File "/home/johnatas/nexforce/env/lib/python3.10/site-packages/rq/job.py", line 1365, in _execute
    result = self.func(*self.args, **self.kwargs)
  File "/home/johnatas/nexforce/apps/frappe/frappe/utils/background_jobs.py", line 244, in execute_job
    retval = method(**kwargs)
  File "/home/johnatas/nexforce/apps/frappe/frappe/email/doctype/email_account/email_account.py", line 572, in _disable_broken_incoming_account
    assign_to.add(
  File "/home/johnatas/nexforce/apps/frappe/frappe/utils/typing_validations.py", line 32, in wrapper
    return func(*args, **kwargs)
  File "/home/johnatas/nexforce/apps/frappe/frappe/desk/form/assign_to.py", line 79, in add
    d = frappe.get_doc(
  File "/home/johnatas/nexforce/apps/frappe/frappe/model/document.py", line 123, in wrapper
    return func(self, *args, **kwargs)
  File "/home/johnatas/nexforce/apps/frappe/frappe/model/document.py", line 400, in insert
    self._validate()
  File "/home/johnatas/nexforce/apps/frappe/frappe/model/document.py", line 710, in _validate
    self._validate_length()
  File "/home/johnatas/nexforce/apps/frappe/frappe/model/base_document.py", line 1010, in _validate_length
    for fieldname, value in self.get_valid_dict(ignore_virtual=True).items():
  File "/home/johnatas/nexforce/apps/frappe/frappe/model/base_document.py", line 440, in get_valid_dict
    value = value.__value__()
TypeError: 'NoneType' object is not callable

2025-02-13 14:14:16,507 [Job scheduling_system.localhost||42ffe467-1ae4-4d80-93b1-db2366b1d1e8]: exception raised while executing (frappe.utils.background_jobs.execute_job)
Traceback (most recent call last):
  File "/home/johnatas/nexforce/env/lib/python3.10/site-packages/rq/worker.py", line 1633, in perform_job
    return_value = job.perform()
  File "/home/johnatas/nexforce/env/lib/python3.10/site-packages/rq/job.py", line 1331, in perform
    self._result = self._execute()
  File "/home/johnatas/nexforce/env/lib/python3.10/site-packages/rq/job.py", line 1365, in _execute
    result = self.func(*self.args, **self.kwargs)
  File "/home/johnatas/nexforce/apps/frappe/frappe/utils/background_jobs.py", line 244, in execute_job
    retval = method(**kwargs)
  File "/home/johnatas/nexforce/apps/frappe/frappe/email/doctype/email_account/email_account.py", line 572, in _disable_broken_incoming_account
    assign_to.add(
  File "/home/johnatas/nexforce/apps/frappe/frappe/utils/typing_validations.py", line 32, in wrapper
    return func(*args, **kwargs)
  File "/home/johnatas/nexforce/apps/frappe/frappe/desk/form/assign_to.py", line 79, in add
    d = frappe.get_doc(
  File "/home/johnatas/nexforce/apps/frappe/frappe/model/document.py", line 123, in wrapper
    return func(self, *args, **kwargs)
  File "/home/johnatas/nexforce/apps/frappe/frappe/model/document.py", line 400, in insert
    self._validate()
  File "/home/johnatas/nexforce/apps/frappe/frappe/model/document.py", line 710, in _validate
    self._validate_length()
  File "/home/johnatas/nexforce/apps/frappe/frappe/model/base_document.py", line 1010, in _validate_length
    for fieldname, value in self.get_valid_dict(ignore_virtual=True).items():
  File "/home/johnatas/nexforce/apps/frappe/frappe/model/base_document.py", line 440, in get_valid_dict
    value = value.__value__()
TypeError: 'NoneType' object is not callable

/home/johnatas/nexforce/env/lib/python3.10/site-packages/pypdf/_crypt_providers/_cryptography.py:32: CryptographyDeprecationWarning: ARC4 has been moved to cryptography.hazmat.decrepit.ciphers.algorithms.ARC4 and will be removed from this module in 48.0.0.
  from cryptography.hazmat.primitives.ciphers.algorithms import AES, ARC4
/home/johnatas/nexforce/env/lib/python3.10/site-packages/pypdf/_crypt_providers/_cryptography.py:32: CryptographyDeprecationWarning: ARC4 has been moved to cryptography.hazmat.decrepit.ciphers.algorithms.ARC4 and will be removed from this module in 48.0.0.
  from cryptography.hazmat.primitives.ciphers.algorithms import AES, ARC4
2025-02-13 14:22:12,479 [Job scheduling_system.localhost||916dd565-9bd6-4553-b962-3cd3a38afebd]: exception raised while executing (frappe.utils.background_jobs.execute_job)
Traceback (most recent call last):
  File "/home/johnatas/nexforce/env/lib/python3.10/site-packages/rq/worker.py", line 1633, in perform_job
    return_value = job.perform()
  File "/home/johnatas/nexforce/env/lib/python3.10/site-packages/rq/job.py", line 1331, in perform
    self._result = self._execute()
  File "/home/johnatas/nexforce/env/lib/python3.10/site-packages/rq/job.py", line 1365, in _execute
    result = self.func(*self.args, **self.kwargs)
  File "/home/johnatas/nexforce/apps/frappe/frappe/utils/background_jobs.py", line 244, in execute_job
    retval = method(**kwargs)
  File "/home/johnatas/nexforce/apps/frappe/frappe/email/doctype/email_account/email_account.py", line 572, in _disable_broken_incoming_account
    assign_to.add(
  File "/home/johnatas/nexforce/apps/frappe/frappe/utils/typing_validations.py", line 32, in wrapper
    return func(*args, **kwargs)
  File "/home/johnatas/nexforce/apps/frappe/frappe/desk/form/assign_to.py", line 79, in add
    d = frappe.get_doc(
  File "/home/johnatas/nexforce/apps/frappe/frappe/model/document.py", line 123, in wrapper
    return func(self, *args, **kwargs)
  File "/home/johnatas/nexforce/apps/frappe/frappe/model/document.py", line 400, in insert
    self._validate()
  File "/home/johnatas/nexforce/apps/frappe/frappe/model/document.py", line 710, in _validate
    self._validate_length()
  File "/home/johnatas/nexforce/apps/frappe/frappe/model/base_document.py", line 1010, in _validate_length
    for fieldname, value in self.get_valid_dict(ignore_virtual=True).items():
  File "/home/johnatas/nexforce/apps/frappe/frappe/model/base_document.py", line 440, in get_valid_dict
    value = value.__value__()
TypeError: 'NoneType' object is not callable

2025-02-13 14:22:12,678 [Job scheduling_system.localhost||d91511e6-b0b7-4547-af94-f9288315f7e8]: exception raised while executing (frappe.utils.background_jobs.execute_job)
Traceback (most recent call last):
  File "/home/johnatas/nexforce/env/lib/python3.10/site-packages/rq/worker.py", line 1633, in perform_job
    return_value = job.perform()
  File "/home/johnatas/nexforce/env/lib/python3.10/site-packages/rq/job.py", line 1331, in perform
    self._result = self._execute()
  File "/home/johnatas/nexforce/env/lib/python3.10/site-packages/rq/job.py", line 1365, in _execute
    result = self.func(*self.args, **self.kwargs)
  File "/home/johnatas/nexforce/apps/frappe/frappe/utils/background_jobs.py", line 244, in execute_job
    retval = method(**kwargs)
  File "/home/johnatas/nexforce/apps/frappe/frappe/email/doctype/email_account/email_account.py", line 572, in _disable_broken_incoming_account
    assign_to.add(
  File "/home/johnatas/nexforce/apps/frappe/frappe/utils/typing_validations.py", line 32, in wrapper
    return func(*args, **kwargs)
  File "/home/johnatas/nexforce/apps/frappe/frappe/desk/form/assign_to.py", line 79, in add
    d = frappe.get_doc(
  File "/home/johnatas/nexforce/apps/frappe/frappe/model/document.py", line 123, in wrapper
    return func(self, *args, **kwargs)
  File "/home/johnatas/nexforce/apps/frappe/frappe/model/document.py", line 400, in insert
    self._validate()
  File "/home/johnatas/nexforce/apps/frappe/frappe/model/document.py", line 710, in _validate
    self._validate_length()
  File "/home/johnatas/nexforce/apps/frappe/frappe/model/base_document.py", line 1010, in _validate_length
    for fieldname, value in self.get_valid_dict(ignore_virtual=True).items():
  File "/home/johnatas/nexforce/apps/frappe/frappe/model/base_document.py", line 440, in get_valid_dict
    value = value.__value__()
TypeError: 'NoneType' object is not callable

/home/johnatas/nexforce/env/lib/python3.10/site-packages/pypdf/_crypt_providers/_cryptography.py:32: CryptographyDeprecationWarning: ARC4 has been moved to cryptography.hazmat.decrepit.ciphers.algorithms.ARC4 and will be removed from this module in 48.0.0.
  from cryptography.hazmat.primitives.ciphers.algorithms import AES, ARC4
/home/johnatas/nexforce/env/lib/python3.10/site-packages/pypdf/_crypt_providers/_cryptography.py:32: CryptographyDeprecationWarning: ARC4 has been moved to cryptography.hazmat.decrepit.ciphers.algorithms.ARC4 and will be removed from this module in 48.0.0.
  from cryptography.hazmat.primitives.ciphers.algorithms import AES, ARC4
/home/johnatas/nexforce/env/lib/python3.10/site-packages/pypdf/_crypt_providers/_cryptography.py:32: CryptographyDeprecationWarning: ARC4 has been moved to cryptography.hazmat.decrepit.ciphers.algorithms.ARC4 and will be removed from this module in 48.0.0.
  from cryptography.hazmat.primitives.ciphers.algorithms import AES, ARC4
2025-02-13 14:34:15,219 [Job scheduling_system.localhost||8968b686-fb0f-4acb-b5ee-055b4a268b22]: exception raised while executing (frappe.utils.background_jobs.execute_job)
Traceback (most recent call last):
  File "/home/johnatas/nexforce/env/lib/python3.10/site-packages/rq/worker.py", line 1633, in perform_job
    return_value = job.perform()
  File "/home/johnatas/nexforce/env/lib/python3.10/site-packages/rq/job.py", line 1331, in perform
    self._result = self._execute()
  File "/home/johnatas/nexforce/env/lib/python3.10/site-packages/rq/job.py", line 1365, in _execute
    result = self.func(*self.args, **self.kwargs)
  File "/home/johnatas/nexforce/apps/frappe/frappe/utils/background_jobs.py", line 244, in execute_job
    retval = method(**kwargs)
  File "/home/johnatas/nexforce/apps/frappe/frappe/email/doctype/email_account/email_account.py", line 572, in _disable_broken_incoming_account
    assign_to.add(
  File "/home/johnatas/nexforce/apps/frappe/frappe/utils/typing_validations.py", line 32, in wrapper
    return func(*args, **kwargs)
  File "/home/johnatas/nexforce/apps/frappe/frappe/desk/form/assign_to.py", line 79, in add
    d = frappe.get_doc(
  File "/home/johnatas/nexforce/apps/frappe/frappe/model/document.py", line 123, in wrapper
    return func(self, *args, **kwargs)
  File "/home/johnatas/nexforce/apps/frappe/frappe/model/document.py", line 400, in insert
    self._validate()
  File "/home/johnatas/nexforce/apps/frappe/frappe/model/document.py", line 710, in _validate
    self._validate_length()
  File "/home/johnatas/nexforce/apps/frappe/frappe/model/base_document.py", line 1010, in _validate_length
    for fieldname, value in self.get_valid_dict(ignore_virtual=True).items():
  File "/home/johnatas/nexforce/apps/frappe/frappe/model/base_document.py", line 440, in get_valid_dict
    value = value.__value__()
TypeError: 'NoneType' object is not callable

2025-02-13 14:34:15,416 [Job scheduling_system.localhost||7ad047b4-735e-4b66-b5a3-0890027dd92d]: exception raised while executing (frappe.utils.background_jobs.execute_job)
Traceback (most recent call last):
  File "/home/johnatas/nexforce/env/lib/python3.10/site-packages/rq/worker.py", line 1633, in perform_job
    return_value = job.perform()
  File "/home/johnatas/nexforce/env/lib/python3.10/site-packages/rq/job.py", line 1331, in perform
    self._result = self._execute()
  File "/home/johnatas/nexforce/env/lib/python3.10/site-packages/rq/job.py", line 1365, in _execute
    result = self.func(*self.args, **self.kwargs)
  File "/home/johnatas/nexforce/apps/frappe/frappe/utils/background_jobs.py", line 244, in execute_job
    retval = method(**kwargs)
  File "/home/johnatas/nexforce/apps/frappe/frappe/email/doctype/email_account/email_account.py", line 572, in _disable_broken_incoming_account
    assign_to.add(
  File "/home/johnatas/nexforce/apps/frappe/frappe/utils/typing_validations.py", line 32, in wrapper
    return func(*args, **kwargs)
  File "/home/johnatas/nexforce/apps/frappe/frappe/desk/form/assign_to.py", line 79, in add
    d = frappe.get_doc(
  File "/home/johnatas/nexforce/apps/frappe/frappe/model/document.py", line 123, in wrapper
    return func(self, *args, **kwargs)
  File "/home/johnatas/nexforce/apps/frappe/frappe/model/document.py", line 400, in insert
    self._validate()
  File "/home/johnatas/nexforce/apps/frappe/frappe/model/document.py", line 710, in _validate
    self._validate_length()
  File "/home/johnatas/nexforce/apps/frappe/frappe/model/base_document.py", line 1010, in _validate_length
    for fieldname, value in self.get_valid_dict(ignore_virtual=True).items():
  File "/home/johnatas/nexforce/apps/frappe/frappe/model/base_document.py", line 440, in get_valid_dict
    value = value.__value__()
TypeError: 'NoneType' object is not callable

/home/johnatas/nexforce/env/lib/python3.10/site-packages/pypdf/_crypt_providers/_cryptography.py:32: CryptographyDeprecationWarning: ARC4 has been moved to cryptography.hazmat.decrepit.ciphers.algorithms.ARC4 and will be removed from this module in 48.0.0.
  from cryptography.hazmat.primitives.ciphers.algorithms import AES, ARC4
/home/johnatas/nexforce/env/lib/python3.10/site-packages/pypdf/_crypt_providers/_cryptography.py:32: CryptographyDeprecationWarning: ARC4 has been moved to cryptography.hazmat.decrepit.ciphers.algorithms.ARC4 and will be removed from this module in 48.0.0.
  from cryptography.hazmat.primitives.ciphers.algorithms import AES, ARC4
2025-02-13 14:42:15,816 [Job scheduling_system.localhost||ef1620f1-f46f-4323-bc48-7184d6fa45e1]: exception raised while executing (frappe.utils.background_jobs.execute_job)
Traceback (most recent call last):
  File "/home/johnatas/nexforce/env/lib/python3.10/site-packages/rq/worker.py", line 1633, in perform_job
    return_value = job.perform()
  File "/home/johnatas/nexforce/env/lib/python3.10/site-packages/rq/job.py", line 1331, in perform
    self._result = self._execute()
  File "/home/johnatas/nexforce/env/lib/python3.10/site-packages/rq/job.py", line 1365, in _execute
    result = self.func(*self.args, **self.kwargs)
  File "/home/johnatas/nexforce/apps/frappe/frappe/utils/background_jobs.py", line 244, in execute_job
    retval = method(**kwargs)
  File "/home/johnatas/nexforce/apps/frappe/frappe/email/doctype/email_account/email_account.py", line 572, in _disable_broken_incoming_account
    assign_to.add(
  File "/home/johnatas/nexforce/apps/frappe/frappe/utils/typing_validations.py", line 32, in wrapper
    return func(*args, **kwargs)
  File "/home/johnatas/nexforce/apps/frappe/frappe/desk/form/assign_to.py", line 79, in add
    d = frappe.get_doc(
  File "/home/johnatas/nexforce/apps/frappe/frappe/model/document.py", line 123, in wrapper
    return func(self, *args, **kwargs)
  File "/home/johnatas/nexforce/apps/frappe/frappe/model/document.py", line 400, in insert
    self._validate()
  File "/home/johnatas/nexforce/apps/frappe/frappe/model/document.py", line 710, in _validate
    self._validate_length()
  File "/home/johnatas/nexforce/apps/frappe/frappe/model/base_document.py", line 1010, in _validate_length
    for fieldname, value in self.get_valid_dict(ignore_virtual=True).items():
  File "/home/johnatas/nexforce/apps/frappe/frappe/model/base_document.py", line 440, in get_valid_dict
    value = value.__value__()
TypeError: 'NoneType' object is not callable

2025-02-13 14:42:16,002 [Job scheduling_system.localhost||3a1593dc-b8ac-4aca-acb5-b43551501e72]: exception raised while executing (frappe.utils.background_jobs.execute_job)
Traceback (most recent call last):
  File "/home/johnatas/nexforce/env/lib/python3.10/site-packages/rq/worker.py", line 1633, in perform_job
    return_value = job.perform()
  File "/home/johnatas/nexforce/env/lib/python3.10/site-packages/rq/job.py", line 1331, in perform
    self._result = self._execute()
  File "/home/johnatas/nexforce/env/lib/python3.10/site-packages/rq/job.py", line 1365, in _execute
    result = self.func(*self.args, **self.kwargs)
  File "/home/johnatas/nexforce/apps/frappe/frappe/utils/background_jobs.py", line 244, in execute_job
    retval = method(**kwargs)
  File "/home/johnatas/nexforce/apps/frappe/frappe/email/doctype/email_account/email_account.py", line 572, in _disable_broken_incoming_account
    assign_to.add(
  File "/home/johnatas/nexforce/apps/frappe/frappe/utils/typing_validations.py", line 32, in wrapper
    return func(*args, **kwargs)
  File "/home/johnatas/nexforce/apps/frappe/frappe/desk/form/assign_to.py", line 79, in add
    d = frappe.get_doc(
  File "/home/johnatas/nexforce/apps/frappe/frappe/model/document.py", line 123, in wrapper
    return func(self, *args, **kwargs)
  File "/home/johnatas/nexforce/apps/frappe/frappe/model/document.py", line 400, in insert
    self._validate()
  File "/home/johnatas/nexforce/apps/frappe/frappe/model/document.py", line 710, in _validate
    self._validate_length()
  File "/home/johnatas/nexforce/apps/frappe/frappe/model/base_document.py", line 1010, in _validate_length
    for fieldname, value in self.get_valid_dict(ignore_virtual=True).items():
  File "/home/johnatas/nexforce/apps/frappe/frappe/model/base_document.py", line 440, in get_valid_dict
    value = value.__value__()
TypeError: 'NoneType' object is not callable

/home/johnatas/nexforce/env/lib/python3.10/site-packages/pypdf/_crypt_providers/_cryptography.py:32: CryptographyDeprecationWarning: ARC4 has been moved to cryptography.hazmat.decrepit.ciphers.algorithms.ARC4 and will be removed from this module in 48.0.0.
  from cryptography.hazmat.primitives.ciphers.algorithms import AES, ARC4
/home/johnatas/nexforce/env/lib/python3.10/site-packages/pypdf/_crypt_providers/_cryptography.py:32: CryptographyDeprecationWarning: ARC4 has been moved to cryptography.hazmat.decrepit.ciphers.algorithms.ARC4 and will be removed from this module in 48.0.0.
  from cryptography.hazmat.primitives.ciphers.algorithms import AES, ARC4
/home/johnatas/nexforce/env/lib/python3.10/site-packages/pypdf/_crypt_providers/_cryptography.py:32: CryptographyDeprecationWarning: ARC4 has been moved to cryptography.hazmat.decrepit.ciphers.algorithms.ARC4 and will be removed from this module in 48.0.0.
  from cryptography.hazmat.primitives.ciphers.algorithms import AES, ARC4
/home/johnatas/nexforce/env/lib/python3.10/site-packages/pypdf/_crypt_providers/_cryptography.py:32: CryptographyDeprecationWarning: ARC4 has been moved to cryptography.hazmat.decrepit.ciphers.algorithms.ARC4 and will be removed from this module in 48.0.0.
  from cryptography.hazmat.primitives.ciphers.algorithms import AES, ARC4
/home/johnatas/nexforce/env/lib/python3.10/site-packages/pypdf/_crypt_providers/_cryptography.py:32: CryptographyDeprecationWarning: ARC4 has been moved to cryptography.hazmat.decrepit.ciphers.algorithms.ARC4 and will be removed from this module in 48.0.0.
  from cryptography.hazmat.primitives.ciphers.algorithms import AES, ARC4
/home/johnatas/nexforce/env/lib/python3.10/site-packages/pypdf/_crypt_providers/_cryptography.py:32: CryptographyDeprecationWarning: ARC4 has been moved to cryptography.hazmat.decrepit.ciphers.algorithms.ARC4 and will be removed from this module in 48.0.0.
  from cryptography.hazmat.primitives.ciphers.algorithms import AES, ARC4
/home/johnatas/nexforce/env/lib/python3.10/site-packages/pypdf/_crypt_providers/_cryptography.py:32: CryptographyDeprecationWarning: ARC4 has been moved to cryptography.hazmat.decrepit.ciphers.algorithms.ARC4 and will be removed from this module in 48.0.0.
  from cryptography.hazmat.primitives.ciphers.algorithms import AES, ARC4
/home/johnatas/nexforce/env/lib/python3.10/site-packages/pypdf/_crypt_providers/_cryptography.py:32: CryptographyDeprecationWarning: ARC4 has been moved to cryptography.hazmat.decrepit.ciphers.algorithms.ARC4 and will be removed from this module in 48.0.0.
  from cryptography.hazmat.primitives.ciphers.algorithms import AES, ARC4
/home/johnatas/nexforce/env/lib/python3.10/site-packages/pypdf/_crypt_providers/_cryptography.py:32: CryptographyDeprecationWarning: ARC4 has been moved to cryptography.hazmat.decrepit.ciphers.algorithms.ARC4 and will be removed from this module in 48.0.0.
  from cryptography.hazmat.primitives.ciphers.algorithms import AES, ARC4
/home/johnatas/nexforce/env/lib/python3.10/site-packages/pypdf/_crypt_providers/_cryptography.py:32: CryptographyDeprecationWarning: ARC4 has been moved to cryptography.hazmat.decrepit.ciphers.algorithms.ARC4 and will be removed from this module in 48.0.0.
  from cryptography.hazmat.primitives.ciphers.algorithms import AES, ARC4
/home/johnatas/nexforce/env/lib/python3.10/site-packages/pypdf/_crypt_providers/_cryptography.py:32: CryptographyDeprecationWarning: ARC4 has been moved to cryptography.hazmat.decrepit.ciphers.algorithms.ARC4 and will be removed from this module in 48.0.0.
  from cryptography.hazmat.primitives.ciphers.algorithms import AES, ARC4
/home/johnatas/nexforce/env/lib/python3.10/site-packages/pypdf/_crypt_providers/_cryptography.py:32: CryptographyDeprecationWarning: ARC4 has been moved to cryptography.hazmat.decrepit.ciphers.algorithms.ARC4 and will be removed from this module in 48.0.0.
  from cryptography.hazmat.primitives.ciphers.algorithms import AES, ARC4
/home/johnatas/nexforce/env/lib/python3.10/site-packages/pypdf/_crypt_providers/_cryptography.py:32: CryptographyDeprecationWarning: ARC4 has been moved to cryptography.hazmat.decrepit.ciphers.algorithms.ARC4 and will be removed from this module in 48.0.0.
  from cryptography.hazmat.primitives.ciphers.algorithms import AES, ARC4
/home/johnatas/nexforce/env/lib/python3.10/site-packages/pypdf/_crypt_providers/_cryptography.py:32: CryptographyDeprecationWarning: ARC4 has been moved to cryptography.hazmat.decrepit.ciphers.algorithms.ARC4 and will be removed from this module in 48.0.0.
  from cryptography.hazmat.primitives.ciphers.algorithms import AES, ARC4
/home/johnatas/nexforce/env/lib/python3.10/site-packages/pypdf/_crypt_providers/_cryptography.py:32: CryptographyDeprecationWarning: ARC4 has been moved to cryptography.hazmat.decrepit.ciphers.algorithms.ARC4 and will be removed from this module in 48.0.0.
  from cryptography.hazmat.primitives.ciphers.algorithms import AES, ARC4
/home/johnatas/nexforce/env/lib/python3.10/site-packages/pypdf/_crypt_providers/_cryptography.py:32: CryptographyDeprecationWarning: ARC4 has been moved to cryptography.hazmat.decrepit.ciphers.algorithms.ARC4 and will be removed from this module in 48.0.0.
  from cryptography.hazmat.primitives.ciphers.algorithms import AES, ARC4
/home/johnatas/nexforce/env/lib/python3.10/site-packages/pypdf/_crypt_providers/_cryptography.py:32: CryptographyDeprecationWarning: ARC4 has been moved to cryptography.hazmat.decrepit.ciphers.algorithms.ARC4 and will be removed from this module in 48.0.0.
  from cryptography.hazmat.primitives.ciphers.algorithms import AES, ARC4
/home/johnatas/nexforce/env/lib/python3.10/site-packages/pypdf/_crypt_providers/_cryptography.py:32: CryptographyDeprecationWarning: ARC4 has been moved to cryptography.hazmat.decrepit.ciphers.algorithms.ARC4 and will be removed from this module in 48.0.0.
  from cryptography.hazmat.primitives.ciphers.algorithms import AES, ARC4
/home/johnatas/nexforce/env/lib/python3.10/site-packages/pypdf/_crypt_providers/_cryptography.py:32: CryptographyDeprecationWarning: ARC4 has been moved to cryptography.hazmat.decrepit.ciphers.algorithms.ARC4 and will be removed from this module in 48.0.0.
  from cryptography.hazmat.primitives.ciphers.algorithms import AES, ARC4
/home/johnatas/nexforce/env/lib/python3.10/site-packages/pypdf/_crypt_providers/_cryptography.py:32: CryptographyDeprecationWarning: ARC4 has been moved to cryptography.hazmat.decrepit.ciphers.algorithms.ARC4 and will be removed from this module in 48.0.0.
  from cryptography.hazmat.primitives.ciphers.algorithms import AES, ARC4
/home/johnatas/nexforce/env/lib/python3.10/site-packages/pypdf/_crypt_providers/_cryptography.py:32: CryptographyDeprecationWarning: ARC4 has been moved to cryptography.hazmat.decrepit.ciphers.algorithms.ARC4 and will be removed from this module in 48.0.0.
  from cryptography.hazmat.primitives.ciphers.algorithms import AES, ARC4
/home/johnatas/nexforce/env/lib/python3.10/site-packages/pypdf/_crypt_providers/_cryptography.py:32: CryptographyDeprecationWarning: ARC4 has been moved to cryptography.hazmat.decrepit.ciphers.algorithms.ARC4 and will be removed from this module in 48.0.0.
  from cryptography.hazmat.primitives.ciphers.algorithms import AES, ARC4
/home/johnatas/nexforce/env/lib/python3.10/site-packages/pypdf/_crypt_providers/_cryptography.py:32: CryptographyDeprecationWarning: ARC4 has been moved to cryptography.hazmat.decrepit.ciphers.algorithms.ARC4 and will be removed from this module in 48.0.0.
  from cryptography.hazmat.primitives.ciphers.algorithms import AES, ARC4
/home/johnatas/nexforce/env/lib/python3.10/site-packages/pypdf/_crypt_providers/_cryptography.py:32: CryptographyDeprecationWarning: ARC4 has been moved to cryptography.hazmat.decrepit.ciphers.algorithms.ARC4 and will be removed from this module in 48.0.0.
  from cryptography.hazmat.primitives.ciphers.algorithms import AES, ARC4
/home/johnatas/nexforce/env/lib/python3.10/site-packages/pypdf/_crypt_providers/_cryptography.py:32: CryptographyDeprecationWarning: ARC4 has been moved to cryptography.hazmat.decrepit.ciphers.algorithms.ARC4 and will be removed from this module in 48.0.0.
  from cryptography.hazmat.primitives.ciphers.algorithms import AES, ARC4
/home/johnatas/nexforce/env/lib/python3.10/site-packages/pypdf/_crypt_providers/_cryptography.py:32: CryptographyDeprecationWarning: ARC4 has been moved to cryptography.hazmat.decrepit.ciphers.algorithms.ARC4 and will be removed from this module in 48.0.0.
  from cryptography.hazmat.primitives.ciphers.algorithms import AES, ARC4
/home/johnatas/nexforce/env/lib/python3.10/site-packages/pypdf/_crypt_providers/_cryptography.py:32: CryptographyDeprecationWarning: ARC4 has been moved to cryptography.hazmat.decrepit.ciphers.algorithms.ARC4 and will be removed from this module in 48.0.0.
  from cryptography.hazmat.primitives.ciphers.algorithms import AES, ARC4
/home/johnatas/nexforce/env/lib/python3.10/site-packages/pypdf/_crypt_providers/_cryptography.py:32: CryptographyDeprecationWarning: ARC4 has been moved to cryptography.hazmat.decrepit.ciphers.algorithms.ARC4 and will be removed from this module in 48.0.0.
  from cryptography.hazmat.primitives.ciphers.algorithms import AES, ARC4
/home/johnatas/nexforce/env/lib/python3.10/site-packages/pypdf/_crypt_providers/_cryptography.py:32: CryptographyDeprecationWarning: ARC4 has been moved to cryptography.hazmat.decrepit.ciphers.algorithms.ARC4 and will be removed from this module in 48.0.0.
  from cryptography.hazmat.primitives.ciphers.algorithms import AES, ARC4
/home/johnatas/nexforce/env/lib/python3.10/site-packages/pypdf/_crypt_providers/_cryptography.py:32: CryptographyDeprecationWarning: ARC4 has been moved to cryptography.hazmat.decrepit.ciphers.algorithms.ARC4 and will be removed from this module in 48.0.0.
  from cryptography.hazmat.primitives.ciphers.algorithms import AES, ARC4
/home/johnatas/nexforce/env/lib/python3.10/site-packages/pypdf/_crypt_providers/_cryptography.py:32: CryptographyDeprecationWarning: ARC4 has been moved to cryptography.hazmat.decrepit.ciphers.algorithms.ARC4 and will be removed from this module in 48.0.0.
  from cryptography.hazmat.primitives.ciphers.algorithms import AES, ARC4
/home/johnatas/nexforce/env/lib/python3.10/site-packages/pypdf/_crypt_providers/_cryptography.py:32: CryptographyDeprecationWarning: ARC4 has been moved to cryptography.hazmat.decrepit.ciphers.algorithms.ARC4 and will be removed from this module in 48.0.0.
  from cryptography.hazmat.primitives.ciphers.algorithms import AES, ARC4
/home/johnatas/nexforce/env/lib/python3.10/site-packages/pypdf/_crypt_providers/_cryptography.py:32: CryptographyDeprecationWarning: ARC4 has been moved to cryptography.hazmat.decrepit.ciphers.algorithms.ARC4 and will be removed from this module in 48.0.0.
  from cryptography.hazmat.primitives.ciphers.algorithms import AES, ARC4
/home/johnatas/nexforce/env/lib/python3.10/site-packages/pypdf/_crypt_providers/_cryptography.py:32: CryptographyDeprecationWarning: ARC4 has been moved to cryptography.hazmat.decrepit.ciphers.algorithms.ARC4 and will be removed from this module in 48.0.0.
  from cryptography.hazmat.primitives.ciphers.algorithms import AES, ARC4
/home/johnatas/nexforce/env/lib/python3.10/site-packages/pypdf/_crypt_providers/_cryptography.py:32: CryptographyDeprecationWarning: ARC4 has been moved to cryptography.hazmat.decrepit.ciphers.algorithms.ARC4 and will be removed from this module in 48.0.0.
  from cryptography.hazmat.primitives.ciphers.algorithms import AES, ARC4
/home/johnatas/nexforce/env/lib/python3.10/site-packages/pypdf/_crypt_providers/_cryptography.py:32: CryptographyDeprecationWarning: ARC4 has been moved to cryptography.hazmat.decrepit.ciphers.algorithms.ARC4 and will be removed from this module in 48.0.0.
  from cryptography.hazmat.primitives.ciphers.algorithms import AES, ARC4
/home/johnatas/nexforce/env/lib/python3.10/site-packages/pypdf/_crypt_providers/_cryptography.py:32: CryptographyDeprecationWarning: ARC4 has been moved to cryptography.hazmat.decrepit.ciphers.algorithms.ARC4 and will be removed from this module in 48.0.0.
  from cryptography.hazmat.primitives.ciphers.algorithms import AES, ARC4
/home/johnatas/nexforce/env/lib/python3.10/site-packages/pypdf/_crypt_providers/_cryptography.py:32: CryptographyDeprecationWarning: ARC4 has been moved to cryptography.hazmat.decrepit.ciphers.algorithms.ARC4 and will be removed from this module in 48.0.0.
  from cryptography.hazmat.primitives.ciphers.algorithms import AES, ARC4
/home/johnatas/nexforce/env/lib/python3.10/site-packages/pypdf/_crypt_providers/_cryptography.py:32: CryptographyDeprecationWarning: ARC4 has been moved to cryptography.hazmat.decrepit.ciphers.algorithms.ARC4 and will be removed from this module in 48.0.0.
  from cryptography.hazmat.primitives.ciphers.algorithms import AES, ARC4
/home/johnatas/nexforce/env/lib/python3.10/site-packages/pypdf/_crypt_providers/_cryptography.py:32: CryptographyDeprecationWarning: ARC4 has been moved to cryptography.hazmat.decrepit.ciphers.algorithms.ARC4 and will be removed from this module in 48.0.0.
  from cryptography.hazmat.primitives.ciphers.algorithms import AES, ARC4
/home/johnatas/nexforce/env/lib/python3.10/site-packages/pypdf/_crypt_providers/_cryptography.py:32: CryptographyDeprecationWarning: ARC4 has been moved to cryptography.hazmat.decrepit.ciphers.algorithms.ARC4 and will be removed from this module in 48.0.0.
  from cryptography.hazmat.primitives.ciphers.algorithms import AES, ARC4
/home/johnatas/nexforce/env/lib/python3.10/site-packages/pypdf/_crypt_providers/_cryptography.py:32: CryptographyDeprecationWarning: ARC4 has been moved to cryptography.hazmat.decrepit.ciphers.algorithms.ARC4 and will be removed from this module in 48.0.0.
  from cryptography.hazmat.primitives.ciphers.algorithms import AES, ARC4
/home/johnatas/nexforce/env/lib/python3.10/site-packages/pypdf/_crypt_providers/_cryptography.py:32: CryptographyDeprecationWarning: ARC4 has been moved to cryptography.hazmat.decrepit.ciphers.algorithms.ARC4 and will be removed from this module in 48.0.0.
  from cryptography.hazmat.primitives.ciphers.algorithms import AES, ARC4
/home/johnatas/nexforce/env/lib/python3.10/site-packages/pypdf/_crypt_providers/_cryptography.py:32: CryptographyDeprecationWarning: ARC4 has been moved to cryptography.hazmat.decrepit.ciphers.algorithms.ARC4 and will be removed from this module in 48.0.0.
  from cryptography.hazmat.primitives.ciphers.algorithms import AES, ARC4
/home/johnatas/nexforce/env/lib/python3.10/site-packages/pypdf/_crypt_providers/_cryptography.py:32: CryptographyDeprecationWarning: ARC4 has been moved to cryptography.hazmat.decrepit.ciphers.algorithms.ARC4 and will be removed from this module in 48.0.0.
  from cryptography.hazmat.primitives.ciphers.algorithms import AES, ARC4
/home/johnatas/nexforce/env/lib/python3.10/site-packages/pypdf/_crypt_providers/_cryptography.py:32: CryptographyDeprecationWarning: ARC4 has been moved to cryptography.hazmat.decrepit.ciphers.algorithms.ARC4 and will be removed from this module in 48.0.0.
  from cryptography.hazmat.primitives.ciphers.algorithms import AES, ARC4
/home/johnatas/nexforce/env/lib/python3.10/site-packages/pypdf/_crypt_providers/_cryptography.py:32: CryptographyDeprecationWarning: ARC4 has been moved to cryptography.hazmat.decrepit.ciphers.algorithms.ARC4 and will be removed from this module in 48.0.0.
  from cryptography.hazmat.primitives.ciphers.algorithms import AES, ARC4
/home/johnatas/nexforce/env/lib/python3.10/site-packages/pypdf/_crypt_providers/_cryptography.py:32: CryptographyDeprecationWarning: ARC4 has been moved to cryptography.hazmat.decrepit.ciphers.algorithms.ARC4 and will be removed from this module in 48.0.0.
  from cryptography.hazmat.primitives.ciphers.algorithms import AES, ARC4
/home/johnatas/nexforce/env/lib/python3.10/site-packages/pypdf/_crypt_providers/_cryptography.py:32: CryptographyDeprecationWarning: ARC4 has been moved to cryptography.hazmat.decrepit.ciphers.algorithms.ARC4 and will be removed from this module in 48.0.0.
  from cryptography.hazmat.primitives.ciphers.algorithms import AES, ARC4
/home/johnatas/nexforce/env/lib/python3.10/site-packages/pypdf/_crypt_providers/_cryptography.py:32: CryptographyDeprecationWarning: ARC4 has been moved to cryptography.hazmat.decrepit.ciphers.algorithms.ARC4 and will be removed from this module in 48.0.0.
  from cryptography.hazmat.primitives.ciphers.algorithms import AES, ARC4
/home/johnatas/nexforce/env/lib/python3.10/site-packages/pypdf/_crypt_providers/_cryptography.py:32: CryptographyDeprecationWarning: ARC4 has been moved to cryptography.hazmat.decrepit.ciphers.algorithms.ARC4 and will be removed from this module in 48.0.0.
  from cryptography.hazmat.primitives.ciphers.algorithms import AES, ARC4
/home/johnatas/nexforce/env/lib/python3.10/site-packages/pypdf/_crypt_providers/_cryptography.py:32: CryptographyDeprecationWarning: ARC4 has been moved to cryptography.hazmat.decrepit.ciphers.algorithms.ARC4 and will be removed from this module in 48.0.0.
  from cryptography.hazmat.primitives.ciphers.algorithms import AES, ARC4
/home/johnatas/nexforce/env/lib/python3.10/site-packages/pypdf/_crypt_providers/_cryptography.py:32: CryptographyDeprecationWarning: ARC4 has been moved to cryptography.hazmat.decrepit.ciphers.algorithms.ARC4 and will be removed from this module in 48.0.0.
  from cryptography.hazmat.primitives.ciphers.algorithms import AES, ARC4
2025-02-13 19:32:00,284 [Job scheduling_system.localhost||scheduled_job||o9vdfng9lr]: exception raised while executing (frappe.utils.background_jobs.execute_job)
Traceback (most recent call last):
  File "/home/johnatas/nexforce/apps/frappe/frappe/utils/caching.py", line 62, in wrapper
    return _cache[func][args_key]
KeyError: 5740354900026072187

During handling of the above exception, another exception occurred:

Traceback (most recent call last):
  File "/home/johnatas/nexforce/env/lib/python3.10/site-packages/rq/worker.py", line 1633, in perform_job
    return_value = job.perform()
  File "/home/johnatas/nexforce/env/lib/python3.10/site-packages/rq/job.py", line 1331, in perform
    self._result = self._execute()
  File "/home/johnatas/nexforce/env/lib/python3.10/site-packages/rq/job.py", line 1365, in _execute
    result = self.func(*self.args, **self.kwargs)
  File "/home/johnatas/nexforce/apps/frappe/frappe/utils/background_jobs.py", line 240, in execute_job
    for before_job_task in frappe.get_hooks("before_job"):
  File "/home/johnatas/nexforce/apps/frappe/frappe/__init__.py", line 1571, in get_hooks
    hooks = _load_app_hooks()
  File "/home/johnatas/nexforce/apps/frappe/frappe/utils/caching.py", line 64, in wrapper
    return_val = func(*args, **kwargs)
  File "/home/johnatas/nexforce/apps/frappe/frappe/__init__.py", line 1540, in _load_app_hooks
    app_hooks = get_module(f"{app}.hooks")
  File "/home/johnatas/nexforce/apps/frappe/frappe/__init__.py", line 1406, in get_module
    return importlib.import_module(modulename)
  File "/usr/lib/python3.10/importlib/__init__.py", line 126, in import_module
    return _bootstrap._gcd_import(name[level:], package, level)
  File "<frozen importlib._bootstrap>", line 1050, in _gcd_import
  File "<frozen importlib._bootstrap>", line 1027, in _find_and_load
  File "<frozen importlib._bootstrap>", line 1004, in _find_and_load_unlocked
ModuleNotFoundError: No module named 'scheduling_system.hooks'

2025-02-13 19:32:00,332 [Job scheduling_system.localhost||scheduled_job||o9voquv4ur]: exception raised while executing (frappe.utils.background_jobs.execute_job)
Traceback (most recent call last):
  File "/home/johnatas/nexforce/apps/frappe/frappe/utils/caching.py", line 62, in wrapper
    return _cache[func][args_key]
KeyError: 5740354900026072187

During handling of the above exception, another exception occurred:

Traceback (most recent call last):
  File "/home/johnatas/nexforce/env/lib/python3.10/site-packages/rq/worker.py", line 1633, in perform_job
    return_value = job.perform()
  File "/home/johnatas/nexforce/env/lib/python3.10/site-packages/rq/job.py", line 1331, in perform
    self._result = self._execute()
  File "/home/johnatas/nexforce/env/lib/python3.10/site-packages/rq/job.py", line 1365, in _execute
    result = self.func(*self.args, **self.kwargs)
  File "/home/johnatas/nexforce/apps/frappe/frappe/utils/background_jobs.py", line 240, in execute_job
    for before_job_task in frappe.get_hooks("before_job"):
  File "/home/johnatas/nexforce/apps/frappe/frappe/__init__.py", line 1571, in get_hooks
    hooks = _load_app_hooks()
  File "/home/johnatas/nexforce/apps/frappe/frappe/utils/caching.py", line 64, in wrapper
    return_val = func(*args, **kwargs)
  File "/home/johnatas/nexforce/apps/frappe/frappe/__init__.py", line 1540, in _load_app_hooks
    app_hooks = get_module(f"{app}.hooks")
  File "/home/johnatas/nexforce/apps/frappe/frappe/__init__.py", line 1406, in get_module
    return importlib.import_module(modulename)
  File "/usr/lib/python3.10/importlib/__init__.py", line 126, in import_module
    return _bootstrap._gcd_import(name[level:], package, level)
  File "<frozen importlib._bootstrap>", line 1050, in _gcd_import
  File "<frozen importlib._bootstrap>", line 1027, in _find_and_load
  File "<frozen importlib._bootstrap>", line 1004, in _find_and_load_unlocked
ModuleNotFoundError: No module named 'scheduling_system.hooks'

2025-02-13 19:32:00,383 [Job scheduling_system.localhost||scheduled_job||o9v4ci2263]: exception raised while executing (frappe.utils.background_jobs.execute_job)
Traceback (most recent call last):
  File "/home/johnatas/nexforce/apps/frappe/frappe/utils/caching.py", line 62, in wrapper
    return _cache[func][args_key]
KeyError: 5740354900026072187

During handling of the above exception, another exception occurred:

Traceback (most recent call last):
  File "/home/johnatas/nexforce/env/lib/python3.10/site-packages/rq/worker.py", line 1633, in perform_job
    return_value = job.perform()
  File "/home/johnatas/nexforce/env/lib/python3.10/site-packages/rq/job.py", line 1331, in perform
    self._result = self._execute()
  File "/home/johnatas/nexforce/env/lib/python3.10/site-packages/rq/job.py", line 1365, in _execute
    result = self.func(*self.args, **self.kwargs)
  File "/home/johnatas/nexforce/apps/frappe/frappe/utils/background_jobs.py", line 240, in execute_job
    for before_job_task in frappe.get_hooks("before_job"):
  File "/home/johnatas/nexforce/apps/frappe/frappe/__init__.py", line 1571, in get_hooks
    hooks = _load_app_hooks()
  File "/home/johnatas/nexforce/apps/frappe/frappe/utils/caching.py", line 64, in wrapper
    return_val = func(*args, **kwargs)
  File "/home/johnatas/nexforce/apps/frappe/frappe/__init__.py", line 1540, in _load_app_hooks
    app_hooks = get_module(f"{app}.hooks")
  File "/home/johnatas/nexforce/apps/frappe/frappe/__init__.py", line 1406, in get_module
    return importlib.import_module(modulename)
  File "/usr/lib/python3.10/importlib/__init__.py", line 126, in import_module
    return _bootstrap._gcd_import(name[level:], package, level)
  File "<frozen importlib._bootstrap>", line 1050, in _gcd_import
  File "<frozen importlib._bootstrap>", line 1027, in _find_and_load
  File "<frozen importlib._bootstrap>", line 1004, in _find_and_load_unlocked
ModuleNotFoundError: No module named 'scheduling_system.hooks'

2025-02-13 19:32:00,430 [Job scheduling_system.localhost||scheduled_job||o9vb4ecevt]: exception raised while executing (frappe.utils.background_jobs.execute_job)
Traceback (most recent call last):
  File "/home/johnatas/nexforce/apps/frappe/frappe/utils/caching.py", line 62, in wrapper
    return _cache[func][args_key]
KeyError: 5740354900026072187

During handling of the above exception, another exception occurred:

Traceback (most recent call last):
  File "/home/johnatas/nexforce/env/lib/python3.10/site-packages/rq/worker.py", line 1633, in perform_job
    return_value = job.perform()
  File "/home/johnatas/nexforce/env/lib/python3.10/site-packages/rq/job.py", line 1331, in perform
    self._result = self._execute()
  File "/home/johnatas/nexforce/env/lib/python3.10/site-packages/rq/job.py", line 1365, in _execute
    result = self.func(*self.args, **self.kwargs)
  File "/home/johnatas/nexforce/apps/frappe/frappe/utils/background_jobs.py", line 240, in execute_job
    for before_job_task in frappe.get_hooks("before_job"):
  File "/home/johnatas/nexforce/apps/frappe/frappe/__init__.py", line 1571, in get_hooks
    hooks = _load_app_hooks()
  File "/home/johnatas/nexforce/apps/frappe/frappe/utils/caching.py", line 64, in wrapper
    return_val = func(*args, **kwargs)
  File "/home/johnatas/nexforce/apps/frappe/frappe/__init__.py", line 1540, in _load_app_hooks
    app_hooks = get_module(f"{app}.hooks")
  File "/home/johnatas/nexforce/apps/frappe/frappe/__init__.py", line 1406, in get_module
    return importlib.import_module(modulename)
  File "/usr/lib/python3.10/importlib/__init__.py", line 126, in import_module
    return _bootstrap._gcd_import(name[level:], package, level)
  File "<frozen importlib._bootstrap>", line 1050, in _gcd_import
  File "<frozen importlib._bootstrap>", line 1027, in _find_and_load
  File "<frozen importlib._bootstrap>", line 1004, in _find_and_load_unlocked
ModuleNotFoundError: No module named 'scheduling_system.hooks'

2025-02-13 19:32:00,483 [Job scheduling_system.localhost||scheduled_job||o9v3najnqi]: exception raised while executing (frappe.utils.background_jobs.execute_job)
Traceback (most recent call last):
  File "/home/johnatas/nexforce/apps/frappe/frappe/utils/caching.py", line 62, in wrapper
    return _cache[func][args_key]
KeyError: 5740354900026072187

During handling of the above exception, another exception occurred:

Traceback (most recent call last):
  File "/home/johnatas/nexforce/env/lib/python3.10/site-packages/rq/worker.py", line 1633, in perform_job
    return_value = job.perform()
  File "/home/johnatas/nexforce/env/lib/python3.10/site-packages/rq/job.py", line 1331, in perform
    self._result = self._execute()
  File "/home/johnatas/nexforce/env/lib/python3.10/site-packages/rq/job.py", line 1365, in _execute
    result = self.func(*self.args, **self.kwargs)
  File "/home/johnatas/nexforce/apps/frappe/frappe/utils/background_jobs.py", line 240, in execute_job
    for before_job_task in frappe.get_hooks("before_job"):
  File "/home/johnatas/nexforce/apps/frappe/frappe/__init__.py", line 1571, in get_hooks
    hooks = _load_app_hooks()
  File "/home/johnatas/nexforce/apps/frappe/frappe/utils/caching.py", line 64, in wrapper
    return_val = func(*args, **kwargs)
  File "/home/johnatas/nexforce/apps/frappe/frappe/__init__.py", line 1540, in _load_app_hooks
    app_hooks = get_module(f"{app}.hooks")
  File "/home/johnatas/nexforce/apps/frappe/frappe/__init__.py", line 1406, in get_module
    return importlib.import_module(modulename)
  File "/usr/lib/python3.10/importlib/__init__.py", line 126, in import_module
    return _bootstrap._gcd_import(name[level:], package, level)
  File "<frozen importlib._bootstrap>", line 1050, in _gcd_import
  File "<frozen importlib._bootstrap>", line 1027, in _find_and_load
  File "<frozen importlib._bootstrap>", line 1004, in _find_and_load_unlocked
ModuleNotFoundError: No module named 'scheduling_system.hooks'

2025-02-13 19:32:00,533 [Job scheduling_system.localhost||scheduled_job||o9vmiu7fms]: exception raised while executing (frappe.utils.background_jobs.execute_job)
Traceback (most recent call last):
  File "/home/johnatas/nexforce/apps/frappe/frappe/utils/caching.py", line 62, in wrapper
    return _cache[func][args_key]
KeyError: 5740354900026072187

During handling of the above exception, another exception occurred:

Traceback (most recent call last):
  File "/home/johnatas/nexforce/env/lib/python3.10/site-packages/rq/worker.py", line 1633, in perform_job
    return_value = job.perform()
  File "/home/johnatas/nexforce/env/lib/python3.10/site-packages/rq/job.py", line 1331, in perform
    self._result = self._execute()
  File "/home/johnatas/nexforce/env/lib/python3.10/site-packages/rq/job.py", line 1365, in _execute
    result = self.func(*self.args, **self.kwargs)
  File "/home/johnatas/nexforce/apps/frappe/frappe/utils/background_jobs.py", line 240, in execute_job
    for before_job_task in frappe.get_hooks("before_job"):
  File "/home/johnatas/nexforce/apps/frappe/frappe/__init__.py", line 1571, in get_hooks
    hooks = _load_app_hooks()
  File "/home/johnatas/nexforce/apps/frappe/frappe/utils/caching.py", line 64, in wrapper
    return_val = func(*args, **kwargs)
  File "/home/johnatas/nexforce/apps/frappe/frappe/__init__.py", line 1540, in _load_app_hooks
    app_hooks = get_module(f"{app}.hooks")
  File "/home/johnatas/nexforce/apps/frappe/frappe/__init__.py", line 1406, in get_module
    return importlib.import_module(modulename)
  File "/usr/lib/python3.10/importlib/__init__.py", line 126, in import_module
    return _bootstrap._gcd_import(name[level:], package, level)
  File "<frozen importlib._bootstrap>", line 1050, in _gcd_import
  File "<frozen importlib._bootstrap>", line 1027, in _find_and_load
  File "<frozen importlib._bootstrap>", line 1004, in _find_and_load_unlocked
ModuleNotFoundError: No module named 'scheduling_system.hooks'

2025-02-13 19:32:00,584 [Job scheduling_system.localhost||scheduled_job||o9van95siu]: exception raised while executing (frappe.utils.background_jobs.execute_job)
Traceback (most recent call last):
  File "/home/johnatas/nexforce/apps/frappe/frappe/utils/caching.py", line 62, in wrapper
    return _cache[func][args_key]
KeyError: 5740354900026072187

During handling of the above exception, another exception occurred:

Traceback (most recent call last):
  File "/home/johnatas/nexforce/env/lib/python3.10/site-packages/rq/worker.py", line 1633, in perform_job
    return_value = job.perform()
  File "/home/johnatas/nexforce/env/lib/python3.10/site-packages/rq/job.py", line 1331, in perform
    self._result = self._execute()
  File "/home/johnatas/nexforce/env/lib/python3.10/site-packages/rq/job.py", line 1365, in _execute
    result = self.func(*self.args, **self.kwargs)
  File "/home/johnatas/nexforce/apps/frappe/frappe/utils/background_jobs.py", line 240, in execute_job
    for before_job_task in frappe.get_hooks("before_job"):
  File "/home/johnatas/nexforce/apps/frappe/frappe/__init__.py", line 1571, in get_hooks
    hooks = _load_app_hooks()
  File "/home/johnatas/nexforce/apps/frappe/frappe/utils/caching.py", line 64, in wrapper
    return_val = func(*args, **kwargs)
  File "/home/johnatas/nexforce/apps/frappe/frappe/__init__.py", line 1540, in _load_app_hooks
    app_hooks = get_module(f"{app}.hooks")
  File "/home/johnatas/nexforce/apps/frappe/frappe/__init__.py", line 1406, in get_module
    return importlib.import_module(modulename)
  File "/usr/lib/python3.10/importlib/__init__.py", line 126, in import_module
    return _bootstrap._gcd_import(name[level:], package, level)
  File "<frozen importlib._bootstrap>", line 1050, in _gcd_import
  File "<frozen importlib._bootstrap>", line 1027, in _find_and_load
  File "<frozen importlib._bootstrap>", line 1004, in _find_and_load_unlocked
ModuleNotFoundError: No module named 'scheduling_system.hooks'

2025-02-13 19:32:00,631 [Job scheduling_system.localhost||scheduled_job||o9vam9cl1a]: exception raised while executing (frappe.utils.background_jobs.execute_job)
Traceback (most recent call last):
  File "/home/johnatas/nexforce/apps/frappe/frappe/utils/caching.py", line 62, in wrapper
    return _cache[func][args_key]
KeyError: 5740354900026072187

During handling of the above exception, another exception occurred:

Traceback (most recent call last):
  File "/home/johnatas/nexforce/env/lib/python3.10/site-packages/rq/worker.py", line 1633, in perform_job
    return_value = job.perform()
  File "/home/johnatas/nexforce/env/lib/python3.10/site-packages/rq/job.py", line 1331, in perform
    self._result = self._execute()
  File "/home/johnatas/nexforce/env/lib/python3.10/site-packages/rq/job.py", line 1365, in _execute
    result = self.func(*self.args, **self.kwargs)
  File "/home/johnatas/nexforce/apps/frappe/frappe/utils/background_jobs.py", line 240, in execute_job
    for before_job_task in frappe.get_hooks("before_job"):
  File "/home/johnatas/nexforce/apps/frappe/frappe/__init__.py", line 1571, in get_hooks
    hooks = _load_app_hooks()
  File "/home/johnatas/nexforce/apps/frappe/frappe/utils/caching.py", line 64, in wrapper
    return_val = func(*args, **kwargs)
  File "/home/johnatas/nexforce/apps/frappe/frappe/__init__.py", line 1540, in _load_app_hooks
    app_hooks = get_module(f"{app}.hooks")
  File "/home/johnatas/nexforce/apps/frappe/frappe/__init__.py", line 1406, in get_module
    return importlib.import_module(modulename)
  File "/usr/lib/python3.10/importlib/__init__.py", line 126, in import_module
    return _bootstrap._gcd_import(name[level:], package, level)
  File "<frozen importlib._bootstrap>", line 1050, in _gcd_import
  File "<frozen importlib._bootstrap>", line 1027, in _find_and_load
  File "<frozen importlib._bootstrap>", line 1004, in _find_and_load_unlocked
ModuleNotFoundError: No module named 'scheduling_system.hooks'

2025-02-13 19:32:00,680 [Job scheduling_system.localhost||scheduled_job||o9vmgasq8i]: exception raised while executing (frappe.utils.background_jobs.execute_job)
Traceback (most recent call last):
  File "/home/johnatas/nexforce/apps/frappe/frappe/utils/caching.py", line 62, in wrapper
    return _cache[func][args_key]
KeyError: 5740354900026072187

During handling of the above exception, another exception occurred:

Traceback (most recent call last):
  File "/home/johnatas/nexforce/env/lib/python3.10/site-packages/rq/worker.py", line 1633, in perform_job
    return_value = job.perform()
  File "/home/johnatas/nexforce/env/lib/python3.10/site-packages/rq/job.py", line 1331, in perform
    self._result = self._execute()
  File "/home/johnatas/nexforce/env/lib/python3.10/site-packages/rq/job.py", line 1365, in _execute
    result = self.func(*self.args, **self.kwargs)
  File "/home/johnatas/nexforce/apps/frappe/frappe/utils/background_jobs.py", line 240, in execute_job
    for before_job_task in frappe.get_hooks("before_job"):
  File "/home/johnatas/nexforce/apps/frappe/frappe/__init__.py", line 1571, in get_hooks
    hooks = _load_app_hooks()
  File "/home/johnatas/nexforce/apps/frappe/frappe/utils/caching.py", line 64, in wrapper
    return_val = func(*args, **kwargs)
  File "/home/johnatas/nexforce/apps/frappe/frappe/__init__.py", line 1540, in _load_app_hooks
    app_hooks = get_module(f"{app}.hooks")
  File "/home/johnatas/nexforce/apps/frappe/frappe/__init__.py", line 1406, in get_module
    return importlib.import_module(modulename)
  File "/usr/lib/python3.10/importlib/__init__.py", line 126, in import_module
    return _bootstrap._gcd_import(name[level:], package, level)
  File "<frozen importlib._bootstrap>", line 1050, in _gcd_import
  File "<frozen importlib._bootstrap>", line 1027, in _find_and_load
  File "<frozen importlib._bootstrap>", line 1004, in _find_and_load_unlocked
ModuleNotFoundError: No module named 'scheduling_system.hooks'

2025-02-13 19:32:00,734 [Job scheduling_system.localhost||scheduled_job||o9va5fs21k]: exception raised while executing (frappe.utils.background_jobs.execute_job)
Traceback (most recent call last):
  File "/home/johnatas/nexforce/apps/frappe/frappe/utils/caching.py", line 62, in wrapper
    return _cache[func][args_key]
KeyError: 5740354900026072187

During handling of the above exception, another exception occurred:

Traceback (most recent call last):
  File "/home/johnatas/nexforce/env/lib/python3.10/site-packages/rq/worker.py", line 1633, in perform_job
    return_value = job.perform()
  File "/home/johnatas/nexforce/env/lib/python3.10/site-packages/rq/job.py", line 1331, in perform
    self._result = self._execute()
  File "/home/johnatas/nexforce/env/lib/python3.10/site-packages/rq/job.py", line 1365, in _execute
    result = self.func(*self.args, **self.kwargs)
  File "/home/johnatas/nexforce/apps/frappe/frappe/utils/background_jobs.py", line 240, in execute_job
    for before_job_task in frappe.get_hooks("before_job"):
  File "/home/johnatas/nexforce/apps/frappe/frappe/__init__.py", line 1571, in get_hooks
    hooks = _load_app_hooks()
  File "/home/johnatas/nexforce/apps/frappe/frappe/utils/caching.py", line 64, in wrapper
    return_val = func(*args, **kwargs)
  File "/home/johnatas/nexforce/apps/frappe/frappe/__init__.py", line 1540, in _load_app_hooks
    app_hooks = get_module(f"{app}.hooks")
  File "/home/johnatas/nexforce/apps/frappe/frappe/__init__.py", line 1406, in get_module
    return importlib.import_module(modulename)
  File "/usr/lib/python3.10/importlib/__init__.py", line 126, in import_module
    return _bootstrap._gcd_import(name[level:], package, level)
  File "<frozen importlib._bootstrap>", line 1050, in _gcd_import
  File "<frozen importlib._bootstrap>", line 1027, in _find_and_load
  File "<frozen importlib._bootstrap>", line 1004, in _find_and_load_unlocked
ModuleNotFoundError: No module named 'scheduling_system.hooks'

2025-02-13 19:32:00,783 [Job scheduling_system.localhost||scheduled_job||o9vvlg72gv]: exception raised while executing (frappe.utils.background_jobs.execute_job)
Traceback (most recent call last):
  File "/home/johnatas/nexforce/apps/frappe/frappe/utils/caching.py", line 62, in wrapper
    return _cache[func][args_key]
KeyError: 5740354900026072187

During handling of the above exception, another exception occurred:

Traceback (most recent call last):
  File "/home/johnatas/nexforce/env/lib/python3.10/site-packages/rq/worker.py", line 1633, in perform_job
    return_value = job.perform()
  File "/home/johnatas/nexforce/env/lib/python3.10/site-packages/rq/job.py", line 1331, in perform
    self._result = self._execute()
  File "/home/johnatas/nexforce/env/lib/python3.10/site-packages/rq/job.py", line 1365, in _execute
    result = self.func(*self.args, **self.kwargs)
  File "/home/johnatas/nexforce/apps/frappe/frappe/utils/background_jobs.py", line 240, in execute_job
    for before_job_task in frappe.get_hooks("before_job"):
  File "/home/johnatas/nexforce/apps/frappe/frappe/__init__.py", line 1571, in get_hooks
    hooks = _load_app_hooks()
  File "/home/johnatas/nexforce/apps/frappe/frappe/utils/caching.py", line 64, in wrapper
    return_val = func(*args, **kwargs)
  File "/home/johnatas/nexforce/apps/frappe/frappe/__init__.py", line 1540, in _load_app_hooks
    app_hooks = get_module(f"{app}.hooks")
  File "/home/johnatas/nexforce/apps/frappe/frappe/__init__.py", line 1406, in get_module
    return importlib.import_module(modulename)
  File "/usr/lib/python3.10/importlib/__init__.py", line 126, in import_module
    return _bootstrap._gcd_import(name[level:], package, level)
  File "<frozen importlib._bootstrap>", line 1050, in _gcd_import
  File "<frozen importlib._bootstrap>", line 1027, in _find_and_load
  File "<frozen importlib._bootstrap>", line 1004, in _find_and_load_unlocked
ModuleNotFoundError: No module named 'scheduling_system.hooks'

2025-02-13 19:32:00,835 [Job scheduling_system.localhost||scheduled_job||o9v5l84vlg]: exception raised while executing (frappe.utils.background_jobs.execute_job)
Traceback (most recent call last):
  File "/home/johnatas/nexforce/apps/frappe/frappe/utils/caching.py", line 62, in wrapper
    return _cache[func][args_key]
KeyError: 5740354900026072187

During handling of the above exception, another exception occurred:

Traceback (most recent call last):
  File "/home/johnatas/nexforce/env/lib/python3.10/site-packages/rq/worker.py", line 1633, in perform_job
    return_value = job.perform()
  File "/home/johnatas/nexforce/env/lib/python3.10/site-packages/rq/job.py", line 1331, in perform
    self._result = self._execute()
  File "/home/johnatas/nexforce/env/lib/python3.10/site-packages/rq/job.py", line 1365, in _execute
    result = self.func(*self.args, **self.kwargs)
  File "/home/johnatas/nexforce/apps/frappe/frappe/utils/background_jobs.py", line 240, in execute_job
    for before_job_task in frappe.get_hooks("before_job"):
  File "/home/johnatas/nexforce/apps/frappe/frappe/__init__.py", line 1571, in get_hooks
    hooks = _load_app_hooks()
  File "/home/johnatas/nexforce/apps/frappe/frappe/utils/caching.py", line 64, in wrapper
    return_val = func(*args, **kwargs)
  File "/home/johnatas/nexforce/apps/frappe/frappe/__init__.py", line 1540, in _load_app_hooks
    app_hooks = get_module(f"{app}.hooks")
  File "/home/johnatas/nexforce/apps/frappe/frappe/__init__.py", line 1406, in get_module
    return importlib.import_module(modulename)
  File "/usr/lib/python3.10/importlib/__init__.py", line 126, in import_module
    return _bootstrap._gcd_import(name[level:], package, level)
  File "<frozen importlib._bootstrap>", line 1050, in _gcd_import
  File "<frozen importlib._bootstrap>", line 1027, in _find_and_load
  File "<frozen importlib._bootstrap>", line 1004, in _find_and_load_unlocked
ModuleNotFoundError: No module named 'scheduling_system.hooks'

2025-02-13 19:36:00,709 [Job scheduling_system.localhost||scheduled_job||o9voquv4ur]: exception raised while executing (frappe.utils.background_jobs.execute_job)
Traceback (most recent call last):
  File "/home/johnatas/nexforce/apps/frappe/frappe/utils/caching.py", line 62, in wrapper
    return _cache[func][args_key]
KeyError: 5740354900026072187

During handling of the above exception, another exception occurred:

Traceback (most recent call last):
  File "/home/johnatas/nexforce/env/lib/python3.10/site-packages/rq/worker.py", line 1633, in perform_job
    return_value = job.perform()
  File "/home/johnatas/nexforce/env/lib/python3.10/site-packages/rq/job.py", line 1331, in perform
    self._result = self._execute()
  File "/home/johnatas/nexforce/env/lib/python3.10/site-packages/rq/job.py", line 1365, in _execute
    result = self.func(*self.args, **self.kwargs)
  File "/home/johnatas/nexforce/apps/frappe/frappe/utils/background_jobs.py", line 240, in execute_job
    for before_job_task in frappe.get_hooks("before_job"):
  File "/home/johnatas/nexforce/apps/frappe/frappe/__init__.py", line 1571, in get_hooks
    hooks = _load_app_hooks()
  File "/home/johnatas/nexforce/apps/frappe/frappe/utils/caching.py", line 64, in wrapper
    return_val = func(*args, **kwargs)
  File "/home/johnatas/nexforce/apps/frappe/frappe/__init__.py", line 1540, in _load_app_hooks
    app_hooks = get_module(f"{app}.hooks")
  File "/home/johnatas/nexforce/apps/frappe/frappe/__init__.py", line 1406, in get_module
    return importlib.import_module(modulename)
  File "/usr/lib/python3.10/importlib/__init__.py", line 126, in import_module
    return _bootstrap._gcd_import(name[level:], package, level)
  File "<frozen importlib._bootstrap>", line 1050, in _gcd_import
  File "<frozen importlib._bootstrap>", line 1027, in _find_and_load
  File "<frozen importlib._bootstrap>", line 1004, in _find_and_load_unlocked
ModuleNotFoundError: No module named 'scheduling_system.hooks'

2025-02-13 19:36:00,779 [Job scheduling_system.localhost||scheduled_job||o9vvlg72gv]: exception raised while executing (frappe.utils.background_jobs.execute_job)
Traceback (most recent call last):
  File "/home/johnatas/nexforce/apps/frappe/frappe/utils/caching.py", line 62, in wrapper
    return _cache[func][args_key]
KeyError: 5740354900026072187

During handling of the above exception, another exception occurred:

Traceback (most recent call last):
  File "/home/johnatas/nexforce/env/lib/python3.10/site-packages/rq/worker.py", line 1633, in perform_job
    return_value = job.perform()
  File "/home/johnatas/nexforce/env/lib/python3.10/site-packages/rq/job.py", line 1331, in perform
    self._result = self._execute()
  File "/home/johnatas/nexforce/env/lib/python3.10/site-packages/rq/job.py", line 1365, in _execute
    result = self.func(*self.args, **self.kwargs)
  File "/home/johnatas/nexforce/apps/frappe/frappe/utils/background_jobs.py", line 240, in execute_job
    for before_job_task in frappe.get_hooks("before_job"):
  File "/home/johnatas/nexforce/apps/frappe/frappe/__init__.py", line 1571, in get_hooks
    hooks = _load_app_hooks()
  File "/home/johnatas/nexforce/apps/frappe/frappe/utils/caching.py", line 64, in wrapper
    return_val = func(*args, **kwargs)
  File "/home/johnatas/nexforce/apps/frappe/frappe/__init__.py", line 1540, in _load_app_hooks
    app_hooks = get_module(f"{app}.hooks")
  File "/home/johnatas/nexforce/apps/frappe/frappe/__init__.py", line 1406, in get_module
    return importlib.import_module(modulename)
  File "/usr/lib/python3.10/importlib/__init__.py", line 126, in import_module
    return _bootstrap._gcd_import(name[level:], package, level)
  File "<frozen importlib._bootstrap>", line 1050, in _gcd_import
  File "<frozen importlib._bootstrap>", line 1027, in _find_and_load
  File "<frozen importlib._bootstrap>", line 1004, in _find_and_load_unlocked
ModuleNotFoundError: No module named 'scheduling_system.hooks'

2025-02-13 19:36:00,827 [Job scheduling_system.localhost||scheduled_job||o9vam9cl1a]: exception raised while executing (frappe.utils.background_jobs.execute_job)
Traceback (most recent call last):
  File "/home/johnatas/nexforce/apps/frappe/frappe/utils/caching.py", line 62, in wrapper
    return _cache[func][args_key]
KeyError: 5740354900026072187

During handling of the above exception, another exception occurred:

Traceback (most recent call last):
  File "/home/johnatas/nexforce/env/lib/python3.10/site-packages/rq/worker.py", line 1633, in perform_job
    return_value = job.perform()
  File "/home/johnatas/nexforce/env/lib/python3.10/site-packages/rq/job.py", line 1331, in perform
    self._result = self._execute()
  File "/home/johnatas/nexforce/env/lib/python3.10/site-packages/rq/job.py", line 1365, in _execute
    result = self.func(*self.args, **self.kwargs)
  File "/home/johnatas/nexforce/apps/frappe/frappe/utils/background_jobs.py", line 240, in execute_job
    for before_job_task in frappe.get_hooks("before_job"):
  File "/home/johnatas/nexforce/apps/frappe/frappe/__init__.py", line 1571, in get_hooks
    hooks = _load_app_hooks()
  File "/home/johnatas/nexforce/apps/frappe/frappe/utils/caching.py", line 64, in wrapper
    return_val = func(*args, **kwargs)
  File "/home/johnatas/nexforce/apps/frappe/frappe/__init__.py", line 1540, in _load_app_hooks
    app_hooks = get_module(f"{app}.hooks")
  File "/home/johnatas/nexforce/apps/frappe/frappe/__init__.py", line 1406, in get_module
    return importlib.import_module(modulename)
  File "/usr/lib/python3.10/importlib/__init__.py", line 126, in import_module
    return _bootstrap._gcd_import(name[level:], package, level)
  File "<frozen importlib._bootstrap>", line 1050, in _gcd_import
  File "<frozen importlib._bootstrap>", line 1027, in _find_and_load
  File "<frozen importlib._bootstrap>", line 1004, in _find_and_load_unlocked
ModuleNotFoundError: No module named 'scheduling_system.hooks'

2025-02-13 19:36:00,875 [Job scheduling_system.localhost||scheduled_job||o9v3najnqi]: exception raised while executing (frappe.utils.background_jobs.execute_job)
Traceback (most recent call last):
  File "/home/johnatas/nexforce/apps/frappe/frappe/utils/caching.py", line 62, in wrapper
    return _cache[func][args_key]
KeyError: 5740354900026072187

During handling of the above exception, another exception occurred:

Traceback (most recent call last):
  File "/home/johnatas/nexforce/env/lib/python3.10/site-packages/rq/worker.py", line 1633, in perform_job
    return_value = job.perform()
  File "/home/johnatas/nexforce/env/lib/python3.10/site-packages/rq/job.py", line 1331, in perform
    self._result = self._execute()
  File "/home/johnatas/nexforce/env/lib/python3.10/site-packages/rq/job.py", line 1365, in _execute
    result = self.func(*self.args, **self.kwargs)
  File "/home/johnatas/nexforce/apps/frappe/frappe/utils/background_jobs.py", line 240, in execute_job
    for before_job_task in frappe.get_hooks("before_job"):
  File "/home/johnatas/nexforce/apps/frappe/frappe/__init__.py", line 1571, in get_hooks
    hooks = _load_app_hooks()
  File "/home/johnatas/nexforce/apps/frappe/frappe/utils/caching.py", line 64, in wrapper
    return_val = func(*args, **kwargs)
  File "/home/johnatas/nexforce/apps/frappe/frappe/__init__.py", line 1540, in _load_app_hooks
    app_hooks = get_module(f"{app}.hooks")
  File "/home/johnatas/nexforce/apps/frappe/frappe/__init__.py", line 1406, in get_module
    return importlib.import_module(modulename)
  File "/usr/lib/python3.10/importlib/__init__.py", line 126, in import_module
    return _bootstrap._gcd_import(name[level:], package, level)
  File "<frozen importlib._bootstrap>", line 1050, in _gcd_import
  File "<frozen importlib._bootstrap>", line 1027, in _find_and_load
  File "<frozen importlib._bootstrap>", line 1004, in _find_and_load_unlocked
ModuleNotFoundError: No module named 'scheduling_system.hooks'

2025-02-13 19:36:00,927 [Job scheduling_system.localhost||scheduled_job||o9v5l84vlg]: exception raised while executing (frappe.utils.background_jobs.execute_job)
Traceback (most recent call last):
  File "/home/johnatas/nexforce/apps/frappe/frappe/utils/caching.py", line 62, in wrapper
    return _cache[func][args_key]
KeyError: 5740354900026072187

During handling of the above exception, another exception occurred:

Traceback (most recent call last):
  File "/home/johnatas/nexforce/env/lib/python3.10/site-packages/rq/worker.py", line 1633, in perform_job
    return_value = job.perform()
  File "/home/johnatas/nexforce/env/lib/python3.10/site-packages/rq/job.py", line 1331, in perform
    self._result = self._execute()
  File "/home/johnatas/nexforce/env/lib/python3.10/site-packages/rq/job.py", line 1365, in _execute
    result = self.func(*self.args, **self.kwargs)
  File "/home/johnatas/nexforce/apps/frappe/frappe/utils/background_jobs.py", line 240, in execute_job
    for before_job_task in frappe.get_hooks("before_job"):
  File "/home/johnatas/nexforce/apps/frappe/frappe/__init__.py", line 1571, in get_hooks
    hooks = _load_app_hooks()
  File "/home/johnatas/nexforce/apps/frappe/frappe/utils/caching.py", line 64, in wrapper
    return_val = func(*args, **kwargs)
  File "/home/johnatas/nexforce/apps/frappe/frappe/__init__.py", line 1540, in _load_app_hooks
    app_hooks = get_module(f"{app}.hooks")
  File "/home/johnatas/nexforce/apps/frappe/frappe/__init__.py", line 1406, in get_module
    return importlib.import_module(modulename)
  File "/usr/lib/python3.10/importlib/__init__.py", line 126, in import_module
    return _bootstrap._gcd_import(name[level:], package, level)
  File "<frozen importlib._bootstrap>", line 1050, in _gcd_import
  File "<frozen importlib._bootstrap>", line 1027, in _find_and_load
  File "<frozen importlib._bootstrap>", line 1004, in _find_and_load_unlocked
ModuleNotFoundError: No module named 'scheduling_system.hooks'

2025-02-13 19:36:00,980 [Job scheduling_system.localhost||scheduled_job||o9vmiu7fms]: exception raised while executing (frappe.utils.background_jobs.execute_job)
Traceback (most recent call last):
  File "/home/johnatas/nexforce/apps/frappe/frappe/utils/caching.py", line 62, in wrapper
    return _cache[func][args_key]
KeyError: 5740354900026072187

During handling of the above exception, another exception occurred:

Traceback (most recent call last):
  File "/home/johnatas/nexforce/env/lib/python3.10/site-packages/rq/worker.py", line 1633, in perform_job
    return_value = job.perform()
  File "/home/johnatas/nexforce/env/lib/python3.10/site-packages/rq/job.py", line 1331, in perform
    self._result = self._execute()
  File "/home/johnatas/nexforce/env/lib/python3.10/site-packages/rq/job.py", line 1365, in _execute
    result = self.func(*self.args, **self.kwargs)
  File "/home/johnatas/nexforce/apps/frappe/frappe/utils/background_jobs.py", line 240, in execute_job
    for before_job_task in frappe.get_hooks("before_job"):
  File "/home/johnatas/nexforce/apps/frappe/frappe/__init__.py", line 1571, in get_hooks
    hooks = _load_app_hooks()
  File "/home/johnatas/nexforce/apps/frappe/frappe/utils/caching.py", line 64, in wrapper
    return_val = func(*args, **kwargs)
  File "/home/johnatas/nexforce/apps/frappe/frappe/__init__.py", line 1540, in _load_app_hooks
    app_hooks = get_module(f"{app}.hooks")
  File "/home/johnatas/nexforce/apps/frappe/frappe/__init__.py", line 1406, in get_module
    return importlib.import_module(modulename)
  File "/usr/lib/python3.10/importlib/__init__.py", line 126, in import_module
    return _bootstrap._gcd_import(name[level:], package, level)
  File "<frozen importlib._bootstrap>", line 1050, in _gcd_import
  File "<frozen importlib._bootstrap>", line 1027, in _find_and_load
  File "<frozen importlib._bootstrap>", line 1004, in _find_and_load_unlocked
ModuleNotFoundError: No module named 'scheduling_system.hooks'

2025-02-13 19:36:01,034 [Job scheduling_system.localhost||scheduled_job||o9v4ci2263]: exception raised while executing (frappe.utils.background_jobs.execute_job)
Traceback (most recent call last):
  File "/home/johnatas/nexforce/apps/frappe/frappe/utils/caching.py", line 62, in wrapper
    return _cache[func][args_key]
KeyError: 5740354900026072187

During handling of the above exception, another exception occurred:

Traceback (most recent call last):
  File "/home/johnatas/nexforce/env/lib/python3.10/site-packages/rq/worker.py", line 1633, in perform_job
    return_value = job.perform()
  File "/home/johnatas/nexforce/env/lib/python3.10/site-packages/rq/job.py", line 1331, in perform
    self._result = self._execute()
  File "/home/johnatas/nexforce/env/lib/python3.10/site-packages/rq/job.py", line 1365, in _execute
    result = self.func(*self.args, **self.kwargs)
  File "/home/johnatas/nexforce/apps/frappe/frappe/utils/background_jobs.py", line 240, in execute_job
    for before_job_task in frappe.get_hooks("before_job"):
  File "/home/johnatas/nexforce/apps/frappe/frappe/__init__.py", line 1571, in get_hooks
    hooks = _load_app_hooks()
  File "/home/johnatas/nexforce/apps/frappe/frappe/utils/caching.py", line 64, in wrapper
    return_val = func(*args, **kwargs)
  File "/home/johnatas/nexforce/apps/frappe/frappe/__init__.py", line 1540, in _load_app_hooks
    app_hooks = get_module(f"{app}.hooks")
  File "/home/johnatas/nexforce/apps/frappe/frappe/__init__.py", line 1406, in get_module
    return importlib.import_module(modulename)
  File "/usr/lib/python3.10/importlib/__init__.py", line 126, in import_module
    return _bootstrap._gcd_import(name[level:], package, level)
  File "<frozen importlib._bootstrap>", line 1050, in _gcd_import
  File "<frozen importlib._bootstrap>", line 1027, in _find_and_load
  File "<frozen importlib._bootstrap>", line 1004, in _find_and_load_unlocked
ModuleNotFoundError: No module named 'scheduling_system.hooks'

2025-02-13 19:36:01,085 [Job scheduling_system.localhost||scheduled_job||o9vb4ecevt]: exception raised while executing (frappe.utils.background_jobs.execute_job)
Traceback (most recent call last):
  File "/home/johnatas/nexforce/apps/frappe/frappe/utils/caching.py", line 62, in wrapper
    return _cache[func][args_key]
KeyError: 5740354900026072187

During handling of the above exception, another exception occurred:

Traceback (most recent call last):
  File "/home/johnatas/nexforce/env/lib/python3.10/site-packages/rq/worker.py", line 1633, in perform_job
    return_value = job.perform()
  File "/home/johnatas/nexforce/env/lib/python3.10/site-packages/rq/job.py", line 1331, in perform
    self._result = self._execute()
  File "/home/johnatas/nexforce/env/lib/python3.10/site-packages/rq/job.py", line 1365, in _execute
    result = self.func(*self.args, **self.kwargs)
  File "/home/johnatas/nexforce/apps/frappe/frappe/utils/background_jobs.py", line 240, in execute_job
    for before_job_task in frappe.get_hooks("before_job"):
  File "/home/johnatas/nexforce/apps/frappe/frappe/__init__.py", line 1571, in get_hooks
    hooks = _load_app_hooks()
  File "/home/johnatas/nexforce/apps/frappe/frappe/utils/caching.py", line 64, in wrapper
    return_val = func(*args, **kwargs)
  File "/home/johnatas/nexforce/apps/frappe/frappe/__init__.py", line 1540, in _load_app_hooks
    app_hooks = get_module(f"{app}.hooks")
  File "/home/johnatas/nexforce/apps/frappe/frappe/__init__.py", line 1406, in get_module
    return importlib.import_module(modulename)
  File "/usr/lib/python3.10/importlib/__init__.py", line 126, in import_module
    return _bootstrap._gcd_import(name[level:], package, level)
  File "<frozen importlib._bootstrap>", line 1050, in _gcd_import
  File "<frozen importlib._bootstrap>", line 1027, in _find_and_load
  File "<frozen importlib._bootstrap>", line 1004, in _find_and_load_unlocked
ModuleNotFoundError: No module named 'scheduling_system.hooks'

2025-02-13 19:36:01,138 [Job scheduling_system.localhost||scheduled_job||o9va5fs21k]: exception raised while executing (frappe.utils.background_jobs.execute_job)
Traceback (most recent call last):
  File "/home/johnatas/nexforce/apps/frappe/frappe/utils/caching.py", line 62, in wrapper
    return _cache[func][args_key]
KeyError: 5740354900026072187

During handling of the above exception, another exception occurred:

Traceback (most recent call last):
  File "/home/johnatas/nexforce/env/lib/python3.10/site-packages/rq/worker.py", line 1633, in perform_job
    return_value = job.perform()
  File "/home/johnatas/nexforce/env/lib/python3.10/site-packages/rq/job.py", line 1331, in perform
    self._result = self._execute()
  File "/home/johnatas/nexforce/env/lib/python3.10/site-packages/rq/job.py", line 1365, in _execute
    result = self.func(*self.args, **self.kwargs)
  File "/home/johnatas/nexforce/apps/frappe/frappe/utils/background_jobs.py", line 240, in execute_job
    for before_job_task in frappe.get_hooks("before_job"):
  File "/home/johnatas/nexforce/apps/frappe/frappe/__init__.py", line 1571, in get_hooks
    hooks = _load_app_hooks()
  File "/home/johnatas/nexforce/apps/frappe/frappe/utils/caching.py", line 64, in wrapper
    return_val = func(*args, **kwargs)
  File "/home/johnatas/nexforce/apps/frappe/frappe/__init__.py", line 1540, in _load_app_hooks
    app_hooks = get_module(f"{app}.hooks")
  File "/home/johnatas/nexforce/apps/frappe/frappe/__init__.py", line 1406, in get_module
    return importlib.import_module(modulename)
  File "/usr/lib/python3.10/importlib/__init__.py", line 126, in import_module
    return _bootstrap._gcd_import(name[level:], package, level)
  File "<frozen importlib._bootstrap>", line 1050, in _gcd_import
  File "<frozen importlib._bootstrap>", line 1027, in _find_and_load
  File "<frozen importlib._bootstrap>", line 1004, in _find_and_load_unlocked
ModuleNotFoundError: No module named 'scheduling_system.hooks'

2025-02-13 19:36:01,193 [Job scheduling_system.localhost||scheduled_job||o9van95siu]: exception raised while executing (frappe.utils.background_jobs.execute_job)
Traceback (most recent call last):
  File "/home/johnatas/nexforce/apps/frappe/frappe/utils/caching.py", line 62, in wrapper
    return _cache[func][args_key]
KeyError: 5740354900026072187

During handling of the above exception, another exception occurred:

Traceback (most recent call last):
  File "/home/johnatas/nexforce/env/lib/python3.10/site-packages/rq/worker.py", line 1633, in perform_job
    return_value = job.perform()
  File "/home/johnatas/nexforce/env/lib/python3.10/site-packages/rq/job.py", line 1331, in perform
    self._result = self._execute()
  File "/home/johnatas/nexforce/env/lib/python3.10/site-packages/rq/job.py", line 1365, in _execute
    result = self.func(*self.args, **self.kwargs)
  File "/home/johnatas/nexforce/apps/frappe/frappe/utils/background_jobs.py", line 240, in execute_job
    for before_job_task in frappe.get_hooks("before_job"):
  File "/home/johnatas/nexforce/apps/frappe/frappe/__init__.py", line 1571, in get_hooks
    hooks = _load_app_hooks()
  File "/home/johnatas/nexforce/apps/frappe/frappe/utils/caching.py", line 64, in wrapper
    return_val = func(*args, **kwargs)
  File "/home/johnatas/nexforce/apps/frappe/frappe/__init__.py", line 1540, in _load_app_hooks
    app_hooks = get_module(f"{app}.hooks")
  File "/home/johnatas/nexforce/apps/frappe/frappe/__init__.py", line 1406, in get_module
    return importlib.import_module(modulename)
  File "/usr/lib/python3.10/importlib/__init__.py", line 126, in import_module
    return _bootstrap._gcd_import(name[level:], package, level)
  File "<frozen importlib._bootstrap>", line 1050, in _gcd_import
  File "<frozen importlib._bootstrap>", line 1027, in _find_and_load
  File "<frozen importlib._bootstrap>", line 1004, in _find_and_load_unlocked
ModuleNotFoundError: No module named 'scheduling_system.hooks'

2025-02-13 19:36:01,248 [Job scheduling_system.localhost||scheduled_job||o9vmgasq8i]: exception raised while executing (frappe.utils.background_jobs.execute_job)
Traceback (most recent call last):
  File "/home/johnatas/nexforce/apps/frappe/frappe/utils/caching.py", line 62, in wrapper
    return _cache[func][args_key]
KeyError: 5740354900026072187

During handling of the above exception, another exception occurred:

Traceback (most recent call last):
  File "/home/johnatas/nexforce/env/lib/python3.10/site-packages/rq/worker.py", line 1633, in perform_job
    return_value = job.perform()
  File "/home/johnatas/nexforce/env/lib/python3.10/site-packages/rq/job.py", line 1331, in perform
    self._result = self._execute()
  File "/home/johnatas/nexforce/env/lib/python3.10/site-packages/rq/job.py", line 1365, in _execute
    result = self.func(*self.args, **self.kwargs)
  File "/home/johnatas/nexforce/apps/frappe/frappe/utils/background_jobs.py", line 240, in execute_job
    for before_job_task in frappe.get_hooks("before_job"):
  File "/home/johnatas/nexforce/apps/frappe/frappe/__init__.py", line 1571, in get_hooks
    hooks = _load_app_hooks()
  File "/home/johnatas/nexforce/apps/frappe/frappe/utils/caching.py", line 64, in wrapper
    return_val = func(*args, **kwargs)
  File "/home/johnatas/nexforce/apps/frappe/frappe/__init__.py", line 1540, in _load_app_hooks
    app_hooks = get_module(f"{app}.hooks")
  File "/home/johnatas/nexforce/apps/frappe/frappe/__init__.py", line 1406, in get_module
    return importlib.import_module(modulename)
  File "/usr/lib/python3.10/importlib/__init__.py", line 126, in import_module
    return _bootstrap._gcd_import(name[level:], package, level)
  File "<frozen importlib._bootstrap>", line 1050, in _gcd_import
  File "<frozen importlib._bootstrap>", line 1027, in _find_and_load
  File "<frozen importlib._bootstrap>", line 1004, in _find_and_load_unlocked
ModuleNotFoundError: No module named 'scheduling_system.hooks'

2025-02-13 19:36:01,300 [Job scheduling_system.localhost||scheduled_job||o9vdfng9lr]: exception raised while executing (frappe.utils.background_jobs.execute_job)
Traceback (most recent call last):
  File "/home/johnatas/nexforce/apps/frappe/frappe/utils/caching.py", line 62, in wrapper
    return _cache[func][args_key]
KeyError: 5740354900026072187

During handling of the above exception, another exception occurred:

Traceback (most recent call last):
  File "/home/johnatas/nexforce/env/lib/python3.10/site-packages/rq/worker.py", line 1633, in perform_job
    return_value = job.perform()
  File "/home/johnatas/nexforce/env/lib/python3.10/site-packages/rq/job.py", line 1331, in perform
    self._result = self._execute()
  File "/home/johnatas/nexforce/env/lib/python3.10/site-packages/rq/job.py", line 1365, in _execute
    result = self.func(*self.args, **self.kwargs)
  File "/home/johnatas/nexforce/apps/frappe/frappe/utils/background_jobs.py", line 240, in execute_job
    for before_job_task in frappe.get_hooks("before_job"):
  File "/home/johnatas/nexforce/apps/frappe/frappe/__init__.py", line 1571, in get_hooks
    hooks = _load_app_hooks()
  File "/home/johnatas/nexforce/apps/frappe/frappe/utils/caching.py", line 64, in wrapper
    return_val = func(*args, **kwargs)
  File "/home/johnatas/nexforce/apps/frappe/frappe/__init__.py", line 1540, in _load_app_hooks
    app_hooks = get_module(f"{app}.hooks")
  File "/home/johnatas/nexforce/apps/frappe/frappe/__init__.py", line 1406, in get_module
    return importlib.import_module(modulename)
  File "/usr/lib/python3.10/importlib/__init__.py", line 126, in import_module
    return _bootstrap._gcd_import(name[level:], package, level)
  File "<frozen importlib._bootstrap>", line 1050, in _gcd_import
  File "<frozen importlib._bootstrap>", line 1027, in _find_and_load
  File "<frozen importlib._bootstrap>", line 1004, in _find_and_load_unlocked
ModuleNotFoundError: No module named 'scheduling_system.hooks'

2025-02-13 19:40:01,039 [Job scheduling_system.localhost||scheduled_job||o9vdfng9lr]: exception raised while executing (frappe.utils.background_jobs.execute_job)
Traceback (most recent call last):
  File "/home/johnatas/nexforce/apps/frappe/frappe/utils/caching.py", line 62, in wrapper
    return _cache[func][args_key]
KeyError: 5740354900026072187

During handling of the above exception, another exception occurred:

Traceback (most recent call last):
  File "/home/johnatas/nexforce/env/lib/python3.10/site-packages/rq/worker.py", line 1633, in perform_job
    return_value = job.perform()
  File "/home/johnatas/nexforce/env/lib/python3.10/site-packages/rq/job.py", line 1331, in perform
    self._result = self._execute()
  File "/home/johnatas/nexforce/env/lib/python3.10/site-packages/rq/job.py", line 1365, in _execute
    result = self.func(*self.args, **self.kwargs)
  File "/home/johnatas/nexforce/apps/frappe/frappe/utils/background_jobs.py", line 240, in execute_job
    for before_job_task in frappe.get_hooks("before_job"):
  File "/home/johnatas/nexforce/apps/frappe/frappe/__init__.py", line 1571, in get_hooks
    hooks = _load_app_hooks()
  File "/home/johnatas/nexforce/apps/frappe/frappe/utils/caching.py", line 64, in wrapper
    return_val = func(*args, **kwargs)
  File "/home/johnatas/nexforce/apps/frappe/frappe/__init__.py", line 1540, in _load_app_hooks
    app_hooks = get_module(f"{app}.hooks")
  File "/home/johnatas/nexforce/apps/frappe/frappe/__init__.py", line 1406, in get_module
    return importlib.import_module(modulename)
  File "/usr/lib/python3.10/importlib/__init__.py", line 126, in import_module
    return _bootstrap._gcd_import(name[level:], package, level)
  File "<frozen importlib._bootstrap>", line 1050, in _gcd_import
  File "<frozen importlib._bootstrap>", line 1027, in _find_and_load
  File "<frozen importlib._bootstrap>", line 1004, in _find_and_load_unlocked
ModuleNotFoundError: No module named 'scheduling_system.hooks'

2025-02-13 19:40:01,102 [Job scheduling_system.localhost||scheduled_job||o9vmiu7fms]: exception raised while executing (frappe.utils.background_jobs.execute_job)
Traceback (most recent call last):
  File "/home/johnatas/nexforce/apps/frappe/frappe/utils/caching.py", line 62, in wrapper
    return _cache[func][args_key]
KeyError: 5740354900026072187

During handling of the above exception, another exception occurred:

Traceback (most recent call last):
  File "/home/johnatas/nexforce/env/lib/python3.10/site-packages/rq/worker.py", line 1633, in perform_job
    return_value = job.perform()
  File "/home/johnatas/nexforce/env/lib/python3.10/site-packages/rq/job.py", line 1331, in perform
    self._result = self._execute()
  File "/home/johnatas/nexforce/env/lib/python3.10/site-packages/rq/job.py", line 1365, in _execute
    result = self.func(*self.args, **self.kwargs)
  File "/home/johnatas/nexforce/apps/frappe/frappe/utils/background_jobs.py", line 240, in execute_job
    for before_job_task in frappe.get_hooks("before_job"):
  File "/home/johnatas/nexforce/apps/frappe/frappe/__init__.py", line 1571, in get_hooks
    hooks = _load_app_hooks()
  File "/home/johnatas/nexforce/apps/frappe/frappe/utils/caching.py", line 64, in wrapper
    return_val = func(*args, **kwargs)
  File "/home/johnatas/nexforce/apps/frappe/frappe/__init__.py", line 1540, in _load_app_hooks
    app_hooks = get_module(f"{app}.hooks")
  File "/home/johnatas/nexforce/apps/frappe/frappe/__init__.py", line 1406, in get_module
    return importlib.import_module(modulename)
  File "/usr/lib/python3.10/importlib/__init__.py", line 126, in import_module
    return _bootstrap._gcd_import(name[level:], package, level)
  File "<frozen importlib._bootstrap>", line 1050, in _gcd_import
  File "<frozen importlib._bootstrap>", line 1027, in _find_and_load
  File "<frozen importlib._bootstrap>", line 1004, in _find_and_load_unlocked
ModuleNotFoundError: No module named 'scheduling_system.hooks'

2025-02-13 19:40:01,159 [Job scheduling_system.localhost||scheduled_job||o9vvlg72gv]: exception raised while executing (frappe.utils.background_jobs.execute_job)
Traceback (most recent call last):
  File "/home/johnatas/nexforce/apps/frappe/frappe/utils/caching.py", line 62, in wrapper
    return _cache[func][args_key]
KeyError: 5740354900026072187

During handling of the above exception, another exception occurred:

Traceback (most recent call last):
  File "/home/johnatas/nexforce/env/lib/python3.10/site-packages/rq/worker.py", line 1633, in perform_job
    return_value = job.perform()
  File "/home/johnatas/nexforce/env/lib/python3.10/site-packages/rq/job.py", line 1331, in perform
    self._result = self._execute()
  File "/home/johnatas/nexforce/env/lib/python3.10/site-packages/rq/job.py", line 1365, in _execute
    result = self.func(*self.args, **self.kwargs)
  File "/home/johnatas/nexforce/apps/frappe/frappe/utils/background_jobs.py", line 240, in execute_job
    for before_job_task in frappe.get_hooks("before_job"):
  File "/home/johnatas/nexforce/apps/frappe/frappe/__init__.py", line 1571, in get_hooks
    hooks = _load_app_hooks()
  File "/home/johnatas/nexforce/apps/frappe/frappe/utils/caching.py", line 64, in wrapper
    return_val = func(*args, **kwargs)
  File "/home/johnatas/nexforce/apps/frappe/frappe/__init__.py", line 1540, in _load_app_hooks
    app_hooks = get_module(f"{app}.hooks")
  File "/home/johnatas/nexforce/apps/frappe/frappe/__init__.py", line 1406, in get_module
    return importlib.import_module(modulename)
  File "/usr/lib/python3.10/importlib/__init__.py", line 126, in import_module
    return _bootstrap._gcd_import(name[level:], package, level)
  File "<frozen importlib._bootstrap>", line 1050, in _gcd_import
  File "<frozen importlib._bootstrap>", line 1027, in _find_and_load
  File "<frozen importlib._bootstrap>", line 1004, in _find_and_load_unlocked
ModuleNotFoundError: No module named 'scheduling_system.hooks'

2025-02-13 19:40:01,210 [Job scheduling_system.localhost||scheduled_job||o9v3najnqi]: exception raised while executing (frappe.utils.background_jobs.execute_job)
Traceback (most recent call last):
  File "/home/johnatas/nexforce/apps/frappe/frappe/utils/caching.py", line 62, in wrapper
    return _cache[func][args_key]
KeyError: 5740354900026072187

During handling of the above exception, another exception occurred:

Traceback (most recent call last):
  File "/home/johnatas/nexforce/env/lib/python3.10/site-packages/rq/worker.py", line 1633, in perform_job
    return_value = job.perform()
  File "/home/johnatas/nexforce/env/lib/python3.10/site-packages/rq/job.py", line 1331, in perform
    self._result = self._execute()
  File "/home/johnatas/nexforce/env/lib/python3.10/site-packages/rq/job.py", line 1365, in _execute
    result = self.func(*self.args, **self.kwargs)
  File "/home/johnatas/nexforce/apps/frappe/frappe/utils/background_jobs.py", line 240, in execute_job
    for before_job_task in frappe.get_hooks("before_job"):
  File "/home/johnatas/nexforce/apps/frappe/frappe/__init__.py", line 1571, in get_hooks
    hooks = _load_app_hooks()
  File "/home/johnatas/nexforce/apps/frappe/frappe/utils/caching.py", line 64, in wrapper
    return_val = func(*args, **kwargs)
  File "/home/johnatas/nexforce/apps/frappe/frappe/__init__.py", line 1540, in _load_app_hooks
    app_hooks = get_module(f"{app}.hooks")
  File "/home/johnatas/nexforce/apps/frappe/frappe/__init__.py", line 1406, in get_module
    return importlib.import_module(modulename)
  File "/usr/lib/python3.10/importlib/__init__.py", line 126, in import_module
    return _bootstrap._gcd_import(name[level:], package, level)
  File "<frozen importlib._bootstrap>", line 1050, in _gcd_import
  File "<frozen importlib._bootstrap>", line 1027, in _find_and_load
  File "<frozen importlib._bootstrap>", line 1004, in _find_and_load_unlocked
ModuleNotFoundError: No module named 'scheduling_system.hooks'

2025-02-13 19:40:01,265 [Job scheduling_system.localhost||scheduled_job||o9v5l84vlg]: exception raised while executing (frappe.utils.background_jobs.execute_job)
Traceback (most recent call last):
  File "/home/johnatas/nexforce/apps/frappe/frappe/utils/caching.py", line 62, in wrapper
    return _cache[func][args_key]
KeyError: 5740354900026072187

During handling of the above exception, another exception occurred:

Traceback (most recent call last):
  File "/home/johnatas/nexforce/env/lib/python3.10/site-packages/rq/worker.py", line 1633, in perform_job
    return_value = job.perform()
  File "/home/johnatas/nexforce/env/lib/python3.10/site-packages/rq/job.py", line 1331, in perform
    self._result = self._execute()
  File "/home/johnatas/nexforce/env/lib/python3.10/site-packages/rq/job.py", line 1365, in _execute
    result = self.func(*self.args, **self.kwargs)
  File "/home/johnatas/nexforce/apps/frappe/frappe/utils/background_jobs.py", line 240, in execute_job
    for before_job_task in frappe.get_hooks("before_job"):
  File "/home/johnatas/nexforce/apps/frappe/frappe/__init__.py", line 1571, in get_hooks
    hooks = _load_app_hooks()
  File "/home/johnatas/nexforce/apps/frappe/frappe/utils/caching.py", line 64, in wrapper
    return_val = func(*args, **kwargs)
  File "/home/johnatas/nexforce/apps/frappe/frappe/__init__.py", line 1540, in _load_app_hooks
    app_hooks = get_module(f"{app}.hooks")
  File "/home/johnatas/nexforce/apps/frappe/frappe/__init__.py", line 1406, in get_module
    return importlib.import_module(modulename)
  File "/usr/lib/python3.10/importlib/__init__.py", line 126, in import_module
    return _bootstrap._gcd_import(name[level:], package, level)
  File "<frozen importlib._bootstrap>", line 1050, in _gcd_import
  File "<frozen importlib._bootstrap>", line 1027, in _find_and_load
  File "<frozen importlib._bootstrap>", line 1004, in _find_and_load_unlocked
ModuleNotFoundError: No module named 'scheduling_system.hooks'

2025-02-13 19:40:01,322 [Job scheduling_system.localhost||scheduled_job||o9van95siu]: exception raised while executing (frappe.utils.background_jobs.execute_job)
Traceback (most recent call last):
  File "/home/johnatas/nexforce/apps/frappe/frappe/utils/caching.py", line 62, in wrapper
    return _cache[func][args_key]
KeyError: 5740354900026072187

During handling of the above exception, another exception occurred:

Traceback (most recent call last):
  File "/home/johnatas/nexforce/env/lib/python3.10/site-packages/rq/worker.py", line 1633, in perform_job
    return_value = job.perform()
  File "/home/johnatas/nexforce/env/lib/python3.10/site-packages/rq/job.py", line 1331, in perform
    self._result = self._execute()
  File "/home/johnatas/nexforce/env/lib/python3.10/site-packages/rq/job.py", line 1365, in _execute
    result = self.func(*self.args, **self.kwargs)
  File "/home/johnatas/nexforce/apps/frappe/frappe/utils/background_jobs.py", line 240, in execute_job
    for before_job_task in frappe.get_hooks("before_job"):
  File "/home/johnatas/nexforce/apps/frappe/frappe/__init__.py", line 1571, in get_hooks
    hooks = _load_app_hooks()
  File "/home/johnatas/nexforce/apps/frappe/frappe/utils/caching.py", line 64, in wrapper
    return_val = func(*args, **kwargs)
  File "/home/johnatas/nexforce/apps/frappe/frappe/__init__.py", line 1540, in _load_app_hooks
    app_hooks = get_module(f"{app}.hooks")
  File "/home/johnatas/nexforce/apps/frappe/frappe/__init__.py", line 1406, in get_module
    return importlib.import_module(modulename)
  File "/usr/lib/python3.10/importlib/__init__.py", line 126, in import_module
    return _bootstrap._gcd_import(name[level:], package, level)
  File "<frozen importlib._bootstrap>", line 1050, in _gcd_import
  File "<frozen importlib._bootstrap>", line 1027, in _find_and_load
  File "<frozen importlib._bootstrap>", line 1004, in _find_and_load_unlocked
ModuleNotFoundError: No module named 'scheduling_system.hooks'

2025-02-13 19:40:01,398 [Job scheduling_system.localhost||scheduled_job||o9v4ci2263]: exception raised while executing (frappe.utils.background_jobs.execute_job)
Traceback (most recent call last):
  File "/home/johnatas/nexforce/apps/frappe/frappe/utils/caching.py", line 62, in wrapper
    return _cache[func][args_key]
KeyError: 5740354900026072187

During handling of the above exception, another exception occurred:

Traceback (most recent call last):
  File "/home/johnatas/nexforce/env/lib/python3.10/site-packages/rq/worker.py", line 1633, in perform_job
    return_value = job.perform()
  File "/home/johnatas/nexforce/env/lib/python3.10/site-packages/rq/job.py", line 1331, in perform
    self._result = self._execute()
  File "/home/johnatas/nexforce/env/lib/python3.10/site-packages/rq/job.py", line 1365, in _execute
    result = self.func(*self.args, **self.kwargs)
  File "/home/johnatas/nexforce/apps/frappe/frappe/utils/background_jobs.py", line 240, in execute_job
    for before_job_task in frappe.get_hooks("before_job"):
  File "/home/johnatas/nexforce/apps/frappe/frappe/__init__.py", line 1571, in get_hooks
    hooks = _load_app_hooks()
  File "/home/johnatas/nexforce/apps/frappe/frappe/utils/caching.py", line 64, in wrapper
    return_val = func(*args, **kwargs)
  File "/home/johnatas/nexforce/apps/frappe/frappe/__init__.py", line 1540, in _load_app_hooks
    app_hooks = get_module(f"{app}.hooks")
  File "/home/johnatas/nexforce/apps/frappe/frappe/__init__.py", line 1406, in get_module
    return importlib.import_module(modulename)
  File "/usr/lib/python3.10/importlib/__init__.py", line 126, in import_module
    return _bootstrap._gcd_import(name[level:], package, level)
  File "<frozen importlib._bootstrap>", line 1050, in _gcd_import
  File "<frozen importlib._bootstrap>", line 1027, in _find_and_load
  File "<frozen importlib._bootstrap>", line 1004, in _find_and_load_unlocked
ModuleNotFoundError: No module named 'scheduling_system.hooks'

2025-02-13 19:40:01,447 [Job scheduling_system.localhost||scheduled_job||o9vmgasq8i]: exception raised while executing (frappe.utils.background_jobs.execute_job)
Traceback (most recent call last):
  File "/home/johnatas/nexforce/apps/frappe/frappe/utils/caching.py", line 62, in wrapper
    return _cache[func][args_key]
KeyError: 5740354900026072187

During handling of the above exception, another exception occurred:

Traceback (most recent call last):
  File "/home/johnatas/nexforce/env/lib/python3.10/site-packages/rq/worker.py", line 1633, in perform_job
    return_value = job.perform()
  File "/home/johnatas/nexforce/env/lib/python3.10/site-packages/rq/job.py", line 1331, in perform
    self._result = self._execute()
  File "/home/johnatas/nexforce/env/lib/python3.10/site-packages/rq/job.py", line 1365, in _execute
    result = self.func(*self.args, **self.kwargs)
  File "/home/johnatas/nexforce/apps/frappe/frappe/utils/background_jobs.py", line 240, in execute_job
    for before_job_task in frappe.get_hooks("before_job"):
  File "/home/johnatas/nexforce/apps/frappe/frappe/__init__.py", line 1571, in get_hooks
    hooks = _load_app_hooks()
  File "/home/johnatas/nexforce/apps/frappe/frappe/utils/caching.py", line 64, in wrapper
    return_val = func(*args, **kwargs)
  File "/home/johnatas/nexforce/apps/frappe/frappe/__init__.py", line 1540, in _load_app_hooks
    app_hooks = get_module(f"{app}.hooks")
  File "/home/johnatas/nexforce/apps/frappe/frappe/__init__.py", line 1406, in get_module
    return importlib.import_module(modulename)
  File "/usr/lib/python3.10/importlib/__init__.py", line 126, in import_module
    return _bootstrap._gcd_import(name[level:], package, level)
  File "<frozen importlib._bootstrap>", line 1050, in _gcd_import
  File "<frozen importlib._bootstrap>", line 1027, in _find_and_load
  File "<frozen importlib._bootstrap>", line 1004, in _find_and_load_unlocked
ModuleNotFoundError: No module named 'scheduling_system.hooks'

2025-02-13 19:40:01,496 [Job scheduling_system.localhost||scheduled_job||o9vam9cl1a]: exception raised while executing (frappe.utils.background_jobs.execute_job)
Traceback (most recent call last):
  File "/home/johnatas/nexforce/apps/frappe/frappe/utils/caching.py", line 62, in wrapper
    return _cache[func][args_key]
KeyError: 5740354900026072187

During handling of the above exception, another exception occurred:

Traceback (most recent call last):
  File "/home/johnatas/nexforce/env/lib/python3.10/site-packages/rq/worker.py", line 1633, in perform_job
    return_value = job.perform()
  File "/home/johnatas/nexforce/env/lib/python3.10/site-packages/rq/job.py", line 1331, in perform
    self._result = self._execute()
  File "/home/johnatas/nexforce/env/lib/python3.10/site-packages/rq/job.py", line 1365, in _execute
    result = self.func(*self.args, **self.kwargs)
  File "/home/johnatas/nexforce/apps/frappe/frappe/utils/background_jobs.py", line 240, in execute_job
    for before_job_task in frappe.get_hooks("before_job"):
  File "/home/johnatas/nexforce/apps/frappe/frappe/__init__.py", line 1571, in get_hooks
    hooks = _load_app_hooks()
  File "/home/johnatas/nexforce/apps/frappe/frappe/utils/caching.py", line 64, in wrapper
    return_val = func(*args, **kwargs)
  File "/home/johnatas/nexforce/apps/frappe/frappe/__init__.py", line 1540, in _load_app_hooks
    app_hooks = get_module(f"{app}.hooks")
  File "/home/johnatas/nexforce/apps/frappe/frappe/__init__.py", line 1406, in get_module
    return importlib.import_module(modulename)
  File "/usr/lib/python3.10/importlib/__init__.py", line 126, in import_module
    return _bootstrap._gcd_import(name[level:], package, level)
  File "<frozen importlib._bootstrap>", line 1050, in _gcd_import
  File "<frozen importlib._bootstrap>", line 1027, in _find_and_load
  File "<frozen importlib._bootstrap>", line 1004, in _find_and_load_unlocked
ModuleNotFoundError: No module named 'scheduling_system.hooks'

2025-02-13 19:40:01,556 [Job scheduling_system.localhost||scheduled_job||o9va5fs21k]: exception raised while executing (frappe.utils.background_jobs.execute_job)
Traceback (most recent call last):
  File "/home/johnatas/nexforce/apps/frappe/frappe/utils/caching.py", line 62, in wrapper
    return _cache[func][args_key]
KeyError: 5740354900026072187

During handling of the above exception, another exception occurred:

Traceback (most recent call last):
  File "/home/johnatas/nexforce/env/lib/python3.10/site-packages/rq/worker.py", line 1633, in perform_job
    return_value = job.perform()
  File "/home/johnatas/nexforce/env/lib/python3.10/site-packages/rq/job.py", line 1331, in perform
    self._result = self._execute()
  File "/home/johnatas/nexforce/env/lib/python3.10/site-packages/rq/job.py", line 1365, in _execute
    result = self.func(*self.args, **self.kwargs)
  File "/home/johnatas/nexforce/apps/frappe/frappe/utils/background_jobs.py", line 240, in execute_job
    for before_job_task in frappe.get_hooks("before_job"):
  File "/home/johnatas/nexforce/apps/frappe/frappe/__init__.py", line 1571, in get_hooks
    hooks = _load_app_hooks()
  File "/home/johnatas/nexforce/apps/frappe/frappe/utils/caching.py", line 64, in wrapper
    return_val = func(*args, **kwargs)
  File "/home/johnatas/nexforce/apps/frappe/frappe/__init__.py", line 1540, in _load_app_hooks
    app_hooks = get_module(f"{app}.hooks")
  File "/home/johnatas/nexforce/apps/frappe/frappe/__init__.py", line 1406, in get_module
    return importlib.import_module(modulename)
  File "/usr/lib/python3.10/importlib/__init__.py", line 126, in import_module
    return _bootstrap._gcd_import(name[level:], package, level)
  File "<frozen importlib._bootstrap>", line 1050, in _gcd_import
  File "<frozen importlib._bootstrap>", line 1027, in _find_and_load
  File "<frozen importlib._bootstrap>", line 1004, in _find_and_load_unlocked
ModuleNotFoundError: No module named 'scheduling_system.hooks'

2025-02-13 19:40:01,611 [Job scheduling_system.localhost||scheduled_job||o9vb4ecevt]: exception raised while executing (frappe.utils.background_jobs.execute_job)
Traceback (most recent call last):
  File "/home/johnatas/nexforce/apps/frappe/frappe/utils/caching.py", line 62, in wrapper
    return _cache[func][args_key]
KeyError: 5740354900026072187

During handling of the above exception, another exception occurred:

Traceback (most recent call last):
  File "/home/johnatas/nexforce/env/lib/python3.10/site-packages/rq/worker.py", line 1633, in perform_job
    return_value = job.perform()
  File "/home/johnatas/nexforce/env/lib/python3.10/site-packages/rq/job.py", line 1331, in perform
    self._result = self._execute()
  File "/home/johnatas/nexforce/env/lib/python3.10/site-packages/rq/job.py", line 1365, in _execute
    result = self.func(*self.args, **self.kwargs)
  File "/home/johnatas/nexforce/apps/frappe/frappe/utils/background_jobs.py", line 240, in execute_job
    for before_job_task in frappe.get_hooks("before_job"):
  File "/home/johnatas/nexforce/apps/frappe/frappe/__init__.py", line 1571, in get_hooks
    hooks = _load_app_hooks()
  File "/home/johnatas/nexforce/apps/frappe/frappe/utils/caching.py", line 64, in wrapper
    return_val = func(*args, **kwargs)
  File "/home/johnatas/nexforce/apps/frappe/frappe/__init__.py", line 1540, in _load_app_hooks
    app_hooks = get_module(f"{app}.hooks")
  File "/home/johnatas/nexforce/apps/frappe/frappe/__init__.py", line 1406, in get_module
    return importlib.import_module(modulename)
  File "/usr/lib/python3.10/importlib/__init__.py", line 126, in import_module
    return _bootstrap._gcd_import(name[level:], package, level)
  File "<frozen importlib._bootstrap>", line 1050, in _gcd_import
  File "<frozen importlib._bootstrap>", line 1027, in _find_and_load
  File "<frozen importlib._bootstrap>", line 1004, in _find_and_load_unlocked
ModuleNotFoundError: No module named 'scheduling_system.hooks'

2025-02-13 19:40:01,663 [Job scheduling_system.localhost||scheduled_job||o9voquv4ur]: exception raised while executing (frappe.utils.background_jobs.execute_job)
Traceback (most recent call last):
  File "/home/johnatas/nexforce/apps/frappe/frappe/utils/caching.py", line 62, in wrapper
    return _cache[func][args_key]
KeyError: 5740354900026072187

During handling of the above exception, another exception occurred:

Traceback (most recent call last):
  File "/home/johnatas/nexforce/env/lib/python3.10/site-packages/rq/worker.py", line 1633, in perform_job
    return_value = job.perform()
  File "/home/johnatas/nexforce/env/lib/python3.10/site-packages/rq/job.py", line 1331, in perform
    self._result = self._execute()
  File "/home/johnatas/nexforce/env/lib/python3.10/site-packages/rq/job.py", line 1365, in _execute
    result = self.func(*self.args, **self.kwargs)
  File "/home/johnatas/nexforce/apps/frappe/frappe/utils/background_jobs.py", line 240, in execute_job
    for before_job_task in frappe.get_hooks("before_job"):
  File "/home/johnatas/nexforce/apps/frappe/frappe/__init__.py", line 1571, in get_hooks
    hooks = _load_app_hooks()
  File "/home/johnatas/nexforce/apps/frappe/frappe/utils/caching.py", line 64, in wrapper
    return_val = func(*args, **kwargs)
  File "/home/johnatas/nexforce/apps/frappe/frappe/__init__.py", line 1540, in _load_app_hooks
    app_hooks = get_module(f"{app}.hooks")
  File "/home/johnatas/nexforce/apps/frappe/frappe/__init__.py", line 1406, in get_module
    return importlib.import_module(modulename)
  File "/usr/lib/python3.10/importlib/__init__.py", line 126, in import_module
    return _bootstrap._gcd_import(name[level:], package, level)
  File "<frozen importlib._bootstrap>", line 1050, in _gcd_import
  File "<frozen importlib._bootstrap>", line 1027, in _find_and_load
  File "<frozen importlib._bootstrap>", line 1004, in _find_and_load_unlocked
ModuleNotFoundError: No module named 'scheduling_system.hooks'

/home/johnatas/nexforce/env/lib/python3.10/site-packages/pypdf/_crypt_providers/_cryptography.py:32: CryptographyDeprecationWarning: ARC4 has been moved to cryptography.hazmat.decrepit.ciphers.algorithms.ARC4 and will be removed from this module in 48.0.0.
  from cryptography.hazmat.primitives.ciphers.algorithms import AES, ARC4
/home/johnatas/nexforce/env/lib/python3.10/site-packages/pypdf/_crypt_providers/_cryptography.py:32: CryptographyDeprecationWarning: ARC4 has been moved to cryptography.hazmat.decrepit.ciphers.algorithms.ARC4 and will be removed from this module in 48.0.0.
  from cryptography.hazmat.primitives.ciphers.algorithms import AES, ARC4
/home/johnatas/nexforce/env/lib/python3.10/site-packages/pypdf/_crypt_providers/_cryptography.py:32: CryptographyDeprecationWarning: ARC4 has been moved to cryptography.hazmat.decrepit.ciphers.algorithms.ARC4 and will be removed from this module in 48.0.0.
  from cryptography.hazmat.primitives.ciphers.algorithms import AES, ARC4
/home/johnatas/nexforce/env/lib/python3.10/site-packages/pypdf/_crypt_providers/_cryptography.py:32: CryptographyDeprecationWarning: ARC4 has been moved to cryptography.hazmat.decrepit.ciphers.algorithms.ARC4 and will be removed from this module in 48.0.0.
  from cryptography.hazmat.primitives.ciphers.algorithms import AES, ARC4
/home/johnatas/nexforce/env/lib/python3.10/site-packages/pypdf/_crypt_providers/_cryptography.py:32: CryptographyDeprecationWarning: ARC4 has been moved to cryptography.hazmat.decrepit.ciphers.algorithms.ARC4 and will be removed from this module in 48.0.0.
  from cryptography.hazmat.primitives.ciphers.algorithms import AES, ARC4
2025-02-13 20:02:22,900 [Job scheduling_system.localhost||815b28cf-dbe0-4baa-a984-f398280871c4]: exception raised while executing (frappe.utils.background_jobs.execute_job)
Traceback (most recent call last):
  File "/home/johnatas/nexforce/apps/frappe/frappe/email/receive.py", line 117, in connect_pop
    self.pop = poplib.POP3_SSL(
  File "/usr/lib/python3.10/poplib.py", line 452, in __init__
    POP3.__init__(self, host, port, timeout)
  File "/usr/lib/python3.10/poplib.py", line 104, in __init__
    self.sock = self._create_socket(timeout)
  File "/usr/lib/python3.10/poplib.py", line 455, in _create_socket
    sock = POP3._create_socket(self, timeout)
  File "/usr/lib/python3.10/poplib.py", line 112, in _create_socket
    return socket.create_connection((self.host, self.port), timeout)
  File "/usr/lib/python3.10/socket.py", line 845, in create_connection
    raise err
  File "/usr/lib/python3.10/socket.py", line 833, in create_connection
    sock.connect(sa)
TimeoutError: [Errno 110] Connection timed out

During handling of the above exception, another exception occurred:

Traceback (most recent call last):
  File "/home/johnatas/nexforce/apps/frappe/frappe/email/doctype/email_account/email_account.py", line 657, in get_inbound_mails
    email_server = self.get_incoming_server(in_receive=True, email_sync_rule=email_sync_rule)
  File "/home/johnatas/nexforce/apps/frappe/frappe/email/doctype/email_account/email_account.py", line 305, in get_incoming_server
    self.check_email_server_connection(email_server, in_receive)
  File "/home/johnatas/nexforce/apps/frappe/frappe/email/doctype/email_account/email_account.py", line 315, in check_email_server_connection
    email_server.connect()
  File "/home/johnatas/nexforce/apps/frappe/frappe/email/receive.py", line 74, in connect
    return self.connect_imap() if cint(self.settings.use_imap) else self.connect_pop()
  File "/home/johnatas/nexforce/apps/frappe/frappe/email/receive.py", line 144, in connect_pop
    frappe.log_error("POP: Unable to connect")
  File "/home/johnatas/nexforce/apps/frappe/frappe/utils/error.py", line 62, in log_error
    error_log = frappe.get_doc(
  File "/home/johnatas/nexforce/apps/frappe/frappe/__init__.py", line 1263, in get_doc
    return frappe.model.document.get_doc(*args, **kwargs)
  File "/home/johnatas/nexforce/apps/frappe/frappe/model/utils/__init__.py", line 214, in wrapper
    return func(*args, **kw)
  File "/home/johnatas/nexforce/apps/frappe/frappe/model/document.py", line 70, in get_doc
    return get_doc_from_dict(kwargs)
  File "/home/johnatas/nexforce/apps/frappe/frappe/model/document.py", line 104, in get_doc_from_dict
    controller = get_controller(data["doctype"])
  File "/home/johnatas/nexforce/apps/frappe/frappe/model/base_document.py", line 68, in get_controller
    return import_controller(doctype)
  File "/home/johnatas/nexforce/apps/frappe/frappe/model/base_document.py", line 83, in import_controller
    doctype_info = frappe.db.get_value("DocType", doctype, fieldname="*")
  File "/home/johnatas/nexforce/apps/frappe/frappe/database/database.py", line 530, in get_value
    result = self.get_values(
  File "/home/johnatas/nexforce/apps/frappe/frappe/database/database.py", line 646, in get_values
    out = query.run(as_dict=as_dict, debug=debug, update=update, run=run, pluck=pluck)
  File "/home/johnatas/nexforce/apps/frappe/frappe/query_builder/utils.py", line 84, in execute_query
    result = frappe.db.sql(query, params, *args, **kwargs)  # nosemgrep
  File "/home/johnatas/nexforce/apps/frappe/frappe/database/database.py", line 238, in sql
    self._cursor.execute(query, values)
  File "/home/johnatas/nexforce/env/lib/python3.10/site-packages/pymysql/cursors.py", line 153, in execute
    result = self._query(query)
  File "/home/johnatas/nexforce/env/lib/python3.10/site-packages/pymysql/cursors.py", line 322, in _query
    conn.query(q)
  File "/home/johnatas/nexforce/env/lib/python3.10/site-packages/pymysql/connections.py", line 563, in query
    self._affected_rows = self._read_query_result(unbuffered=unbuffered)
  File "/home/johnatas/nexforce/env/lib/python3.10/site-packages/pymysql/connections.py", line 825, in _read_query_result
    result.read()
  File "/home/johnatas/nexforce/env/lib/python3.10/site-packages/pymysql/connections.py", line 1199, in read
    first_packet = self.connection._read_packet()
  File "/home/johnatas/nexforce/env/lib/python3.10/site-packages/pymysql/connections.py", line 744, in _read_packet
    packet_header = self._read_bytes(4)
  File "/home/johnatas/nexforce/env/lib/python3.10/site-packages/pymysql/connections.py", line 798, in _read_bytes
    raise err.OperationalError(
pymysql.err.OperationalError: (2013, 'Lost connection to MySQL server during query')

During handling of the above exception, another exception occurred:

Traceback (most recent call last):
  File "/home/johnatas/nexforce/apps/frappe/frappe/utils/background_jobs.py", line 244, in execute_job
    retval = method(**kwargs)
  File "/home/johnatas/nexforce/apps/frappe/frappe/email/doctype/email_account/email_account.py", line 942, in pull_from_email_account
    email_account.receive()
  File "/home/johnatas/nexforce/apps/frappe/frappe/email/doctype/email_account/email_account.py", line 594, in receive
    inbound_mails = self.get_inbound_mails()
  File "/home/johnatas/nexforce/apps/frappe/frappe/email/doctype/email_account/email_account.py", line 673, in get_inbound_mails
    self.log_error(title=_("Error while connecting to email account {0}").format(self.name))
  File "/home/johnatas/nexforce/apps/frappe/frappe/model/document.py", line 1630, in log_error
    return frappe.log_error(
  File "/home/johnatas/nexforce/apps/frappe/frappe/utils/error.py", line 62, in log_error
    error_log = frappe.get_doc(
  File "/home/johnatas/nexforce/apps/frappe/frappe/__init__.py", line 1263, in get_doc
    return frappe.model.document.get_doc(*args, **kwargs)
  File "/home/johnatas/nexforce/apps/frappe/frappe/model/utils/__init__.py", line 214, in wrapper
    return func(*args, **kw)
  File "/home/johnatas/nexforce/apps/frappe/frappe/model/document.py", line 70, in get_doc
    return get_doc_from_dict(kwargs)
  File "/home/johnatas/nexforce/apps/frappe/frappe/model/document.py", line 104, in get_doc_from_dict
    controller = get_controller(data["doctype"])
  File "/home/johnatas/nexforce/apps/frappe/frappe/model/base_document.py", line 68, in get_controller
    return import_controller(doctype)
  File "/home/johnatas/nexforce/apps/frappe/frappe/model/base_document.py", line 83, in import_controller
    doctype_info = frappe.db.get_value("DocType", doctype, fieldname="*")
  File "/home/johnatas/nexforce/apps/frappe/frappe/database/database.py", line 530, in get_value
    result = self.get_values(
  File "/home/johnatas/nexforce/apps/frappe/frappe/database/database.py", line 646, in get_values
    out = query.run(as_dict=as_dict, debug=debug, update=update, run=run, pluck=pluck)
  File "/home/johnatas/nexforce/apps/frappe/frappe/query_builder/utils.py", line 84, in execute_query
    result = frappe.db.sql(query, params, *args, **kwargs)  # nosemgrep
  File "/home/johnatas/nexforce/apps/frappe/frappe/database/database.py", line 238, in sql
    self._cursor.execute(query, values)
  File "/home/johnatas/nexforce/env/lib/python3.10/site-packages/pymysql/cursors.py", line 153, in execute
    result = self._query(query)
  File "/home/johnatas/nexforce/env/lib/python3.10/site-packages/pymysql/cursors.py", line 322, in _query
    conn.query(q)
  File "/home/johnatas/nexforce/env/lib/python3.10/site-packages/pymysql/connections.py", line 562, in query
    self._execute_command(COMMAND.COM_QUERY, sql)
  File "/home/johnatas/nexforce/env/lib/python3.10/site-packages/pymysql/connections.py", line 843, in _execute_command
    raise err.InterfaceError(0, "")
pymysql.err.InterfaceError: (0, '')

During handling of the above exception, another exception occurred:

Traceback (most recent call last):
  File "/home/johnatas/nexforce/env/lib/python3.10/site-packages/rq/worker.py", line 1633, in perform_job
    return_value = job.perform()
  File "/home/johnatas/nexforce/env/lib/python3.10/site-packages/rq/job.py", line 1331, in perform
    self._result = self._execute()
  File "/home/johnatas/nexforce/env/lib/python3.10/site-packages/rq/job.py", line 1365, in _execute
    result = self.func(*self.args, **self.kwargs)
  File "/home/johnatas/nexforce/apps/frappe/frappe/utils/background_jobs.py", line 268, in execute_job
    frappe.db.rollback()
  File "/home/johnatas/nexforce/apps/frappe/frappe/database/database.py", line 1163, in rollback
    self.sql("rollback")
  File "/home/johnatas/nexforce/apps/frappe/frappe/database/database.py", line 238, in sql
    self._cursor.execute(query, values)
  File "/home/johnatas/nexforce/env/lib/python3.10/site-packages/pymysql/cursors.py", line 153, in execute
    result = self._query(query)
  File "/home/johnatas/nexforce/env/lib/python3.10/site-packages/pymysql/cursors.py", line 322, in _query
    conn.query(q)
  File "/home/johnatas/nexforce/env/lib/python3.10/site-packages/pymysql/connections.py", line 562, in query
    self._execute_command(COMMAND.COM_QUERY, sql)
  File "/home/johnatas/nexforce/env/lib/python3.10/site-packages/pymysql/connections.py", line 843, in _execute_command
    raise err.InterfaceError(0, "")
pymysql.err.InterfaceError: (0, '')

2025-02-13 20:02:23,002 [Job scheduling_system.localhost||scheduled_job||o9vi4vmpos]: exception raised while executing (frappe.utils.background_jobs.execute_job)
Traceback (most recent call last):
  File "/home/johnatas/nexforce/env/lib/python3.10/site-packages/pymysql/connections.py", line 649, in connect
    sock = socket.create_connection(
  File "/usr/lib/python3.10/socket.py", line 845, in create_connection
    raise err
  File "/usr/lib/python3.10/socket.py", line 833, in create_connection
    sock.connect(sa)
ConnectionRefusedError: [Errno 111] Connection refused

During handling of the above exception, another exception occurred:

Traceback (most recent call last):
  File "/home/johnatas/nexforce/env/lib/python3.10/site-packages/rq/worker.py", line 1633, in perform_job
    return_value = job.perform()
  File "/home/johnatas/nexforce/env/lib/python3.10/site-packages/rq/job.py", line 1331, in perform
    self._result = self._execute()
  File "/home/johnatas/nexforce/env/lib/python3.10/site-packages/rq/job.py", line 1365, in _execute
    result = self.func(*self.args, **self.kwargs)
  File "/home/johnatas/nexforce/apps/frappe/frappe/utils/background_jobs.py", line 276, in execute_job
    frappe.db.commit()
  File "/home/johnatas/nexforce/apps/frappe/frappe/database/database.py", line 1148, in commit
    self.sql("commit")
  File "/home/johnatas/nexforce/apps/frappe/frappe/database/database.py", line 215, in sql
    self.connect()
  File "/home/johnatas/nexforce/apps/frappe/frappe/database/database.py", line 120, in connect
    self._conn: MariadbConnection | PostgresConnection = self.get_connection()
  File "/home/johnatas/nexforce/apps/frappe/frappe/database/mariadb/database.py", line 107, in get_connection
    conn = self._get_connection()
  File "/home/johnatas/nexforce/apps/frappe/frappe/database/mariadb/database.py", line 113, in _get_connection
    return self.create_connection()
  File "/home/johnatas/nexforce/apps/frappe/frappe/database/mariadb/database.py", line 116, in create_connection
    return pymysql.connect(**self.get_connection_settings())
  File "/home/johnatas/nexforce/env/lib/python3.10/site-packages/pymysql/connections.py", line 361, in __init__
    self.connect()
  File "/home/johnatas/nexforce/env/lib/python3.10/site-packages/pymysql/connections.py", line 716, in connect
    raise exc
pymysql.err.OperationalError: (2003, "Can't connect to MySQL server on '127.0.0.1' ([Errno 111] Connection refused)")

2025-02-13 20:02:23,103 [Job scheduling_system.localhost||scheduled_job||o9vdfng9lr]: exception raised while executing (frappe.utils.background_jobs.execute_job)
Traceback (most recent call last):
  File "/home/johnatas/nexforce/env/lib/python3.10/site-packages/pymysql/connections.py", line 649, in connect
    sock = socket.create_connection(
  File "/usr/lib/python3.10/socket.py", line 845, in create_connection
    raise err
  File "/usr/lib/python3.10/socket.py", line 833, in create_connection
    sock.connect(sa)
ConnectionRefusedError: [Errno 111] Connection refused

During handling of the above exception, another exception occurred:

Traceback (most recent call last):
  File "/home/johnatas/nexforce/env/lib/python3.10/site-packages/rq/worker.py", line 1633, in perform_job
    return_value = job.perform()
  File "/home/johnatas/nexforce/env/lib/python3.10/site-packages/rq/job.py", line 1331, in perform
    self._result = self._execute()
  File "/home/johnatas/nexforce/env/lib/python3.10/site-packages/rq/job.py", line 1365, in _execute
    result = self.func(*self.args, **self.kwargs)
  File "/home/johnatas/nexforce/apps/frappe/frappe/utils/background_jobs.py", line 276, in execute_job
    frappe.db.commit()
  File "/home/johnatas/nexforce/apps/frappe/frappe/database/database.py", line 1148, in commit
    self.sql("commit")
  File "/home/johnatas/nexforce/apps/frappe/frappe/database/database.py", line 215, in sql
    self.connect()
  File "/home/johnatas/nexforce/apps/frappe/frappe/database/database.py", line 120, in connect
    self._conn: MariadbConnection | PostgresConnection = self.get_connection()
  File "/home/johnatas/nexforce/apps/frappe/frappe/database/mariadb/database.py", line 107, in get_connection
    conn = self._get_connection()
  File "/home/johnatas/nexforce/apps/frappe/frappe/database/mariadb/database.py", line 113, in _get_connection
    return self.create_connection()
  File "/home/johnatas/nexforce/apps/frappe/frappe/database/mariadb/database.py", line 116, in create_connection
    return pymysql.connect(**self.get_connection_settings())
  File "/home/johnatas/nexforce/env/lib/python3.10/site-packages/pymysql/connections.py", line 361, in __init__
    self.connect()
  File "/home/johnatas/nexforce/env/lib/python3.10/site-packages/pymysql/connections.py", line 716, in connect
    raise exc
pymysql.err.OperationalError: (2003, "Can't connect to MySQL server on '127.0.0.1' ([Errno 111] Connection refused)")

2025-02-13 20:02:23,213 [Job scheduling_system.localhost||scheduled_job||o9vbquq8ei]: exception raised while executing (frappe.utils.background_jobs.execute_job)
Traceback (most recent call last):
  File "/home/johnatas/nexforce/env/lib/python3.10/site-packages/pymysql/connections.py", line 649, in connect
    sock = socket.create_connection(
  File "/usr/lib/python3.10/socket.py", line 845, in create_connection
    raise err
  File "/usr/lib/python3.10/socket.py", line 833, in create_connection
    sock.connect(sa)
ConnectionRefusedError: [Errno 111] Connection refused

During handling of the above exception, another exception occurred:

Traceback (most recent call last):
  File "/home/johnatas/nexforce/env/lib/python3.10/site-packages/rq/worker.py", line 1633, in perform_job
    return_value = job.perform()
  File "/home/johnatas/nexforce/env/lib/python3.10/site-packages/rq/job.py", line 1331, in perform
    self._result = self._execute()
  File "/home/johnatas/nexforce/env/lib/python3.10/site-packages/rq/job.py", line 1365, in _execute
    result = self.func(*self.args, **self.kwargs)
  File "/home/johnatas/nexforce/apps/frappe/frappe/utils/background_jobs.py", line 276, in execute_job
    frappe.db.commit()
  File "/home/johnatas/nexforce/apps/frappe/frappe/database/database.py", line 1148, in commit
    self.sql("commit")
  File "/home/johnatas/nexforce/apps/frappe/frappe/database/database.py", line 215, in sql
    self.connect()
  File "/home/johnatas/nexforce/apps/frappe/frappe/database/database.py", line 120, in connect
    self._conn: MariadbConnection | PostgresConnection = self.get_connection()
  File "/home/johnatas/nexforce/apps/frappe/frappe/database/mariadb/database.py", line 107, in get_connection
    conn = self._get_connection()
  File "/home/johnatas/nexforce/apps/frappe/frappe/database/mariadb/database.py", line 113, in _get_connection
    return self.create_connection()
  File "/home/johnatas/nexforce/apps/frappe/frappe/database/mariadb/database.py", line 116, in create_connection
    return pymysql.connect(**self.get_connection_settings())
  File "/home/johnatas/nexforce/env/lib/python3.10/site-packages/pymysql/connections.py", line 361, in __init__
    self.connect()
  File "/home/johnatas/nexforce/env/lib/python3.10/site-packages/pymysql/connections.py", line 716, in connect
    raise exc
pymysql.err.OperationalError: (2003, "Can't connect to MySQL server on '127.0.0.1' ([Errno 111] Connection refused)")

2025-02-13 20:02:30,392 Could not connect to Redis instance: Connection closed by server. Retrying in 2 seconds...
/home/johnatas/nexforce/env/lib/python3.10/site-packages/pypdf/_crypt_providers/_cryptography.py:32: CryptographyDeprecationWarning: ARC4 has been moved to cryptography.hazmat.decrepit.ciphers.algorithms.ARC4 and will be removed from this module in 48.0.0.
  from cryptography.hazmat.primitives.ciphers.algorithms import AES, ARC4
/home/johnatas/nexforce/env/lib/python3.10/site-packages/pypdf/_crypt_providers/_cryptography.py:32: CryptographyDeprecationWarning: ARC4 has been moved to cryptography.hazmat.decrepit.ciphers.algorithms.ARC4 and will be removed from this module in 48.0.0.
  from cryptography.hazmat.primitives.ciphers.algorithms import AES, ARC4
/home/johnatas/nexforce/env/lib/python3.10/site-packages/pypdf/_crypt_providers/_cryptography.py:32: CryptographyDeprecationWarning: ARC4 has been moved to cryptography.hazmat.decrepit.ciphers.algorithms.ARC4 and will be removed from this module in 48.0.0.
  from cryptography.hazmat.primitives.ciphers.algorithms import AES, ARC4
/home/johnatas/nexforce/env/lib/python3.10/site-packages/pypdf/_crypt_providers/_cryptography.py:32: CryptographyDeprecationWarning: ARC4 has been moved to cryptography.hazmat.decrepit.ciphers.algorithms.ARC4 and will be removed from this module in 48.0.0.
  from cryptography.hazmat.primitives.ciphers.algorithms import AES, ARC4
/home/johnatas/nexforce/env/lib/python3.10/site-packages/pypdf/_crypt_providers/_cryptography.py:32: CryptographyDeprecationWarning: ARC4 has been moved to cryptography.hazmat.decrepit.ciphers.algorithms.ARC4 and will be removed from this module in 48.0.0.
  from cryptography.hazmat.primitives.ciphers.algorithms import AES, ARC4
/home/johnatas/nexforce/env/lib/python3.10/site-packages/pypdf/_crypt_providers/_cryptography.py:32: CryptographyDeprecationWarning: ARC4 has been moved to cryptography.hazmat.decrepit.ciphers.algorithms.ARC4 and will be removed from this module in 48.0.0.
  from cryptography.hazmat.primitives.ciphers.algorithms import AES, ARC4
/home/johnatas/nexforce/env/lib/python3.10/site-packages/pypdf/_crypt_providers/_cryptography.py:32: CryptographyDeprecationWarning: ARC4 has been moved to cryptography.hazmat.decrepit.ciphers.algorithms.ARC4 and will be removed from this module in 48.0.0.
  from cryptography.hazmat.primitives.ciphers.algorithms import AES, ARC4
2025-02-13 20:33:30,903 Worker rq:worker:cf22a6491cac4c94a117a81776fb59e8: found an unhandled exception, quitting...
Traceback (most recent call last):
  File "/home/johnatas/nexforce/env/lib/python3.10/site-packages/redis/connection.py", line 592, in read_response
    response = self._parser.read_response(disable_decoding=disable_decoding)
  File "/home/johnatas/nexforce/env/lib/python3.10/site-packages/redis/_parsers/hiredis.py", line 128, in read_response
    self.read_from_socket()
  File "/home/johnatas/nexforce/env/lib/python3.10/site-packages/redis/_parsers/hiredis.py", line 88, in read_from_socket
    bufflen = self._sock.recv_into(self._buffer)
ConnectionResetError: [Errno 104] Connection reset by peer

During handling of the above exception, another exception occurred:

Traceback (most recent call last):
  File "/home/johnatas/nexforce/env/lib/python3.10/site-packages/rq/worker.py", line 621, in work
    self.execute_job(job, queue)
  File "/home/johnatas/nexforce/env/lib/python3.10/site-packages/rq/worker.py", line 1409, in execute_job
    self.monitor_work_horse(job, queue)
  File "/home/johnatas/nexforce/env/lib/python3.10/site-packages/rq/worker.py", line 1346, in monitor_work_horse
    retpid, ret_val, rusage = self.wait_for_horse()
  File "/home/johnatas/nexforce/env/lib/python3.10/site-packages/rq/worker.py", line 1268, in wait_for_horse
    pid, stat, rusage = os.wait4(self.horse_pid, 0)
  File "/home/johnatas/nexforce/env/lib/python3.10/site-packages/rq/worker.py", line 528, in request_stop
    self._shutdown()
  File "/home/johnatas/nexforce/env/lib/python3.10/site-packages/rq/worker.py", line 537, in _shutdown
    self.set_shutdown_requested_date()
  File "/home/johnatas/nexforce/env/lib/python3.10/site-packages/rq/worker.py", line 961, in set_shutdown_requested_date
    self.connection.hset(self.key, 'shutdown_requested_date', utcformat(self._shutdown_requested_date))
  File "/home/johnatas/nexforce/env/lib/python3.10/site-packages/redis/commands/core.py", line 5045, in hset
    return self.execute_command("HSET", name, *pieces)
  File "/home/johnatas/nexforce/env/lib/python3.10/site-packages/redis/client.py", line 559, in execute_command
    return self._execute_command(*args, **options)
  File "/home/johnatas/nexforce/env/lib/python3.10/site-packages/redis/client.py", line 567, in _execute_command
    return conn.retry.call_with_retry(
  File "/home/johnatas/nexforce/env/lib/python3.10/site-packages/redis/retry.py", line 65, in call_with_retry
    fail(error)
  File "/home/johnatas/nexforce/env/lib/python3.10/site-packages/redis/client.py", line 571, in <lambda>
    lambda error: self._disconnect_raise(conn, error),
  File "/home/johnatas/nexforce/env/lib/python3.10/site-packages/redis/client.py", line 555, in _disconnect_raise
    raise error
  File "/home/johnatas/nexforce/env/lib/python3.10/site-packages/redis/retry.py", line 62, in call_with_retry
    return do()
  File "/home/johnatas/nexforce/env/lib/python3.10/site-packages/redis/client.py", line 568, in <lambda>
    lambda: self._send_command_parse_response(
  File "/home/johnatas/nexforce/env/lib/python3.10/site-packages/redis/client.py", line 542, in _send_command_parse_response
    return self.parse_response(conn, command_name, **options)
  File "/home/johnatas/nexforce/env/lib/python3.10/site-packages/redis/client.py", line 584, in parse_response
    response = connection.read_response()
  File "/home/johnatas/nexforce/env/lib/python3.10/site-packages/redis/connection.py", line 600, in read_response
    raise ConnectionError(
redis.exceptions.ConnectionError: Error while reading from 127.0.0.1:11000 : (104, 'Connection reset by peer')
2025-02-13 20:33:30,904 Could not connect to Redis instance: Connection closed by server. Retrying in 2 seconds...
StartedJobRegistry cleanup: Moving job scheduling_system.localhost||3430a570-f48d-4b68-a141-c8d5f4e6961f to FailedJobRegistry (due to AbandonedJobError)
/home/johnatas/nexforce/env/lib/python3.10/site-packages/pypdf/_crypt_providers/_cryptography.py:32: CryptographyDeprecationWarning: ARC4 has been moved to cryptography.hazmat.decrepit.ciphers.algorithms.ARC4 and will be removed from this module in 48.0.0.
  from cryptography.hazmat.primitives.ciphers.algorithms import AES, ARC4
/home/johnatas/nexforce/env/lib/python3.10/site-packages/pypdf/_crypt_providers/_cryptography.py:32: CryptographyDeprecationWarning: ARC4 has been moved to cryptography.hazmat.decrepit.ciphers.algorithms.ARC4 and will be removed from this module in 48.0.0.
  from cryptography.hazmat.primitives.ciphers.algorithms import AES, ARC4
/home/johnatas/nexforce/env/lib/python3.10/site-packages/pypdf/_crypt_providers/_cryptography.py:32: CryptographyDeprecationWarning: ARC4 has been moved to cryptography.hazmat.decrepit.ciphers.algorithms.ARC4 and will be removed from this module in 48.0.0.
  from cryptography.hazmat.primitives.ciphers.algorithms import AES, ARC4
/home/johnatas/nexforce/env/lib/python3.10/site-packages/pypdf/_crypt_providers/_cryptography.py:32: CryptographyDeprecationWarning: ARC4 has been moved to cryptography.hazmat.decrepit.ciphers.algorithms.ARC4 and will be removed from this module in 48.0.0.
  from cryptography.hazmat.primitives.ciphers.algorithms import AES, ARC4
/home/johnatas/nexforce/env/lib/python3.10/site-packages/pypdf/_crypt_providers/_cryptography.py:32: CryptographyDeprecationWarning: ARC4 has been moved to cryptography.hazmat.decrepit.ciphers.algorithms.ARC4 and will be removed from this module in 48.0.0.
  from cryptography.hazmat.primitives.ciphers.algorithms import AES, ARC4
/home/johnatas/nexforce/env/lib/python3.10/site-packages/pypdf/_crypt_providers/_cryptography.py:32: CryptographyDeprecationWarning: ARC4 has been moved to cryptography.hazmat.decrepit.ciphers.algorithms.ARC4 and will be removed from this module in 48.0.0.
  from cryptography.hazmat.primitives.ciphers.algorithms import AES, ARC4
/home/johnatas/nexforce/env/lib/python3.10/site-packages/pypdf/_crypt_providers/_cryptography.py:32: CryptographyDeprecationWarning: ARC4 has been moved to cryptography.hazmat.decrepit.ciphers.algorithms.ARC4 and will be removed from this module in 48.0.0.
  from cryptography.hazmat.primitives.ciphers.algorithms import AES, ARC4
/home/johnatas/nexforce/env/lib/python3.10/site-packages/pypdf/_crypt_providers/_cryptography.py:32: CryptographyDeprecationWarning: ARC4 has been moved to cryptography.hazmat.decrepit.ciphers.algorithms.ARC4 and will be removed from this module in 48.0.0.
  from cryptography.hazmat.primitives.ciphers.algorithms import AES, ARC4
/home/johnatas/nexforce/env/lib/python3.10/site-packages/pypdf/_crypt_providers/_cryptography.py:32: CryptographyDeprecationWarning: ARC4 has been moved to cryptography.hazmat.decrepit.ciphers.algorithms.ARC4 and will be removed from this module in 48.0.0.
  from cryptography.hazmat.primitives.ciphers.algorithms import AES, ARC4
/home/johnatas/nexforce/env/lib/python3.10/site-packages/pypdf/_crypt_providers/_cryptography.py:32: CryptographyDeprecationWarning: ARC4 has been moved to cryptography.hazmat.decrepit.ciphers.algorithms.ARC4 and will be removed from this module in 48.0.0.
  from cryptography.hazmat.primitives.ciphers.algorithms import AES, ARC4
/home/johnatas/nexforce/env/lib/python3.10/site-packages/pypdf/_crypt_providers/_cryptography.py:32: CryptographyDeprecationWarning: ARC4 has been moved to cryptography.hazmat.decrepit.ciphers.algorithms.ARC4 and will be removed from this module in 48.0.0.
  from cryptography.hazmat.primitives.ciphers.algorithms import AES, ARC4
/home/johnatas/nexforce/env/lib/python3.10/site-packages/pypdf/_crypt_providers/_cryptography.py:32: CryptographyDeprecationWarning: ARC4 has been moved to cryptography.hazmat.decrepit.ciphers.algorithms.ARC4 and will be removed from this module in 48.0.0.
  from cryptography.hazmat.primitives.ciphers.algorithms import AES, ARC4
